[ 2016-06-06T18:30:34+08:00 ] 127.0.0.1 /sast/
INFO: [ app_init ] --START--
INFO: Run Behavior\BuildLiteBehavior [ RunTime:0.000474s ]
INFO: [ app_init ] --END-- [ RunTime:0.001504s ]
INFO: [ app_begin ] --START--
INFO: Run Behavior\ReadHtmlCacheBehavior [ RunTime:0.001152s ]
INFO: [ app_begin ] --END-- [ RunTime:0.001329s ]
ERR: 无法加载控制器:Sast

[ 2016-06-06T18:30:34+08:00 ] 127.0.0.1 /favicon.ico
INFO: [ app_init ] --START--
INFO: Run Behavior\BuildLiteBehavior [ RunTime:0.000022s ]
INFO: [ app_init ] --END-- [ RunTime:0.000128s ]

[ 2016-06-06T18:30:35+08:00 ] 127.0.0.1 /sast
INFO: [ app_init ] --START--
INFO: Run Behavior\BuildLiteBehavior [ RunTime:0.000023s ]
INFO: [ app_init ] --END-- [ RunTime:0.000126s ]
INFO: [ app_begin ] --START--
INFO: Run Behavior\ReadHtmlCacheBehavior [ RunTime:0.000451s ]
INFO: [ app_begin ] --END-- [ RunTime:0.000550s ]
ERR: 无法加载控制器:Sast

[ 2016-06-06T18:30:36+08:00 ] 127.0.0.1 /
INFO: [ app_init ] --START--
INFO: Run Behavior\BuildLiteBehavior [ RunTime:0.000023s ]
INFO: [ app_init ] --END-- [ RunTime:0.000130s ]
INFO: [ app_begin ] --START--
INFO: Run Behavior\ReadHtmlCacheBehavior [ RunTime:0.000450s ]
INFO: [ app_begin ] --END-- [ RunTime:0.000550s ]
NOTIC: [2] Missing argument 1 for Think\Model::where(), called in /Applications/MAMP/htdocs/sast/Application/Index/Controller/IndexController.class.php on line 11 and defined /Applications/MAMP/htdocs/sast/ThinkPHP/Library/Think/Model.class.php 第 1797 行.
NOTIC: [8] Undefined variable: where /Applications/MAMP/htdocs/sast/ThinkPHP/Library/Think/Model.class.php 第 1805 行.
NOTIC: [8] Undefined variable: where /Applications/MAMP/htdocs/sast/ThinkPHP/Library/Think/Model.class.php 第 1808 行.
NOTIC: [8] Undefined variable: where /Applications/MAMP/htdocs/sast/ThinkPHP/Library/Think/Model.class.php 第 1816 行.
SQL: SELECT `title`,`text` FROM `sast_news`  [ RunTime:0.0035s ]
INFO: [ view_parse ] --START--
INFO: [ template_filter ] --START--
INFO: Run Behavior\ContentReplaceBehavior [ RunTime:0.000175s ]
INFO: [ template_filter ] --END-- [ RunTime:0.000411s ]
NOTIC: [8] Undefined index: userinfo /Applications/MAMP/htdocs/sast/Application/Runtime/Cache/Index/5f343310d4a83e1c2f6d4e5a6181e90a.php 第 24 行.
NOTIC: [8] Use of undefined constant Math - assumed 'Math' /Applications/MAMP/htdocs/sast/Application/Runtime/Cache/Index/5f343310d4a83e1c2f6d4e5a6181e90a.php 第 80 行.
NOTIC: [8] Array to string conversion /Applications/MAMP/htdocs/sast/Application/Runtime/Cache/Index/5f343310d4a83e1c2f6d4e5a6181e90a.php 第 80 行.
NOTIC: [8] Use of undefined constant Math - assumed 'Math' /Applications/MAMP/htdocs/sast/Application/Runtime/Cache/Index/5f343310d4a83e1c2f6d4e5a6181e90a.php 第 110 行.
NOTIC: [8] Array to string conversion /Applications/MAMP/htdocs/sast/Application/Runtime/Cache/Index/5f343310d4a83e1c2f6d4e5a6181e90a.php 第 110 行.
INFO: Run Behavior\ParseTemplateBehavior [ RunTime:0.042273s ]
INFO: [ view_parse ] --END-- [ RunTime:0.042399s ]
INFO: [ view_filter ] --START--
INFO: Run Behavior\WriteHtmlCacheBehavior [ RunTime:0.000606s ]
INFO: [ view_filter ] --END-- [ RunTime:0.000739s ]
INFO: [ app_end ] --START--
INFO: Run Behavior\ShowPageTraceBehavior [ RunTime:0.001283s ]
INFO: [ app_end ] --END-- [ RunTime:0.001437s ]

[ 2016-06-06T18:30:36+08:00 ] 127.0.0.1 /Index/Login/getverify.html
INFO: [ app_init ] --START--
INFO: Run Behavior\BuildLiteBehavior [ RunTime:0.000046s ]
INFO: [ app_init ] --END-- [ RunTime:0.000292s ]
INFO: [ app_begin ] --START--
INFO: Run Behavior\ReadHtmlCacheBehavior [ RunTime:0.000586s ]
INFO: [ app_begin ] --END-- [ RunTime:0.000724s ]
NOTIC: [8] Use of undefined constant ture - assumed 'ture' /Applications/MAMP/htdocs/sast/Application/Common/Common/function.php 第 28 行.
INFO: [ app_end ] --START--
INFO: Run Behavior\ShowPageTraceBehavior [ RunTime:0.001121s ]
INFO: [ app_end ] --END-- [ RunTime:0.001364s ]

[ 2016-06-06T18:31:11+08:00 ] 127.0.0.1 /Index/Search/index.html
INFO: [ app_init ] --START--
INFO: Run Behavior\BuildLiteBehavior [ RunTime:0.000036s ]
INFO: [ app_init ] --END-- [ RunTime:0.000214s ]
INFO: [ app_begin ] --START--
INFO: Run Behavior\ReadHtmlCacheBehavior [ RunTime:0.000594s ]
INFO: [ app_begin ] --END-- [ RunTime:0.000722s ]
INFO: [ view_parse ] --START--
INFO: [ template_filter ] --START--
INFO: Run Behavior\ContentReplaceBehavior [ RunTime:0.000100s ]
INFO: [ template_filter ] --END-- [ RunTime:0.000221s ]
NOTIC: [8] Undefined index: userinfo /Applications/MAMP/htdocs/sast/Application/Runtime/Cache/Index/a4bbf827e05883590a75f7eeaad104ff.php 第 22 行.
NOTIC: [8] Use of undefined constant Math - assumed 'Math' /Applications/MAMP/htdocs/sast/Application/Runtime/Cache/Index/a4bbf827e05883590a75f7eeaad104ff.php 第 78 行.
NOTIC: [8] Array to string conversion /Applications/MAMP/htdocs/sast/Application/Runtime/Cache/Index/a4bbf827e05883590a75f7eeaad104ff.php 第 78 行.
NOTIC: [8] Use of undefined constant Math - assumed 'Math' /Applications/MAMP/htdocs/sast/Application/Runtime/Cache/Index/a4bbf827e05883590a75f7eeaad104ff.php 第 108 行.
NOTIC: [8] Array to string conversion /Applications/MAMP/htdocs/sast/Application/Runtime/Cache/Index/a4bbf827e05883590a75f7eeaad104ff.php 第 108 行.
INFO: Run Behavior\ParseTemplateBehavior [ RunTime:0.016315s ]
INFO: [ view_parse ] --END-- [ RunTime:0.016473s ]
INFO: [ view_filter ] --START--
INFO: Run Behavior\WriteHtmlCacheBehavior [ RunTime:0.000173s ]
INFO: [ view_filter ] --END-- [ RunTime:0.000265s ]
INFO: [ app_end ] --START--
INFO: Run Behavior\ShowPageTraceBehavior [ RunTime:0.000753s ]
INFO: [ app_end ] --END-- [ RunTime:0.000917s ]

[ 2016-06-06T18:31:11+08:00 ] 127.0.0.1 /Index/Login/getverify.html
INFO: [ app_init ] --START--
INFO: Run Behavior\BuildLiteBehavior [ RunTime:0.000032s ]
INFO: [ app_init ] --END-- [ RunTime:0.000196s ]
INFO: [ app_begin ] --START--
INFO: Run Behavior\ReadHtmlCacheBehavior [ RunTime:0.000721s ]
INFO: [ app_begin ] --END-- [ RunTime:0.000887s ]
NOTIC: [8] Use of undefined constant ture - assumed 'ture' /Applications/MAMP/htdocs/sast/Application/Common/Common/function.php 第 28 行.
INFO: [ app_end ] --START--
INFO: Run Behavior\ShowPageTraceBehavior [ RunTime:0.000790s ]
INFO: [ app_end ] --END-- [ RunTime:0.000966s ]

[ 2016-06-06T18:31:12+08:00 ] 127.0.0.1 /Index/Search/search
INFO: [ app_init ] --START--
INFO: Run Behavior\BuildLiteBehavior [ RunTime:0.000028s ]
INFO: [ app_init ] --END-- [ RunTime:0.000155s ]
INFO: [ app_begin ] --START--
INFO: Run Behavior\ReadHtmlCacheBehavior [ RunTime:0.000716s ]
INFO: [ app_begin ] --END-- [ RunTime:0.000873s ]
NOTIC: [8] Undefined index: page /Applications/MAMP/htdocs/sast/Application/Index/Controller/SearchController.class.php 第 10 行.
NOTIC: [8] Undefined index: field /Applications/MAMP/htdocs/sast/Application/Index/Controller/SearchController.class.php 第 11 行.
NOTIC: [8] Undefined variable: map /Applications/MAMP/htdocs/sast/Application/Index/Controller/SearchController.class.php 第 20 行.
SQL: SELECT * FROM `sast_work` ORDER BY work_id desc LIMIT 0,7   [ RunTime:0.0025s ]
NOTIC: [8] Undefined variable: map /Applications/MAMP/htdocs/sast/Application/Index/Controller/SearchController.class.php 第 21 行.
SQL: SELECT COUNT(*) AS tp_count FROM `sast_work` LIMIT 1   [ RunTime:0.0029s ]

[ 2016-06-06T18:38:31+08:00 ] 127.0.0.1 /Index/Search/index.html
INFO: [ app_init ] --START--
INFO: Run Behavior\BuildLiteBehavior [ RunTime:0.000023s ]
INFO: [ app_init ] --END-- [ RunTime:0.000129s ]
INFO: [ app_begin ] --START--
INFO: Run Behavior\ReadHtmlCacheBehavior [ RunTime:0.000445s ]
INFO: [ app_begin ] --END-- [ RunTime:0.000547s ]
INFO: [ view_parse ] --START--
INFO: [ template_filter ] --START--
INFO: Run Behavior\ContentReplaceBehavior [ RunTime:0.000106s ]
INFO: [ template_filter ] --END-- [ RunTime:0.000248s ]
NOTIC: [8] Undefined index: userinfo /Applications/MAMP/htdocs/sast/Application/Runtime/Cache/Index/a4bbf827e05883590a75f7eeaad104ff.php 第 22 行.
NOTIC: [8] Use of undefined constant Math - assumed 'Math' /Applications/MAMP/htdocs/sast/Application/Runtime/Cache/Index/a4bbf827e05883590a75f7eeaad104ff.php 第 78 行.
NOTIC: [8] Array to string conversion /Applications/MAMP/htdocs/sast/Application/Runtime/Cache/Index/a4bbf827e05883590a75f7eeaad104ff.php 第 78 行.
NOTIC: [8] Use of undefined constant Math - assumed 'Math' /Applications/MAMP/htdocs/sast/Application/Runtime/Cache/Index/a4bbf827e05883590a75f7eeaad104ff.php 第 108 行.
NOTIC: [8] Array to string conversion /Applications/MAMP/htdocs/sast/Application/Runtime/Cache/Index/a4bbf827e05883590a75f7eeaad104ff.php 第 108 行.
INFO: Run Behavior\ParseTemplateBehavior [ RunTime:0.013362s ]
INFO: [ view_parse ] --END-- [ RunTime:0.013470s ]
INFO: [ view_filter ] --START--
INFO: Run Behavior\WriteHtmlCacheBehavior [ RunTime:0.000185s ]
INFO: [ view_filter ] --END-- [ RunTime:0.000276s ]
INFO: [ app_end ] --START--
INFO: Run Behavior\ShowPageTraceBehavior [ RunTime:0.000869s ]
INFO: [ app_end ] --END-- [ RunTime:0.001035s ]

[ 2016-06-06T18:38:31+08:00 ] 127.0.0.1 /Index/Login/getverify.html
INFO: [ app_init ] --START--
INFO: Run Behavior\BuildLiteBehavior [ RunTime:0.000045s ]
INFO: [ app_init ] --END-- [ RunTime:0.000276s ]
INFO: [ app_begin ] --START--
INFO: Run Behavior\ReadHtmlCacheBehavior [ RunTime:0.000741s ]
INFO: [ app_begin ] --END-- [ RunTime:0.000916s ]
NOTIC: [8] Use of undefined constant ture - assumed 'ture' /Applications/MAMP/htdocs/sast/Application/Common/Common/function.php 第 28 行.
INFO: [ app_end ] --START--
INFO: Run Behavior\ShowPageTraceBehavior [ RunTime:0.001122s ]
INFO: [ app_end ] --END-- [ RunTime:0.001355s ]

[ 2016-06-06T18:38:31+08:00 ] 127.0.0.1 /Index/Search/search
INFO: [ app_init ] --START--
INFO: Run Behavior\BuildLiteBehavior [ RunTime:0.000051s ]
INFO: [ app_init ] --END-- [ RunTime:0.000364s ]
INFO: [ app_begin ] --START--
INFO: Run Behavior\ReadHtmlCacheBehavior [ RunTime:0.000859s ]
INFO: [ app_begin ] --END-- [ RunTime:0.001072s ]
NOTIC: [8] Undefined index: field /Applications/MAMP/htdocs/sast/Application/Index/Controller/SearchController.class.php 第 11 行.
NOTIC: [8] Undefined variable: map /Applications/MAMP/htdocs/sast/Application/Index/Controller/SearchController.class.php 第 20 行.
SQL: SELECT * FROM `sast_work` ORDER BY work_id desc LIMIT 0,7   [ RunTime:0.0005s ]
NOTIC: [8] Undefined variable: map /Applications/MAMP/htdocs/sast/Application/Index/Controller/SearchController.class.php 第 21 行.
SQL: SELECT COUNT(*) AS tp_count FROM `sast_work` LIMIT 1   [ RunTime:0.0002s ]

[ 2016-06-06T18:38:38+08:00 ] 127.0.0.1 /Public/css/bootstrap.css.map
INFO: [ app_init ] --START--
INFO: Run Behavior\BuildLiteBehavior [ RunTime:0.000025s ]
INFO: [ app_init ] --END-- [ RunTime:0.000152s ]
INFO: [ app_begin ] --START--
INFO: Run Behavior\ReadHtmlCacheBehavior [ RunTime:0.000525s ]
INFO: [ app_begin ] --END-- [ RunTime:0.000641s ]
ERR: 无法加载控制器:Public

[ 2016-06-06T18:48:28+08:00 ] 127.0.0.1 /Index/Search/index.html
INFO: [ app_init ] --START--
INFO: Run Behavior\BuildLiteBehavior [ RunTime:0.000031s ]
INFO: [ app_init ] --END-- [ RunTime:0.000190s ]
INFO: [ app_begin ] --START--
INFO: Run Behavior\ReadHtmlCacheBehavior [ RunTime:0.000520s ]
INFO: [ app_begin ] --END-- [ RunTime:0.000631s ]
INFO: [ view_parse ] --START--
INFO: [ template_filter ] --START--
INFO: Run Behavior\ContentReplaceBehavior [ RunTime:0.000110s ]
INFO: [ template_filter ] --END-- [ RunTime:0.000251s ]
NOTIC: [8] Undefined index: userinfo /Applications/MAMP/htdocs/sast/Application/Runtime/Cache/Index/a4bbf827e05883590a75f7eeaad104ff.php 第 22 行.
NOTIC: [8] Use of undefined constant Math - assumed 'Math' /Applications/MAMP/htdocs/sast/Application/Runtime/Cache/Index/a4bbf827e05883590a75f7eeaad104ff.php 第 78 行.
NOTIC: [8] Array to string conversion /Applications/MAMP/htdocs/sast/Application/Runtime/Cache/Index/a4bbf827e05883590a75f7eeaad104ff.php 第 78 行.
NOTIC: [8] Use of undefined constant Math - assumed 'Math' /Applications/MAMP/htdocs/sast/Application/Runtime/Cache/Index/a4bbf827e05883590a75f7eeaad104ff.php 第 108 行.
NOTIC: [8] Array to string conversion /Applications/MAMP/htdocs/sast/Application/Runtime/Cache/Index/a4bbf827e05883590a75f7eeaad104ff.php 第 108 行.
INFO: Run Behavior\ParseTemplateBehavior [ RunTime:0.014844s ]
INFO: [ view_parse ] --END-- [ RunTime:0.014966s ]
INFO: [ view_filter ] --START--
INFO: Run Behavior\WriteHtmlCacheBehavior [ RunTime:0.000207s ]
INFO: [ view_filter ] --END-- [ RunTime:0.000313s ]
INFO: [ app_end ] --START--
INFO: Run Behavior\ShowPageTraceBehavior [ RunTime:0.000811s ]
INFO: [ app_end ] --END-- [ RunTime:0.000940s ]

[ 2016-06-06T18:48:28+08:00 ] 127.0.0.1 /Index/Login/getverify.html
INFO: [ app_init ] --START--
INFO: Run Behavior\BuildLiteBehavior [ RunTime:0.000047s ]
INFO: [ app_init ] --END-- [ RunTime:0.000309s ]
INFO: [ app_begin ] --START--
INFO: Run Behavior\ReadHtmlCacheBehavior [ RunTime:0.000920s ]
INFO: [ app_begin ] --END-- [ RunTime:0.001138s ]
NOTIC: [8] Use of undefined constant ture - assumed 'ture' /Applications/MAMP/htdocs/sast/Application/Common/Common/function.php 第 28 行.
INFO: [ app_end ] --START--
INFO: Run Behavior\ShowPageTraceBehavior [ RunTime:0.000591s ]
INFO: [ app_end ] --END-- [ RunTime:0.000728s ]

[ 2016-06-06T18:48:28+08:00 ] 127.0.0.1 /Public/css/bootstrap.css.map
INFO: [ app_init ] --START--
INFO: Run Behavior\BuildLiteBehavior [ RunTime:0.000040s ]
INFO: [ app_init ] --END-- [ RunTime:0.000220s ]
INFO: [ app_begin ] --START--
INFO: Run Behavior\ReadHtmlCacheBehavior [ RunTime:0.000822s ]
INFO: [ app_begin ] --END-- [ RunTime:0.001023s ]
ERR: 无法加载控制器:Public

[ 2016-06-06T18:48:47+08:00 ] 127.0.0.1 /Index/Search/index.html
INFO: [ app_init ] --START--
INFO: Run Behavior\BuildLiteBehavior [ RunTime:0.000026s ]
INFO: [ app_init ] --END-- [ RunTime:0.000236s ]
INFO: [ app_begin ] --START--
INFO: Run Behavior\ReadHtmlCacheBehavior [ RunTime:0.000495s ]
INFO: [ app_begin ] --END-- [ RunTime:0.000610s ]
INFO: [ view_parse ] --START--
INFO: [ template_filter ] --START--
INFO: Run Behavior\ContentReplaceBehavior [ RunTime:0.000095s ]
INFO: [ template_filter ] --END-- [ RunTime:0.000202s ]
NOTIC: [8] Undefined index: userinfo /Applications/MAMP/htdocs/sast/Application/Runtime/Cache/Index/a4bbf827e05883590a75f7eeaad104ff.php 第 22 行.
NOTIC: [8] Use of undefined constant Math - assumed 'Math' /Applications/MAMP/htdocs/sast/Application/Runtime/Cache/Index/a4bbf827e05883590a75f7eeaad104ff.php 第 78 行.
NOTIC: [8] Array to string conversion /Applications/MAMP/htdocs/sast/Application/Runtime/Cache/Index/a4bbf827e05883590a75f7eeaad104ff.php 第 78 行.
NOTIC: [8] Use of undefined constant Math - assumed 'Math' /Applications/MAMP/htdocs/sast/Application/Runtime/Cache/Index/a4bbf827e05883590a75f7eeaad104ff.php 第 108 行.
NOTIC: [8] Array to string conversion /Applications/MAMP/htdocs/sast/Application/Runtime/Cache/Index/a4bbf827e05883590a75f7eeaad104ff.php 第 108 行.
INFO: Run Behavior\ParseTemplateBehavior [ RunTime:0.012439s ]
INFO: [ view_parse ] --END-- [ RunTime:0.012544s ]
INFO: [ view_filter ] --START--
INFO: Run Behavior\WriteHtmlCacheBehavior [ RunTime:0.000160s ]
INFO: [ view_filter ] --END-- [ RunTime:0.000251s ]
INFO: [ app_end ] --START--
INFO: Run Behavior\ShowPageTraceBehavior [ RunTime:0.000801s ]
INFO: [ app_end ] --END-- [ RunTime:0.000951s ]

[ 2016-06-06T18:48:47+08:00 ] 127.0.0.1 /Index/Login/getverify.html
INFO: [ app_init ] --START--
INFO: Run Behavior\BuildLiteBehavior [ RunTime:0.000046s ]
INFO: [ app_init ] --END-- [ RunTime:0.000317s ]
INFO: [ app_begin ] --START--
INFO: Run Behavior\ReadHtmlCacheBehavior [ RunTime:0.000787s ]
INFO: [ app_begin ] --END-- [ RunTime:0.000977s ]
NOTIC: [8] Use of undefined constant ture - assumed 'ture' /Applications/MAMP/htdocs/sast/Application/Common/Common/function.php 第 28 行.
INFO: [ app_end ] --START--
INFO: Run Behavior\ShowPageTraceBehavior [ RunTime:0.000903s ]
INFO: [ app_end ] --END-- [ RunTime:0.001071s ]

[ 2016-06-06T18:48:47+08:00 ] 127.0.0.1 /Public/css/bootstrap.css.map
INFO: [ app_init ] --START--
INFO: Run Behavior\BuildLiteBehavior [ RunTime:0.000039s ]
INFO: [ app_init ] --END-- [ RunTime:0.000222s ]
INFO: [ app_begin ] --START--
INFO: Run Behavior\ReadHtmlCacheBehavior [ RunTime:0.001430s ]
INFO: [ app_begin ] --END-- [ RunTime:0.001635s ]
ERR: 无法加载控制器:Public

[ 2016-06-06T18:48:48+08:00 ] 127.0.0.1 /Index/Search/index.html
INFO: [ app_init ] --START--
INFO: Run Behavior\BuildLiteBehavior [ RunTime:0.000026s ]
INFO: [ app_init ] --END-- [ RunTime:0.000152s ]
INFO: [ app_begin ] --START--
INFO: Run Behavior\ReadHtmlCacheBehavior [ RunTime:0.000516s ]
INFO: [ app_begin ] --END-- [ RunTime:0.000626s ]
INFO: [ view_parse ] --START--
INFO: [ template_filter ] --START--
INFO: Run Behavior\ContentReplaceBehavior [ RunTime:0.000131s ]
INFO: [ template_filter ] --END-- [ RunTime:0.000273s ]
NOTIC: [8] Undefined index: userinfo /Applications/MAMP/htdocs/sast/Application/Runtime/Cache/Index/a4bbf827e05883590a75f7eeaad104ff.php 第 22 行.
NOTIC: [8] Use of undefined constant Math - assumed 'Math' /Applications/MAMP/htdocs/sast/Application/Runtime/Cache/Index/a4bbf827e05883590a75f7eeaad104ff.php 第 78 行.
NOTIC: [8] Array to string conversion /Applications/MAMP/htdocs/sast/Application/Runtime/Cache/Index/a4bbf827e05883590a75f7eeaad104ff.php 第 78 行.
NOTIC: [8] Use of undefined constant Math - assumed 'Math' /Applications/MAMP/htdocs/sast/Application/Runtime/Cache/Index/a4bbf827e05883590a75f7eeaad104ff.php 第 108 行.
NOTIC: [8] Array to string conversion /Applications/MAMP/htdocs/sast/Application/Runtime/Cache/Index/a4bbf827e05883590a75f7eeaad104ff.php 第 108 行.
INFO: Run Behavior\ParseTemplateBehavior [ RunTime:0.013647s ]
INFO: [ view_parse ] --END-- [ RunTime:0.013837s ]
INFO: [ view_filter ] --START--
INFO: Run Behavior\WriteHtmlCacheBehavior [ RunTime:0.000245s ]
INFO: [ view_filter ] --END-- [ RunTime:0.000365s ]
INFO: [ app_end ] --START--
INFO: Run Behavior\ShowPageTraceBehavior [ RunTime:0.000748s ]
INFO: [ app_end ] --END-- [ RunTime:0.000910s ]

[ 2016-06-06T18:48:48+08:00 ] 127.0.0.1 /Index/Login/getverify.html
INFO: [ app_init ] --START--
INFO: Run Behavior\BuildLiteBehavior [ RunTime:0.000034s ]
INFO: [ app_init ] --END-- [ RunTime:0.000210s ]
INFO: [ app_begin ] --START--
INFO: Run Behavior\ReadHtmlCacheBehavior [ RunTime:0.000565s ]
INFO: [ app_begin ] --END-- [ RunTime:0.000682s ]
NOTIC: [8] Use of undefined constant ture - assumed 'ture' /Applications/MAMP/htdocs/sast/Application/Common/Common/function.php 第 28 行.
INFO: [ app_end ] --START--
INFO: Run Behavior\ShowPageTraceBehavior [ RunTime:0.000942s ]
INFO: [ app_end ] --END-- [ RunTime:0.001211s ]

[ 2016-06-06T18:48:48+08:00 ] 127.0.0.1 /Public/css/bootstrap.css.map
INFO: [ app_init ] --START--
INFO: Run Behavior\BuildLiteBehavior [ RunTime:0.000026s ]
INFO: [ app_init ] --END-- [ RunTime:0.000163s ]
INFO: [ app_begin ] --START--
INFO: Run Behavior\ReadHtmlCacheBehavior [ RunTime:0.002194s ]
INFO: [ app_begin ] --END-- [ RunTime:0.002446s ]
ERR: 无法加载控制器:Public

[ 2016-06-06T18:48:59+08:00 ] 127.0.0.1 /Index/Search/index.html
INFO: [ app_init ] --START--
INFO: Run Behavior\BuildLiteBehavior [ RunTime:0.000034s ]
INFO: [ app_init ] --END-- [ RunTime:0.000214s ]
INFO: [ app_begin ] --START--
INFO: Run Behavior\ReadHtmlCacheBehavior [ RunTime:0.000626s ]
INFO: [ app_begin ] --END-- [ RunTime:0.000763s ]
INFO: [ view_parse ] --START--
INFO: [ template_filter ] --START--
INFO: Run Behavior\ContentReplaceBehavior [ RunTime:0.000099s ]
INFO: [ template_filter ] --END-- [ RunTime:0.000220s ]
NOTIC: [8] Undefined index: userinfo /Applications/MAMP/htdocs/sast/Application/Runtime/Cache/Index/a4bbf827e05883590a75f7eeaad104ff.php 第 22 行.
NOTIC: [8] Use of undefined constant Math - assumed 'Math' /Applications/MAMP/htdocs/sast/Application/Runtime/Cache/Index/a4bbf827e05883590a75f7eeaad104ff.php 第 78 行.
NOTIC: [8] Array to string conversion /Applications/MAMP/htdocs/sast/Application/Runtime/Cache/Index/a4bbf827e05883590a75f7eeaad104ff.php 第 78 行.
NOTIC: [8] Use of undefined constant Math - assumed 'Math' /Applications/MAMP/htdocs/sast/Application/Runtime/Cache/Index/a4bbf827e05883590a75f7eeaad104ff.php 第 108 行.
NOTIC: [8] Array to string conversion /Applications/MAMP/htdocs/sast/Application/Runtime/Cache/Index/a4bbf827e05883590a75f7eeaad104ff.php 第 108 行.
INFO: Run Behavior\ParseTemplateBehavior [ RunTime:0.013327s ]
INFO: [ view_parse ] --END-- [ RunTime:0.013438s ]
INFO: [ view_filter ] --START--
INFO: Run Behavior\WriteHtmlCacheBehavior [ RunTime:0.000165s ]
INFO: [ view_filter ] --END-- [ RunTime:0.000259s ]
INFO: [ app_end ] --START--
INFO: Run Behavior\ShowPageTraceBehavior [ RunTime:0.000723s ]
INFO: [ app_end ] --END-- [ RunTime:0.000875s ]

[ 2016-06-06T18:48:59+08:00 ] 127.0.0.1 /Index/Login/getverify.html
INFO: [ app_init ] --START--
INFO: Run Behavior\BuildLiteBehavior [ RunTime:0.000085s ]
INFO: [ app_init ] --END-- [ RunTime:0.000423s ]
INFO: [ app_begin ] --START--
INFO: Run Behavior\ReadHtmlCacheBehavior [ RunTime:0.000964s ]
INFO: [ app_begin ] --END-- [ RunTime:0.001161s ]
NOTIC: [8] Use of undefined constant ture - assumed 'ture' /Applications/MAMP/htdocs/sast/Application/Common/Common/function.php 第 28 行.
INFO: [ app_end ] --START--
INFO: Run Behavior\ShowPageTraceBehavior [ RunTime:0.000647s ]
INFO: [ app_end ] --END-- [ RunTime:0.000800s ]

[ 2016-06-06T18:48:59+08:00 ] 127.0.0.1 /Public/css/bootstrap.css.map
INFO: [ app_init ] --START--
INFO: Run Behavior\BuildLiteBehavior [ RunTime:0.000038s ]
INFO: [ app_init ] --END-- [ RunTime:0.000243s ]
INFO: [ app_begin ] --START--
INFO: Run Behavior\ReadHtmlCacheBehavior [ RunTime:0.000969s ]
INFO: [ app_begin ] --END-- [ RunTime:0.001183s ]
ERR: 无法加载控制器:Public

[ 2016-06-06T18:48:59+08:00 ] 127.0.0.1 /Index/Search/search
INFO: [ app_init ] --START--
INFO: Run Behavior\BuildLiteBehavior [ RunTime:0.000034s ]
INFO: [ app_init ] --END-- [ RunTime:0.000211s ]
INFO: [ app_begin ] --START--
INFO: Run Behavior\ReadHtmlCacheBehavior [ RunTime:0.000635s ]
INFO: [ app_begin ] --END-- [ RunTime:0.000749s ]
NOTIC: [8] Undefined index: field /Applications/MAMP/htdocs/sast/Application/Index/Controller/SearchController.class.php 第 11 行.
NOTIC: [8] Undefined variable: map /Applications/MAMP/htdocs/sast/Application/Index/Controller/SearchController.class.php 第 20 行.
SQL: SELECT * FROM `sast_work` ORDER BY work_id desc LIMIT 0,7   [ RunTime:0.0003s ]
NOTIC: [8] Undefined variable: map /Applications/MAMP/htdocs/sast/Application/Index/Controller/SearchController.class.php 第 21 行.
SQL: SELECT COUNT(*) AS tp_count FROM `sast_work` LIMIT 1   [ RunTime:0.0001s ]

[ 2016-06-06T18:53:52+08:00 ] 127.0.0.1 /Index/Search/index.html
INFO: [ app_init ] --START--
INFO: Run Behavior\BuildLiteBehavior [ RunTime:0.000024s ]
INFO: [ app_init ] --END-- [ RunTime:0.000140s ]
INFO: [ app_begin ] --START--
INFO: Run Behavior\ReadHtmlCacheBehavior [ RunTime:0.000498s ]
INFO: [ app_begin ] --END-- [ RunTime:0.000611s ]
INFO: [ view_parse ] --START--
INFO: [ template_filter ] --START--
INFO: Run Behavior\ContentReplaceBehavior [ RunTime:0.000091s ]
INFO: [ template_filter ] --END-- [ RunTime:0.000209s ]
NOTIC: [8] Undefined index: userinfo /Applications/MAMP/htdocs/sast/Application/Runtime/Cache/Index/a4bbf827e05883590a75f7eeaad104ff.php 第 22 行.
NOTIC: [8] Use of undefined constant Math - assumed 'Math' /Applications/MAMP/htdocs/sast/Application/Runtime/Cache/Index/a4bbf827e05883590a75f7eeaad104ff.php 第 78 行.
NOTIC: [8] Array to string conversion /Applications/MAMP/htdocs/sast/Application/Runtime/Cache/Index/a4bbf827e05883590a75f7eeaad104ff.php 第 78 行.
NOTIC: [8] Use of undefined constant Math - assumed 'Math' /Applications/MAMP/htdocs/sast/Application/Runtime/Cache/Index/a4bbf827e05883590a75f7eeaad104ff.php 第 108 行.
NOTIC: [8] Array to string conversion /Applications/MAMP/htdocs/sast/Application/Runtime/Cache/Index/a4bbf827e05883590a75f7eeaad104ff.php 第 108 行.
INFO: Run Behavior\ParseTemplateBehavior [ RunTime:0.012430s ]
INFO: [ view_parse ] --END-- [ RunTime:0.012537s ]
INFO: [ view_filter ] --START--
INFO: Run Behavior\WriteHtmlCacheBehavior [ RunTime:0.000172s ]
INFO: [ view_filter ] --END-- [ RunTime:0.000267s ]
INFO: [ app_end ] --START--
INFO: Run Behavior\ShowPageTraceBehavior [ RunTime:0.000780s ]
INFO: [ app_end ] --END-- [ RunTime:0.000904s ]

[ 2016-06-06T18:53:52+08:00 ] 127.0.0.1 /Index/Login/getverify.html
INFO: [ app_init ] --START--
INFO: Run Behavior\BuildLiteBehavior [ RunTime:0.000038s ]
INFO: [ app_init ] --END-- [ RunTime:0.000232s ]
INFO: [ app_begin ] --START--
INFO: Run Behavior\ReadHtmlCacheBehavior [ RunTime:0.000781s ]
INFO: [ app_begin ] --END-- [ RunTime:0.000972s ]
NOTIC: [8] Use of undefined constant ture - assumed 'ture' /Applications/MAMP/htdocs/sast/Application/Common/Common/function.php 第 28 行.
INFO: [ app_end ] --START--
INFO: Run Behavior\ShowPageTraceBehavior [ RunTime:0.000846s ]
INFO: [ app_end ] --END-- [ RunTime:0.001078s ]

[ 2016-06-06T18:53:52+08:00 ] 127.0.0.1 /Public/css/bootstrap.css.map
INFO: [ app_init ] --START--
INFO: Run Behavior\BuildLiteBehavior [ RunTime:0.000038s ]
INFO: [ app_init ] --END-- [ RunTime:0.000225s ]
INFO: [ app_begin ] --START--
INFO: Run Behavior\ReadHtmlCacheBehavior [ RunTime:0.000827s ]
INFO: [ app_begin ] --END-- [ RunTime:0.001019s ]
ERR: 无法加载控制器:Public

[ 2016-06-06T18:53:52+08:00 ] 127.0.0.1 /Index/Search/search
INFO: [ app_init ] --START--
INFO: Run Behavior\BuildLiteBehavior [ RunTime:0.000043s ]
INFO: [ app_init ] --END-- [ RunTime:0.000252s ]
INFO: [ app_begin ] --START--
INFO: Run Behavior\ReadHtmlCacheBehavior [ RunTime:0.000812s ]
INFO: [ app_begin ] --END-- [ RunTime:0.001076s ]
NOTIC: [8] Undefined index: field /Applications/MAMP/htdocs/sast/Application/Index/Controller/SearchController.class.php 第 11 行.
NOTIC: [8] Undefined variable: map /Applications/MAMP/htdocs/sast/Application/Index/Controller/SearchController.class.php 第 20 行.
SQL: SELECT * FROM `sast_work` ORDER BY work_id desc LIMIT 0,7   [ RunTime:0.0005s ]
NOTIC: [8] Undefined variable: map /Applications/MAMP/htdocs/sast/Application/Index/Controller/SearchController.class.php 第 21 行.
SQL: SELECT COUNT(*) AS tp_count FROM `sast_work` LIMIT 1   [ RunTime:0.0003s ]

[ 2016-06-06T18:53:54+08:00 ] 127.0.0.1 /Index/Search/search
INFO: [ app_init ] --START--
INFO: Run Behavior\BuildLiteBehavior [ RunTime:0.000023s ]
INFO: [ app_init ] --END-- [ RunTime:0.000132s ]
INFO: [ app_begin ] --START--
INFO: Run Behavior\ReadHtmlCacheBehavior [ RunTime:0.000520s ]
INFO: [ app_begin ] --END-- [ RunTime:0.000614s ]
NOTIC: [8] Undefined index: field /Applications/MAMP/htdocs/sast/Application/Index/Controller/SearchController.class.php 第 11 行.
NOTIC: [8] Undefined variable: map /Applications/MAMP/htdocs/sast/Application/Index/Controller/SearchController.class.php 第 20 行.
ERR: 1054:Unknown column 'work_id' in 'order clause'
 [ SQL语句 ] : SELECT * FROM `sast_news` ORDER BY work_id desc LIMIT 7,7  
ERR: 1054:Unknown column 'work_id' in 'order clause'
 [ SQL语句 ] : SELECT * FROM `sast_news` ORDER BY work_id desc LIMIT 7,7  

[ 2016-06-06T18:55:14+08:00 ] 127.0.0.1 /Index/Search/index.html
INFO: [ app_init ] --START--
INFO: Run Behavior\BuildLiteBehavior [ RunTime:0.000060s ]
INFO: [ app_init ] --END-- [ RunTime:0.000234s ]
INFO: [ app_begin ] --START--
INFO: Run Behavior\ReadHtmlCacheBehavior [ RunTime:0.000512s ]
INFO: [ app_begin ] --END-- [ RunTime:0.000624s ]
INFO: [ view_parse ] --START--
INFO: [ template_filter ] --START--
INFO: Run Behavior\ContentReplaceBehavior [ RunTime:0.000096s ]
INFO: [ template_filter ] --END-- [ RunTime:0.000212s ]
NOTIC: [8] Undefined index: userinfo /Applications/MAMP/htdocs/sast/Application/Runtime/Cache/Index/a4bbf827e05883590a75f7eeaad104ff.php 第 22 行.
NOTIC: [8] Use of undefined constant Math - assumed 'Math' /Applications/MAMP/htdocs/sast/Application/Runtime/Cache/Index/a4bbf827e05883590a75f7eeaad104ff.php 第 78 行.
NOTIC: [8] Array to string conversion /Applications/MAMP/htdocs/sast/Application/Runtime/Cache/Index/a4bbf827e05883590a75f7eeaad104ff.php 第 78 行.
NOTIC: [8] Use of undefined constant Math - assumed 'Math' /Applications/MAMP/htdocs/sast/Application/Runtime/Cache/Index/a4bbf827e05883590a75f7eeaad104ff.php 第 108 行.
NOTIC: [8] Array to string conversion /Applications/MAMP/htdocs/sast/Application/Runtime/Cache/Index/a4bbf827e05883590a75f7eeaad104ff.php 第 108 行.
INFO: Run Behavior\ParseTemplateBehavior [ RunTime:0.012726s ]
INFO: [ view_parse ] --END-- [ RunTime:0.012854s ]
INFO: [ view_filter ] --START--
INFO: Run Behavior\WriteHtmlCacheBehavior [ RunTime:0.000214s ]
INFO: [ view_filter ] --END-- [ RunTime:0.000418s ]
INFO: [ app_end ] --START--
INFO: Run Behavior\ShowPageTraceBehavior [ RunTime:0.001030s ]
INFO: [ app_end ] --END-- [ RunTime:0.001220s ]

[ 2016-06-06T18:55:15+08:00 ] 127.0.0.1 /Index/Login/getverify.html
INFO: [ app_init ] --START--
INFO: Run Behavior\BuildLiteBehavior [ RunTime:0.000033s ]
INFO: [ app_init ] --END-- [ RunTime:0.000190s ]
INFO: [ app_begin ] --START--
INFO: Run Behavior\ReadHtmlCacheBehavior [ RunTime:0.000730s ]
INFO: [ app_begin ] --END-- [ RunTime:0.000906s ]
NOTIC: [8] Use of undefined constant ture - assumed 'ture' /Applications/MAMP/htdocs/sast/Application/Common/Common/function.php 第 28 行.
INFO: [ app_end ] --START--
INFO: Run Behavior\ShowPageTraceBehavior [ RunTime:0.000988s ]
INFO: [ app_end ] --END-- [ RunTime:0.001214s ]

[ 2016-06-06T18:55:15+08:00 ] 127.0.0.1 /Public/css/bootstrap.css.map
INFO: [ app_init ] --START--
INFO: Run Behavior\BuildLiteBehavior [ RunTime:0.000040s ]
INFO: [ app_init ] --END-- [ RunTime:0.000315s ]
INFO: [ app_begin ] --START--
INFO: Run Behavior\ReadHtmlCacheBehavior [ RunTime:0.000856s ]
INFO: [ app_begin ] --END-- [ RunTime:0.001057s ]
ERR: 无法加载控制器:Public

[ 2016-06-06T18:55:15+08:00 ] 127.0.0.1 /Index/Search/search
INFO: [ app_init ] --START--
INFO: Run Behavior\BuildLiteBehavior [ RunTime:0.000038s ]
INFO: [ app_init ] --END-- [ RunTime:0.000224s ]
INFO: [ app_begin ] --START--
INFO: Run Behavior\ReadHtmlCacheBehavior [ RunTime:0.000749s ]
INFO: [ app_begin ] --END-- [ RunTime:0.000936s ]
NOTIC: [8] Undefined index: field /Applications/MAMP/htdocs/sast/Application/Index/Controller/SearchController.class.php 第 11 行.
NOTIC: [8] Undefined variable: map /Applications/MAMP/htdocs/sast/Application/Index/Controller/SearchController.class.php 第 20 行.
SQL: SELECT * FROM `sast_work` ORDER BY work_id desc LIMIT 0,7   [ RunTime:0.0004s ]
NOTIC: [8] Undefined variable: map /Applications/MAMP/htdocs/sast/Application/Index/Controller/SearchController.class.php 第 21 行.
SQL: SELECT COUNT(*) AS tp_count FROM `sast_work` LIMIT 1   [ RunTime:0.0003s ]

[ 2016-06-06T18:55:17+08:00 ] 127.0.0.1 /Index/Search/search
INFO: [ app_init ] --START--
INFO: Run Behavior\BuildLiteBehavior [ RunTime:0.000026s ]
INFO: [ app_init ] --END-- [ RunTime:0.000141s ]
INFO: [ app_begin ] --START--
INFO: Run Behavior\ReadHtmlCacheBehavior [ RunTime:0.000497s ]
INFO: [ app_begin ] --END-- [ RunTime:0.000596s ]
NOTIC: [8] Undefined index: field /Applications/MAMP/htdocs/sast/Application/Index/Controller/SearchController.class.php 第 11 行.
NOTIC: [8] Undefined variable: map /Applications/MAMP/htdocs/sast/Application/Index/Controller/SearchController.class.php 第 20 行.
SQL: SELECT * FROM `sast_work` ORDER BY work_id desc LIMIT 7,7   [ RunTime:0.0004s ]
NOTIC: [8] Undefined variable: map /Applications/MAMP/htdocs/sast/Application/Index/Controller/SearchController.class.php 第 21 行.
SQL: SELECT COUNT(*) AS tp_count FROM `sast_work` LIMIT 1   [ RunTime:0.0001s ]

[ 2016-06-06T18:55:21+08:00 ] 127.0.0.1 /Index/Search/search
INFO: [ app_init ] --START--
INFO: Run Behavior\BuildLiteBehavior [ RunTime:0.000059s ]
INFO: [ app_init ] --END-- [ RunTime:0.000344s ]
INFO: [ app_begin ] --START--
INFO: Run Behavior\ReadHtmlCacheBehavior [ RunTime:0.000699s ]
INFO: [ app_begin ] --END-- [ RunTime:0.000843s ]
NOTIC: [8] Undefined index: field /Applications/MAMP/htdocs/sast/Application/Index/Controller/SearchController.class.php 第 11 行.
NOTIC: [8] Undefined variable: map /Applications/MAMP/htdocs/sast/Application/Index/Controller/SearchController.class.php 第 20 行.
SQL: SELECT * FROM `sast_work` ORDER BY work_id desc LIMIT 0,7   [ RunTime:0.0003s ]
NOTIC: [8] Undefined variable: map /Applications/MAMP/htdocs/sast/Application/Index/Controller/SearchController.class.php 第 21 行.
SQL: SELECT COUNT(*) AS tp_count FROM `sast_work` LIMIT 1   [ RunTime:0.0001s ]

[ 2016-06-06T18:55:24+08:00 ] 127.0.0.1 /Index/Search/search
INFO: [ app_init ] --START--
INFO: Run Behavior\BuildLiteBehavior [ RunTime:0.000025s ]
INFO: [ app_init ] --END-- [ RunTime:0.000134s ]
INFO: [ app_begin ] --START--
INFO: Run Behavior\ReadHtmlCacheBehavior [ RunTime:0.000451s ]
INFO: [ app_begin ] --END-- [ RunTime:0.000539s ]
NOTIC: [8] Undefined index: field /Applications/MAMP/htdocs/sast/Application/Index/Controller/SearchController.class.php 第 11 行.
NOTIC: [8] Undefined variable: map /Applications/MAMP/htdocs/sast/Application/Index/Controller/SearchController.class.php 第 20 行.
SQL: SELECT * FROM `sast_work` ORDER BY work_id desc LIMIT 7,7   [ RunTime:0.0004s ]
NOTIC: [8] Undefined variable: map /Applications/MAMP/htdocs/sast/Application/Index/Controller/SearchController.class.php 第 21 行.
SQL: SELECT COUNT(*) AS tp_count FROM `sast_work` LIMIT 1   [ RunTime:0.0003s ]

[ 2016-06-06T18:55:26+08:00 ] 127.0.0.1 /Index/Search/search
INFO: [ app_init ] --START--
INFO: Run Behavior\BuildLiteBehavior [ RunTime:0.000041s ]
INFO: [ app_init ] --END-- [ RunTime:0.000251s ]
INFO: [ app_begin ] --START--
INFO: Run Behavior\ReadHtmlCacheBehavior [ RunTime:0.001116s ]
INFO: [ app_begin ] --END-- [ RunTime:0.001290s ]
NOTIC: [8] Undefined index: field /Applications/MAMP/htdocs/sast/Application/Index/Controller/SearchController.class.php 第 11 行.
NOTIC: [8] Undefined variable: map /Applications/MAMP/htdocs/sast/Application/Index/Controller/SearchController.class.php 第 20 行.
SQL: SELECT * FROM `sast_work` ORDER BY work_id desc LIMIT 0,7   [ RunTime:0.0003s ]
NOTIC: [8] Undefined variable: map /Applications/MAMP/htdocs/sast/Application/Index/Controller/SearchController.class.php 第 21 行.
SQL: SELECT COUNT(*) AS tp_count FROM `sast_work` LIMIT 1   [ RunTime:0.0001s ]

[ 2016-06-06T18:55:29+08:00 ] 127.0.0.1 /Index/Search/search
INFO: [ app_init ] --START--
INFO: Run Behavior\BuildLiteBehavior [ RunTime:0.000043s ]
INFO: [ app_init ] --END-- [ RunTime:0.000207s ]
INFO: [ app_begin ] --START--
INFO: Run Behavior\ReadHtmlCacheBehavior [ RunTime:0.001082s ]
INFO: [ app_begin ] --END-- [ RunTime:0.001296s ]
NOTIC: [8] Undefined index: field /Applications/MAMP/htdocs/sast/Application/Index/Controller/SearchController.class.php 第 11 行.
NOTIC: [8] Undefined variable: map /Applications/MAMP/htdocs/sast/Application/Index/Controller/SearchController.class.php 第 20 行.
SQL: SELECT * FROM `sast_work` ORDER BY work_id desc LIMIT 7,7   [ RunTime:0.0002s ]
NOTIC: [8] Undefined variable: map /Applications/MAMP/htdocs/sast/Application/Index/Controller/SearchController.class.php 第 21 行.
SQL: SELECT COUNT(*) AS tp_count FROM `sast_work` LIMIT 1   [ RunTime:0.0001s ]

[ 2016-06-06T18:55:45+08:00 ] 127.0.0.1 /Index/Search/search
INFO: [ app_init ] --START--
INFO: Run Behavior\BuildLiteBehavior [ RunTime:0.000021s ]
INFO: [ app_init ] --END-- [ RunTime:0.000125s ]
INFO: [ app_begin ] --START--
INFO: Run Behavior\ReadHtmlCacheBehavior [ RunTime:0.000507s ]
INFO: [ app_begin ] --END-- [ RunTime:0.000595s ]
NOTIC: [8] Undefined index: field /Applications/MAMP/htdocs/sast/Application/Index/Controller/SearchController.class.php 第 11 行.
NOTIC: [8] Undefined variable: map /Applications/MAMP/htdocs/sast/Application/Index/Controller/SearchController.class.php 第 20 行.
SQL: SELECT * FROM `sast_work` ORDER BY work_id desc LIMIT 0,7   [ RunTime:0.0003s ]
NOTIC: [8] Undefined variable: map /Applications/MAMP/htdocs/sast/Application/Index/Controller/SearchController.class.php 第 21 行.
SQL: SELECT COUNT(*) AS tp_count FROM `sast_work` LIMIT 1   [ RunTime:0.0001s ]

[ 2016-06-06T19:02:29+08:00 ] 127.0.0.1 /Index/Search/search
INFO: [ app_init ] --START--
INFO: Run Behavior\BuildLiteBehavior [ RunTime:0.000022s ]
INFO: [ app_init ] --END-- [ RunTime:0.000127s ]
INFO: [ app_begin ] --START--
INFO: Run Behavior\ReadHtmlCacheBehavior [ RunTime:0.000443s ]
INFO: [ app_begin ] --END-- [ RunTime:0.000536s ]
NOTIC: [8] Undefined index: field /Applications/MAMP/htdocs/sast/Application/Index/Controller/SearchController.class.php 第 11 行.
SQL: SELECT * FROM `sast_work` WHERE `title` LIKE '%双%' ORDER BY work_id desc LIMIT 0,7   [ RunTime:0.0094s ]
SQL: SELECT COUNT(*) AS tp_count FROM `sast_work` WHERE `title` LIKE '%双%' LIMIT 1   [ RunTime:0.0002s ]

[ 2016-06-06T19:02:37+08:00 ] 127.0.0.1 /Index/Search/search
INFO: [ app_init ] --START--
INFO: Run Behavior\BuildLiteBehavior [ RunTime:0.000026s ]
INFO: [ app_init ] --END-- [ RunTime:0.000154s ]
INFO: [ app_begin ] --START--
INFO: Run Behavior\ReadHtmlCacheBehavior [ RunTime:0.000445s ]
INFO: [ app_begin ] --END-- [ RunTime:0.000534s ]
NOTIC: [8] Undefined index: field /Applications/MAMP/htdocs/sast/Application/Index/Controller/SearchController.class.php 第 11 行.
SQL: SELECT * FROM `sast_work` WHERE `title` LIKE '%双%' ORDER BY work_id desc LIMIT 0,7   [ RunTime:0.0002s ]
SQL: SELECT COUNT(*) AS tp_count FROM `sast_work` WHERE `title` LIKE '%双%' LIMIT 1   [ RunTime:0.0002s ]

[ 2016-06-06T19:02:47+08:00 ] 127.0.0.1 /Index/Search/index.html
INFO: [ app_init ] --START--
INFO: Run Behavior\BuildLiteBehavior [ RunTime:0.000034s ]
INFO: [ app_init ] --END-- [ RunTime:0.000207s ]
INFO: [ app_begin ] --START--
INFO: Run Behavior\ReadHtmlCacheBehavior [ RunTime:0.000546s ]
INFO: [ app_begin ] --END-- [ RunTime:0.000656s ]
INFO: [ view_parse ] --START--
INFO: [ template_filter ] --START--
INFO: Run Behavior\ContentReplaceBehavior [ RunTime:0.000123s ]
INFO: [ template_filter ] --END-- [ RunTime:0.000260s ]
NOTIC: [8] Undefined index: userinfo /Applications/MAMP/htdocs/sast/Application/Runtime/Cache/Index/a4bbf827e05883590a75f7eeaad104ff.php 第 22 行.
NOTIC: [8] Use of undefined constant Math - assumed 'Math' /Applications/MAMP/htdocs/sast/Application/Runtime/Cache/Index/a4bbf827e05883590a75f7eeaad104ff.php 第 78 行.
NOTIC: [8] Array to string conversion /Applications/MAMP/htdocs/sast/Application/Runtime/Cache/Index/a4bbf827e05883590a75f7eeaad104ff.php 第 78 行.
NOTIC: [8] Use of undefined constant Math - assumed 'Math' /Applications/MAMP/htdocs/sast/Application/Runtime/Cache/Index/a4bbf827e05883590a75f7eeaad104ff.php 第 108 行.
NOTIC: [8] Array to string conversion /Applications/MAMP/htdocs/sast/Application/Runtime/Cache/Index/a4bbf827e05883590a75f7eeaad104ff.php 第 108 行.
INFO: Run Behavior\ParseTemplateBehavior [ RunTime:0.014591s ]
INFO: [ view_parse ] --END-- [ RunTime:0.014703s ]
INFO: [ view_filter ] --START--
INFO: Run Behavior\WriteHtmlCacheBehavior [ RunTime:0.000174s ]
INFO: [ view_filter ] --END-- [ RunTime:0.000266s ]
INFO: [ app_end ] --START--
INFO: Run Behavior\ShowPageTraceBehavior [ RunTime:0.000741s ]
INFO: [ app_end ] --END-- [ RunTime:0.000887s ]

[ 2016-06-06T19:02:47+08:00 ] 127.0.0.1 /Index/Login/getverify.html
INFO: [ app_init ] --START--
INFO: Run Behavior\BuildLiteBehavior [ RunTime:0.000034s ]
INFO: [ app_init ] --END-- [ RunTime:0.000199s ]
INFO: [ app_begin ] --START--
INFO: Run Behavior\ReadHtmlCacheBehavior [ RunTime:0.000751s ]
INFO: [ app_begin ] --END-- [ RunTime:0.000899s ]
NOTIC: [8] Use of undefined constant ture - assumed 'ture' /Applications/MAMP/htdocs/sast/Application/Common/Common/function.php 第 28 行.
INFO: [ app_end ] --START--
INFO: Run Behavior\ShowPageTraceBehavior [ RunTime:0.000756s ]
INFO: [ app_end ] --END-- [ RunTime:0.000940s ]

[ 2016-06-06T19:02:47+08:00 ] 127.0.0.1 /Index/Search/search
INFO: [ app_init ] --START--
INFO: Run Behavior\BuildLiteBehavior [ RunTime:0.000024s ]
INFO: [ app_init ] --END-- [ RunTime:0.000137s ]
INFO: [ app_begin ] --START--
INFO: Run Behavior\ReadHtmlCacheBehavior [ RunTime:0.000749s ]
INFO: [ app_begin ] --END-- [ RunTime:0.000918s ]
NOTIC: [8] Undefined index: field /Applications/MAMP/htdocs/sast/Application/Index/Controller/SearchController.class.php 第 11 行.
NOTIC: [8] Undefined variable: map /Applications/MAMP/htdocs/sast/Application/Index/Controller/SearchController.class.php 第 20 行.
SQL: SELECT * FROM `sast_work` ORDER BY work_id desc LIMIT 0,7   [ RunTime:0.0004s ]
NOTIC: [8] Undefined variable: map /Applications/MAMP/htdocs/sast/Application/Index/Controller/SearchController.class.php 第 21 行.
SQL: SELECT COUNT(*) AS tp_count FROM `sast_work` LIMIT 1   [ RunTime:0.0002s ]

[ 2016-06-06T19:02:55+08:00 ] 127.0.0.1 /Index/Search/search
INFO: [ app_init ] --START--
INFO: Run Behavior\BuildLiteBehavior [ RunTime:0.000021s ]
INFO: [ app_init ] --END-- [ RunTime:0.000126s ]
INFO: [ app_begin ] --START--
INFO: Run Behavior\ReadHtmlCacheBehavior [ RunTime:0.000438s ]
INFO: [ app_begin ] --END-- [ RunTime:0.000525s ]
NOTIC: [8] Undefined index: field /Applications/MAMP/htdocs/sast/Application/Index/Controller/SearchController.class.php 第 11 行.
SQL: SELECT * FROM `sast_work` WHERE `title` LIKE '%双%' ORDER BY work_id desc LIMIT 0,7   [ RunTime:0.0002s ]
SQL: SELECT COUNT(*) AS tp_count FROM `sast_work` WHERE `title` LIKE '%双%' LIMIT 1   [ RunTime:0.0001s ]

[ 2016-06-06T19:04:25+08:00 ] 127.0.0.1 /Index/Search/index.html
INFO: [ app_init ] --START--
INFO: Run Behavior\BuildLiteBehavior [ RunTime:0.000034s ]
INFO: [ app_init ] --END-- [ RunTime:0.000195s ]
INFO: [ app_begin ] --START--
INFO: Run Behavior\ReadHtmlCacheBehavior [ RunTime:0.000456s ]
INFO: [ app_begin ] --END-- [ RunTime:0.000556s ]
INFO: [ view_parse ] --START--
INFO: [ template_filter ] --START--
INFO: Run Behavior\ContentReplaceBehavior [ RunTime:0.000089s ]
INFO: [ template_filter ] --END-- [ RunTime:0.000205s ]
NOTIC: [8] Undefined index: userinfo /Applications/MAMP/htdocs/sast/Application/Runtime/Cache/Index/a4bbf827e05883590a75f7eeaad104ff.php 第 22 行.
NOTIC: [8] Use of undefined constant Math - assumed 'Math' /Applications/MAMP/htdocs/sast/Application/Runtime/Cache/Index/a4bbf827e05883590a75f7eeaad104ff.php 第 78 行.
NOTIC: [8] Array to string conversion /Applications/MAMP/htdocs/sast/Application/Runtime/Cache/Index/a4bbf827e05883590a75f7eeaad104ff.php 第 78 行.
NOTIC: [8] Use of undefined constant Math - assumed 'Math' /Applications/MAMP/htdocs/sast/Application/Runtime/Cache/Index/a4bbf827e05883590a75f7eeaad104ff.php 第 108 行.
NOTIC: [8] Array to string conversion /Applications/MAMP/htdocs/sast/Application/Runtime/Cache/Index/a4bbf827e05883590a75f7eeaad104ff.php 第 108 行.
INFO: Run Behavior\ParseTemplateBehavior [ RunTime:0.013236s ]
INFO: [ view_parse ] --END-- [ RunTime:0.013343s ]
INFO: [ view_filter ] --START--
INFO: Run Behavior\WriteHtmlCacheBehavior [ RunTime:0.000170s ]
INFO: [ view_filter ] --END-- [ RunTime:0.000263s ]
INFO: [ app_end ] --START--
INFO: Run Behavior\ShowPageTraceBehavior [ RunTime:0.000723s ]
INFO: [ app_end ] --END-- [ RunTime:0.000886s ]

[ 2016-06-06T19:04:25+08:00 ] 127.0.0.1 /Index/Login/getverify.html
INFO: [ app_init ] --START--
INFO: Run Behavior\BuildLiteBehavior [ RunTime:0.000025s ]
INFO: [ app_init ] --END-- [ RunTime:0.000139s ]
INFO: [ app_begin ] --START--
INFO: Run Behavior\ReadHtmlCacheBehavior [ RunTime:0.000481s ]
INFO: [ app_begin ] --END-- [ RunTime:0.000587s ]
NOTIC: [8] Use of undefined constant ture - assumed 'ture' /Applications/MAMP/htdocs/sast/Application/Common/Common/function.php 第 28 行.
INFO: [ app_end ] --START--
INFO: Run Behavior\ShowPageTraceBehavior [ RunTime:0.000734s ]
INFO: [ app_end ] --END-- [ RunTime:0.000907s ]

[ 2016-06-06T19:04:26+08:00 ] 127.0.0.1 /Index/Search/search
INFO: [ app_init ] --START--
INFO: Run Behavior\BuildLiteBehavior [ RunTime:0.000037s ]
INFO: [ app_init ] --END-- [ RunTime:0.000226s ]
INFO: [ app_begin ] --START--
INFO: Run Behavior\ReadHtmlCacheBehavior [ RunTime:0.000856s ]
INFO: [ app_begin ] --END-- [ RunTime:0.001002s ]
NOTIC: [8] Undefined index: field /Applications/MAMP/htdocs/sast/Application/Index/Controller/SearchController.class.php 第 11 行.
NOTIC: [8] Undefined variable: map /Applications/MAMP/htdocs/sast/Application/Index/Controller/SearchController.class.php 第 20 行.
SQL: SELECT * FROM `sast_work` ORDER BY work_id desc LIMIT 0,7   [ RunTime:0.0010s ]
NOTIC: [8] Undefined variable: map /Applications/MAMP/htdocs/sast/Application/Index/Controller/SearchController.class.php 第 21 行.
SQL: SELECT COUNT(*) AS tp_count FROM `sast_work` LIMIT 1   [ RunTime:0.0003s ]

[ 2016-06-06T19:04:29+08:00 ] 127.0.0.1 /Index/Search/search
INFO: [ app_init ] --START--
INFO: Run Behavior\BuildLiteBehavior [ RunTime:0.000023s ]
INFO: [ app_init ] --END-- [ RunTime:0.000133s ]
INFO: [ app_begin ] --START--
INFO: Run Behavior\ReadHtmlCacheBehavior [ RunTime:0.000445s ]
INFO: [ app_begin ] --END-- [ RunTime:0.000532s ]
NOTIC: [8] Undefined index: field /Applications/MAMP/htdocs/sast/Application/Index/Controller/SearchController.class.php 第 11 行.
NOTIC: [8] Undefined variable: map /Applications/MAMP/htdocs/sast/Application/Index/Controller/SearchController.class.php 第 20 行.
SQL: SELECT * FROM `sast_work` ORDER BY work_id desc LIMIT 7,7   [ RunTime:0.0002s ]
NOTIC: [8] Undefined variable: map /Applications/MAMP/htdocs/sast/Application/Index/Controller/SearchController.class.php 第 21 行.
SQL: SELECT COUNT(*) AS tp_count FROM `sast_work` LIMIT 1   [ RunTime:0.0001s ]

[ 2016-06-06T19:04:37+08:00 ] 127.0.0.1 /Public/css/bootstrap.css.map
INFO: [ app_init ] --START--
INFO: Run Behavior\BuildLiteBehavior [ RunTime:0.000025s ]
INFO: [ app_init ] --END-- [ RunTime:0.000144s ]
INFO: [ app_begin ] --START--
INFO: Run Behavior\ReadHtmlCacheBehavior [ RunTime:0.000514s ]
INFO: [ app_begin ] --END-- [ RunTime:0.000630s ]
ERR: 无法加载控制器:Public

[ 2016-06-06T19:06:06+08:00 ] 127.0.0.1 /Index/Search/index.html
INFO: [ app_init ] --START--
INFO: Run Behavior\BuildLiteBehavior [ RunTime:0.000022s ]
INFO: [ app_init ] --END-- [ RunTime:0.000127s ]
INFO: [ app_begin ] --START--
INFO: Run Behavior\ReadHtmlCacheBehavior [ RunTime:0.000451s ]
INFO: [ app_begin ] --END-- [ RunTime:0.000551s ]
INFO: [ view_parse ] --START--
INFO: [ template_filter ] --START--
INFO: Run Behavior\ContentReplaceBehavior [ RunTime:0.000095s ]
INFO: [ template_filter ] --END-- [ RunTime:0.000212s ]
NOTIC: [8] Undefined index: userinfo /Applications/MAMP/htdocs/sast/Application/Runtime/Cache/Index/a4bbf827e05883590a75f7eeaad104ff.php 第 22 行.
NOTIC: [8] Use of undefined constant Math - assumed 'Math' /Applications/MAMP/htdocs/sast/Application/Runtime/Cache/Index/a4bbf827e05883590a75f7eeaad104ff.php 第 78 行.
NOTIC: [8] Array to string conversion /Applications/MAMP/htdocs/sast/Application/Runtime/Cache/Index/a4bbf827e05883590a75f7eeaad104ff.php 第 78 行.
NOTIC: [8] Use of undefined constant Math - assumed 'Math' /Applications/MAMP/htdocs/sast/Application/Runtime/Cache/Index/a4bbf827e05883590a75f7eeaad104ff.php 第 108 行.
NOTIC: [8] Array to string conversion /Applications/MAMP/htdocs/sast/Application/Runtime/Cache/Index/a4bbf827e05883590a75f7eeaad104ff.php 第 108 行.
INFO: Run Behavior\ParseTemplateBehavior [ RunTime:0.013578s ]
INFO: [ view_parse ] --END-- [ RunTime:0.013678s ]
INFO: [ view_filter ] --START--
INFO: Run Behavior\WriteHtmlCacheBehavior [ RunTime:0.000170s ]
INFO: [ view_filter ] --END-- [ RunTime:0.000260s ]
INFO: [ app_end ] --START--
INFO: Run Behavior\ShowPageTraceBehavior [ RunTime:0.000807s ]
INFO: [ app_end ] --END-- [ RunTime:0.000988s ]

[ 2016-06-06T19:06:06+08:00 ] 127.0.0.1 /Index/Login/getverify.html
INFO: [ app_init ] --START--
INFO: Run Behavior\BuildLiteBehavior [ RunTime:0.000046s ]
INFO: [ app_init ] --END-- [ RunTime:0.000290s ]
INFO: [ app_begin ] --START--
INFO: Run Behavior\ReadHtmlCacheBehavior [ RunTime:0.000728s ]
INFO: [ app_begin ] --END-- [ RunTime:0.000894s ]
NOTIC: [8] Use of undefined constant ture - assumed 'ture' /Applications/MAMP/htdocs/sast/Application/Common/Common/function.php 第 28 行.
INFO: [ app_end ] --START--
INFO: Run Behavior\ShowPageTraceBehavior [ RunTime:0.000830s ]
INFO: [ app_end ] --END-- [ RunTime:0.001037s ]

[ 2016-06-06T19:06:06+08:00 ] 127.0.0.1 /Index/Search/search
INFO: [ app_init ] --START--
INFO: Run Behavior\BuildLiteBehavior [ RunTime:0.000037s ]
INFO: [ app_init ] --END-- [ RunTime:0.000222s ]
INFO: [ app_begin ] --START--
INFO: Run Behavior\ReadHtmlCacheBehavior [ RunTime:0.000705s ]
INFO: [ app_begin ] --END-- [ RunTime:0.000871s ]
NOTIC: [8] Undefined index: field /Applications/MAMP/htdocs/sast/Application/Index/Controller/SearchController.class.php 第 11 行.
NOTIC: [8] Undefined variable: map /Applications/MAMP/htdocs/sast/Application/Index/Controller/SearchController.class.php 第 20 行.
SQL: SELECT * FROM `sast_work` ORDER BY work_id desc LIMIT 0,7   [ RunTime:0.0009s ]
NOTIC: [8] Undefined variable: map /Applications/MAMP/htdocs/sast/Application/Index/Controller/SearchController.class.php 第 21 行.
SQL: SELECT COUNT(*) AS tp_count FROM `sast_work` LIMIT 1   [ RunTime:0.0020s ]

[ 2016-06-06T19:06:07+08:00 ] 127.0.0.1 /Index/Search/search
INFO: [ app_init ] --START--
INFO: Run Behavior\BuildLiteBehavior [ RunTime:0.000024s ]
INFO: [ app_init ] --END-- [ RunTime:0.000129s ]
INFO: [ app_begin ] --START--
INFO: Run Behavior\ReadHtmlCacheBehavior [ RunTime:0.000447s ]
INFO: [ app_begin ] --END-- [ RunTime:0.000534s ]
NOTIC: [8] Undefined index: field /Applications/MAMP/htdocs/sast/Application/Index/Controller/SearchController.class.php 第 11 行.
NOTIC: [8] Undefined variable: map /Applications/MAMP/htdocs/sast/Application/Index/Controller/SearchController.class.php 第 20 行.
SQL: SELECT * FROM `sast_work` ORDER BY work_id desc LIMIT 7,7   [ RunTime:0.0003s ]
NOTIC: [8] Undefined variable: map /Applications/MAMP/htdocs/sast/Application/Index/Controller/SearchController.class.php 第 21 行.
SQL: SELECT COUNT(*) AS tp_count FROM `sast_work` LIMIT 1   [ RunTime:0.0002s ]

[ 2016-06-06T19:06:08+08:00 ] 127.0.0.1 /Index/Search/search
INFO: [ app_init ] --START--
INFO: Run Behavior\BuildLiteBehavior [ RunTime:0.000023s ]
INFO: [ app_init ] --END-- [ RunTime:0.000129s ]
INFO: [ app_begin ] --START--
INFO: Run Behavior\ReadHtmlCacheBehavior [ RunTime:0.000439s ]
INFO: [ app_begin ] --END-- [ RunTime:0.000525s ]
NOTIC: [8] Undefined index: field /Applications/MAMP/htdocs/sast/Application/Index/Controller/SearchController.class.php 第 11 行.
NOTIC: [8] Undefined variable: map /Applications/MAMP/htdocs/sast/Application/Index/Controller/SearchController.class.php 第 20 行.
SQL: SELECT * FROM `sast_work` ORDER BY work_id desc LIMIT 0,7   [ RunTime:0.0003s ]
NOTIC: [8] Undefined variable: map /Applications/MAMP/htdocs/sast/Application/Index/Controller/SearchController.class.php 第 21 行.
SQL: SELECT COUNT(*) AS tp_count FROM `sast_work` LIMIT 1   [ RunTime:0.0001s ]

[ 2016-06-06T19:15:01+08:00 ] 127.0.0.1 /Index/Index/index.html
INFO: [ app_init ] --START--
INFO: Run Behavior\BuildLiteBehavior [ RunTime:0.000030s ]
INFO: [ app_init ] --END-- [ RunTime:0.000188s ]
INFO: [ app_begin ] --START--
INFO: Run Behavior\ReadHtmlCacheBehavior [ RunTime:0.000516s ]
INFO: [ app_begin ] --END-- [ RunTime:0.000629s ]
NOTIC: [2] Missing argument 1 for Think\Model::where(), called in /Applications/MAMP/htdocs/sast/Application/Index/Controller/IndexController.class.php on line 11 and defined /Applications/MAMP/htdocs/sast/ThinkPHP/Library/Think/Model.class.php 第 1797 行.
NOTIC: [8] Undefined variable: where /Applications/MAMP/htdocs/sast/ThinkPHP/Library/Think/Model.class.php 第 1805 行.
NOTIC: [8] Undefined variable: where /Applications/MAMP/htdocs/sast/ThinkPHP/Library/Think/Model.class.php 第 1808 行.
NOTIC: [8] Undefined variable: where /Applications/MAMP/htdocs/sast/ThinkPHP/Library/Think/Model.class.php 第 1816 行.
SQL: SELECT `title`,`text` FROM `sast_news`  [ RunTime:0.0003s ]
INFO: [ view_parse ] --START--
INFO: [ template_filter ] --START--
INFO: Run Behavior\ContentReplaceBehavior [ RunTime:0.000143s ]
INFO: [ template_filter ] --END-- [ RunTime:0.000271s ]
NOTIC: [8] Undefined index: userinfo /Applications/MAMP/htdocs/sast/Application/Runtime/Cache/Index/5f343310d4a83e1c2f6d4e5a6181e90a.php 第 24 行.
NOTIC: [8] Use of undefined constant Math - assumed 'Math' /Applications/MAMP/htdocs/sast/Application/Runtime/Cache/Index/5f343310d4a83e1c2f6d4e5a6181e90a.php 第 80 行.
NOTIC: [8] Array to string conversion /Applications/MAMP/htdocs/sast/Application/Runtime/Cache/Index/5f343310d4a83e1c2f6d4e5a6181e90a.php 第 80 行.
NOTIC: [8] Use of undefined constant Math - assumed 'Math' /Applications/MAMP/htdocs/sast/Application/Runtime/Cache/Index/5f343310d4a83e1c2f6d4e5a6181e90a.php 第 110 行.
NOTIC: [8] Array to string conversion /Applications/MAMP/htdocs/sast/Application/Runtime/Cache/Index/5f343310d4a83e1c2f6d4e5a6181e90a.php 第 110 行.
INFO: Run Behavior\ParseTemplateBehavior [ RunTime:0.019158s ]
INFO: [ view_parse ] --END-- [ RunTime:0.019290s ]
INFO: [ view_filter ] --START--
INFO: Run Behavior\WriteHtmlCacheBehavior [ RunTime:0.000182s ]
INFO: [ view_filter ] --END-- [ RunTime:0.000285s ]
INFO: [ app_end ] --START--
INFO: Run Behavior\ShowPageTraceBehavior [ RunTime:0.000804s ]
INFO: [ app_end ] --END-- [ RunTime:0.000964s ]

[ 2016-06-06T19:15:01+08:00 ] 127.0.0.1 /Index/Login/getverify.html
INFO: [ app_init ] --START--
INFO: Run Behavior\BuildLiteBehavior [ RunTime:0.000038s ]
INFO: [ app_init ] --END-- [ RunTime:0.000282s ]
INFO: [ app_begin ] --START--
INFO: Run Behavior\ReadHtmlCacheBehavior [ RunTime:0.000536s ]
INFO: [ app_begin ] --END-- [ RunTime:0.000657s ]
NOTIC: [8] Use of undefined constant ture - assumed 'ture' /Applications/MAMP/htdocs/sast/Application/Common/Common/function.php 第 28 行.
INFO: [ app_end ] --START--
INFO: Run Behavior\ShowPageTraceBehavior [ RunTime:0.000575s ]
INFO: [ app_end ] --END-- [ RunTime:0.000717s ]

[ 2016-06-06T19:52:53+08:00 ] 127.0.0.1 /sast/
INFO: [ app_init ] --START--
INFO: Run Behavior\BuildLiteBehavior [ RunTime:0.000022s ]
INFO: [ app_init ] --END-- [ RunTime:0.000127s ]
INFO: [ app_begin ] --START--
INFO: Run Behavior\ReadHtmlCacheBehavior [ RunTime:0.000449s ]
INFO: [ app_begin ] --END-- [ RunTime:0.000548s ]
ERR: 无法加载控制器:Sast

[ 2016-06-06T19:52:53+08:00 ] 127.0.0.1 /sast
INFO: [ app_init ] --START--
INFO: Run Behavior\BuildLiteBehavior [ RunTime:0.000024s ]
INFO: [ app_init ] --END-- [ RunTime:0.000134s ]
INFO: [ app_begin ] --START--
INFO: Run Behavior\ReadHtmlCacheBehavior [ RunTime:0.000454s ]
INFO: [ app_begin ] --END-- [ RunTime:0.000562s ]
ERR: 无法加载控制器:Sast

[ 2016-06-06T19:52:57+08:00 ] 127.0.0.1 /gaokao
INFO: [ app_init ] --START--
INFO: Run Behavior\BuildLiteBehavior [ RunTime:0.000022s ]
INFO: [ app_init ] --END-- [ RunTime:0.000127s ]
INFO: [ app_begin ] --START--
INFO: Run Behavior\ReadHtmlCacheBehavior [ RunTime:0.000443s ]
INFO: [ app_begin ] --END-- [ RunTime:0.000545s ]
ERR: 无法加载控制器:Gaokao

