[ 2016-05-25T22:24:34+08:00 ] 127.0.0.1 /sast/
INFO: [ app_init ] --START--
INFO: Run Behavior\BuildLiteBehavior [ RunTime:0.000037s ]
INFO: [ app_init ] --END-- [ RunTime:0.002270s ]
INFO: [ app_begin ] --START--
INFO: Run Behavior\ReadHtmlCacheBehavior [ RunTime:0.001007s ]
INFO: [ app_begin ] --END-- [ RunTime:0.001140s ]
NOTIC: [2] Missing argument 1 for Think\Model::where(), called in /Applications/MAMP/htdocs/sast/Application/Index/Controller/IndexController.class.php on line 12 and defined /Applications/MAMP/htdocs/sast/ThinkPHP/Library/Think/Model.class.php 第 1797 行.
NOTIC: [8] Undefined variable: where /Applications/MAMP/htdocs/sast/ThinkPHP/Library/Think/Model.class.php 第 1805 行.
NOTIC: [8] Undefined variable: where /Applications/MAMP/htdocs/sast/ThinkPHP/Library/Think/Model.class.php 第 1808 行.
NOTIC: [8] Undefined variable: where /Applications/MAMP/htdocs/sast/ThinkPHP/Library/Think/Model.class.php 第 1816 行.
SQL: SELECT `title`,`text` FROM `sast_news`  [ RunTime:0.0179s ]
INFO: [ view_parse ] --START--
INFO: [ template_filter ] --START--
INFO: Run Behavior\ContentReplaceBehavior [ RunTime:0.001491s ]
INFO: [ template_filter ] --END-- [ RunTime:0.001669s ]
NOTIC: [8] Use of undefined constant Math - assumed 'Math' /Applications/MAMP/htdocs/sast/Application/Runtime/Cache/Index/5f343310d4a83e1c2f6d4e5a6181e90a.php 第 71 行.
NOTIC: [8] Array to string conversion /Applications/MAMP/htdocs/sast/Application/Runtime/Cache/Index/5f343310d4a83e1c2f6d4e5a6181e90a.php 第 71 行.
NOTIC: [8] Use of undefined constant Math - assumed 'Math' /Applications/MAMP/htdocs/sast/Application/Runtime/Cache/Index/5f343310d4a83e1c2f6d4e5a6181e90a.php 第 101 行.
NOTIC: [8] Array to string conversion /Applications/MAMP/htdocs/sast/Application/Runtime/Cache/Index/5f343310d4a83e1c2f6d4e5a6181e90a.php 第 101 行.
INFO: Run Behavior\ParseTemplateBehavior [ RunTime:0.032212s ]
INFO: [ view_parse ] --END-- [ RunTime:0.032345s ]
INFO: [ view_filter ] --START--
INFO: Run Behavior\WriteHtmlCacheBehavior [ RunTime:0.001330s ]
INFO: [ view_filter ] --END-- [ RunTime:0.001480s ]
INFO: [ app_end ] --START--
INFO: Run Behavior\ShowPageTraceBehavior [ RunTime:0.001176s ]
INFO: [ app_end ] --END-- [ RunTime:0.001309s ]

[ 2016-05-25T22:24:34+08:00 ] 127.0.0.1 /sast/Index/Login/getverify.html
INFO: [ app_init ] --START--
INFO: Run Behavior\BuildLiteBehavior [ RunTime:0.000060s ]
INFO: [ app_init ] --END-- [ RunTime:0.000314s ]
INFO: [ app_begin ] --START--
INFO: Run Behavior\ReadHtmlCacheBehavior [ RunTime:0.000718s ]
INFO: [ app_begin ] --END-- [ RunTime:0.000868s ]
NOTIC: [8] Use of undefined constant ture - assumed 'ture' /Applications/MAMP/htdocs/sast/Application/Common/Common/function.php 第 28 行.
INFO: [ app_end ] --START--
INFO: Run Behavior\ShowPageTraceBehavior [ RunTime:0.000702s ]
INFO: [ app_end ] --END-- [ RunTime:0.000873s ]

[ 2016-05-25T22:24:37+08:00 ] 127.0.0.1 /sast/index.html
INFO: [ app_init ] --START--
INFO: Run Behavior\BuildLiteBehavior [ RunTime:0.000024s ]
INFO: [ app_init ] --END-- [ RunTime:0.000144s ]
INFO: [ app_begin ] --START--
INFO: Run Behavior\ReadHtmlCacheBehavior [ RunTime:0.000518s ]
INFO: [ app_begin ] --END-- [ RunTime:0.000647s ]
NOTIC: [2] Missing argument 1 for Think\Model::where(), called in /Applications/MAMP/htdocs/sast/Application/Index/Controller/IndexController.class.php on line 12 and defined /Applications/MAMP/htdocs/sast/ThinkPHP/Library/Think/Model.class.php 第 1797 行.
NOTIC: [8] Undefined variable: where /Applications/MAMP/htdocs/sast/ThinkPHP/Library/Think/Model.class.php 第 1805 行.
NOTIC: [8] Undefined variable: where /Applications/MAMP/htdocs/sast/ThinkPHP/Library/Think/Model.class.php 第 1808 行.
NOTIC: [8] Undefined variable: where /Applications/MAMP/htdocs/sast/ThinkPHP/Library/Think/Model.class.php 第 1816 行.
SQL: SELECT `title`,`text` FROM `sast_news`  [ RunTime:0.0005s ]
INFO: [ view_parse ] --START--
INFO: [ template_filter ] --START--
INFO: Run Behavior\ContentReplaceBehavior [ RunTime:0.000141s ]
INFO: [ template_filter ] --END-- [ RunTime:0.000269s ]
NOTIC: [8] Use of undefined constant Math - assumed 'Math' /Applications/MAMP/htdocs/sast/Application/Runtime/Cache/Index/5f343310d4a83e1c2f6d4e5a6181e90a.php 第 71 行.
NOTIC: [8] Array to string conversion /Applications/MAMP/htdocs/sast/Application/Runtime/Cache/Index/5f343310d4a83e1c2f6d4e5a6181e90a.php 第 71 行.
NOTIC: [8] Use of undefined constant Math - assumed 'Math' /Applications/MAMP/htdocs/sast/Application/Runtime/Cache/Index/5f343310d4a83e1c2f6d4e5a6181e90a.php 第 101 行.
NOTIC: [8] Array to string conversion /Applications/MAMP/htdocs/sast/Application/Runtime/Cache/Index/5f343310d4a83e1c2f6d4e5a6181e90a.php 第 101 行.
INFO: Run Behavior\ParseTemplateBehavior [ RunTime:0.019637s ]
INFO: [ view_parse ] --END-- [ RunTime:0.019795s ]
INFO: [ view_filter ] --START--
INFO: Run Behavior\WriteHtmlCacheBehavior [ RunTime:0.000174s ]
INFO: [ view_filter ] --END-- [ RunTime:0.000286s ]
INFO: [ app_end ] --START--
INFO: Run Behavior\ShowPageTraceBehavior [ RunTime:0.000661s ]
INFO: [ app_end ] --END-- [ RunTime:0.000788s ]

[ 2016-05-25T22:24:37+08:00 ] 127.0.0.1 /sast/Index/Login/getverify.html
INFO: [ app_init ] --START--
INFO: Run Behavior\BuildLiteBehavior [ RunTime:0.000028s ]
INFO: [ app_init ] --END-- [ RunTime:0.000188s ]
INFO: [ app_begin ] --START--
INFO: Run Behavior\ReadHtmlCacheBehavior [ RunTime:0.000506s ]
INFO: [ app_begin ] --END-- [ RunTime:0.000629s ]
NOTIC: [8] Use of undefined constant ture - assumed 'ture' /Applications/MAMP/htdocs/sast/Application/Common/Common/function.php 第 28 行.
INFO: [ app_end ] --START--
INFO: Run Behavior\ShowPageTraceBehavior [ RunTime:0.000720s ]
INFO: [ app_end ] --END-- [ RunTime:0.000895s ]

[ 2016-05-25T22:24:39+08:00 ] 127.0.0.1 /sast/index.html
INFO: [ app_init ] --START--
INFO: Run Behavior\BuildLiteBehavior [ RunTime:0.000032s ]
INFO: [ app_init ] --END-- [ RunTime:0.000199s ]
INFO: [ app_begin ] --START--
INFO: Run Behavior\ReadHtmlCacheBehavior [ RunTime:0.000504s ]
INFO: [ app_begin ] --END-- [ RunTime:0.000625s ]
NOTIC: [2] Missing argument 1 for Think\Model::where(), called in /Applications/MAMP/htdocs/sast/Application/Index/Controller/IndexController.class.php on line 12 and defined /Applications/MAMP/htdocs/sast/ThinkPHP/Library/Think/Model.class.php 第 1797 行.
NOTIC: [8] Undefined variable: where /Applications/MAMP/htdocs/sast/ThinkPHP/Library/Think/Model.class.php 第 1805 行.
NOTIC: [8] Undefined variable: where /Applications/MAMP/htdocs/sast/ThinkPHP/Library/Think/Model.class.php 第 1808 行.
NOTIC: [8] Undefined variable: where /Applications/MAMP/htdocs/sast/ThinkPHP/Library/Think/Model.class.php 第 1816 行.
SQL: SELECT `title`,`text` FROM `sast_news`  [ RunTime:0.0004s ]
INFO: [ view_parse ] --START--
INFO: [ template_filter ] --START--
INFO: Run Behavior\ContentReplaceBehavior [ RunTime:0.000153s ]
INFO: [ template_filter ] --END-- [ RunTime:0.000296s ]
NOTIC: [8] Use of undefined constant Math - assumed 'Math' /Applications/MAMP/htdocs/sast/Application/Runtime/Cache/Index/5f343310d4a83e1c2f6d4e5a6181e90a.php 第 71 行.
NOTIC: [8] Array to string conversion /Applications/MAMP/htdocs/sast/Application/Runtime/Cache/Index/5f343310d4a83e1c2f6d4e5a6181e90a.php 第 71 行.
NOTIC: [8] Use of undefined constant Math - assumed 'Math' /Applications/MAMP/htdocs/sast/Application/Runtime/Cache/Index/5f343310d4a83e1c2f6d4e5a6181e90a.php 第 101 行.
NOTIC: [8] Array to string conversion /Applications/MAMP/htdocs/sast/Application/Runtime/Cache/Index/5f343310d4a83e1c2f6d4e5a6181e90a.php 第 101 行.
INFO: Run Behavior\ParseTemplateBehavior [ RunTime:0.017527s ]
INFO: [ view_parse ] --END-- [ RunTime:0.017665s ]
INFO: [ view_filter ] --START--
INFO: Run Behavior\WriteHtmlCacheBehavior [ RunTime:0.000188s ]
INFO: [ view_filter ] --END-- [ RunTime:0.000305s ]
INFO: [ app_end ] --START--
INFO: Run Behavior\ShowPageTraceBehavior [ RunTime:0.000561s ]
INFO: [ app_end ] --END-- [ RunTime:0.000676s ]

[ 2016-05-25T22:24:39+08:00 ] 127.0.0.1 /sast/Index/Login/getverify.html
INFO: [ app_init ] --START--
INFO: Run Behavior\BuildLiteBehavior [ RunTime:0.000028s ]
INFO: [ app_init ] --END-- [ RunTime:0.000154s ]
INFO: [ app_begin ] --START--
INFO: Run Behavior\ReadHtmlCacheBehavior [ RunTime:0.000511s ]
INFO: [ app_begin ] --END-- [ RunTime:0.000626s ]
NOTIC: [8] Use of undefined constant ture - assumed 'ture' /Applications/MAMP/htdocs/sast/Application/Common/Common/function.php 第 28 行.
INFO: [ app_end ] --START--
INFO: Run Behavior\ShowPageTraceBehavior [ RunTime:0.000501s ]
INFO: [ app_end ] --END-- [ RunTime:0.000621s ]

[ 2016-05-25T22:25:28+08:00 ] 127.0.0.1 /sast/Index/Search/index.html
INFO: [ app_init ] --START--
INFO: Run Behavior\BuildLiteBehavior [ RunTime:0.000034s ]
INFO: [ app_init ] --END-- [ RunTime:0.000204s ]
INFO: [ app_begin ] --START--
INFO: Run Behavior\ReadHtmlCacheBehavior [ RunTime:0.000537s ]
INFO: [ app_begin ] --END-- [ RunTime:0.000665s ]
NOTIC: [8] Undefined index: p /Applications/MAMP/htdocs/sast/Application/Index/Controller/SearchController.class.php 第 18 行.
NOTIC: [2] Missing argument 1 for Think\Model::where(), called in /Applications/MAMP/htdocs/sast/Application/Index/Controller/SearchController.class.php on line 19 and defined /Applications/MAMP/htdocs/sast/ThinkPHP/Library/Think/Model.class.php 第 1797 行.
NOTIC: [8] Undefined variable: where /Applications/MAMP/htdocs/sast/ThinkPHP/Library/Think/Model.class.php 第 1805 行.
NOTIC: [8] Undefined variable: where /Applications/MAMP/htdocs/sast/ThinkPHP/Library/Think/Model.class.php 第 1808 行.
NOTIC: [8] Undefined variable: where /Applications/MAMP/htdocs/sast/ThinkPHP/Library/Think/Model.class.php 第 1816 行.
SQL: SELECT * FROM `sast_work` ORDER BY work_id desc LIMIT 0,7   [ RunTime:0.0024s ]
NOTIC: [2] Missing argument 1 for Think\Model::where(), called in /Applications/MAMP/htdocs/sast/Application/Index/Controller/SearchController.class.php on line 24 and defined /Applications/MAMP/htdocs/sast/ThinkPHP/Library/Think/Model.class.php 第 1797 行.
NOTIC: [8] Undefined variable: where /Applications/MAMP/htdocs/sast/ThinkPHP/Library/Think/Model.class.php 第 1805 行.
NOTIC: [8] Undefined variable: where /Applications/MAMP/htdocs/sast/ThinkPHP/Library/Think/Model.class.php 第 1808 行.
NOTIC: [8] Undefined variable: where /Applications/MAMP/htdocs/sast/ThinkPHP/Library/Think/Model.class.php 第 1816 行.
SQL: SELECT COUNT(*) AS tp_count FROM `sast_work` LIMIT 1   [ RunTime:0.0011s ]
INFO: [ view_parse ] --START--
INFO: [ template_filter ] --START--
INFO: Run Behavior\ContentReplaceBehavior [ RunTime:0.000135s ]
INFO: [ template_filter ] --END-- [ RunTime:0.000304s ]
NOTIC: [8] Use of undefined constant Math - assumed 'Math' /Applications/MAMP/htdocs/sast/Application/Runtime/Cache/Index/a4bbf827e05883590a75f7eeaad104ff.php 第 70 行.
NOTIC: [8] Array to string conversion /Applications/MAMP/htdocs/sast/Application/Runtime/Cache/Index/a4bbf827e05883590a75f7eeaad104ff.php 第 70 行.
NOTIC: [8] Use of undefined constant Math - assumed 'Math' /Applications/MAMP/htdocs/sast/Application/Runtime/Cache/Index/a4bbf827e05883590a75f7eeaad104ff.php 第 100 行.
NOTIC: [8] Array to string conversion /Applications/MAMP/htdocs/sast/Application/Runtime/Cache/Index/a4bbf827e05883590a75f7eeaad104ff.php 第 100 行.
INFO: Run Behavior\ParseTemplateBehavior [ RunTime:0.017311s ]
INFO: [ view_parse ] --END-- [ RunTime:0.017475s ]
INFO: [ view_filter ] --START--
INFO: Run Behavior\WriteHtmlCacheBehavior [ RunTime:0.000190s ]
INFO: [ view_filter ] --END-- [ RunTime:0.000304s ]
INFO: [ app_end ] --START--
INFO: Run Behavior\ShowPageTraceBehavior [ RunTime:0.000625s ]
INFO: [ app_end ] --END-- [ RunTime:0.000740s ]

[ 2016-05-25T22:25:28+08:00 ] 127.0.0.1 /sast/Index/Login/getverify.html
INFO: [ app_init ] --START--
INFO: Run Behavior\BuildLiteBehavior [ RunTime:0.000036s ]
INFO: [ app_init ] --END-- [ RunTime:0.000213s ]
INFO: [ app_begin ] --START--
INFO: Run Behavior\ReadHtmlCacheBehavior [ RunTime:0.000543s ]
INFO: [ app_begin ] --END-- [ RunTime:0.000666s ]
NOTIC: [8] Use of undefined constant ture - assumed 'ture' /Applications/MAMP/htdocs/sast/Application/Common/Common/function.php 第 28 行.
INFO: [ app_end ] --START--
INFO: Run Behavior\ShowPageTraceBehavior [ RunTime:0.000725s ]
INFO: [ app_end ] --END-- [ RunTime:0.000880s ]

[ 2016-05-25T22:25:29+08:00 ] 127.0.0.1 /sast/Index/Search/index.html
INFO: [ app_init ] --START--
INFO: Run Behavior\BuildLiteBehavior [ RunTime:0.000026s ]
INFO: [ app_init ] --END-- [ RunTime:0.000155s ]
INFO: [ app_begin ] --START--
INFO: Run Behavior\ReadHtmlCacheBehavior [ RunTime:0.000454s ]
INFO: [ app_begin ] --END-- [ RunTime:0.000565s ]
NOTIC: [8] Undefined index: p /Applications/MAMP/htdocs/sast/Application/Index/Controller/SearchController.class.php 第 18 行.
NOTIC: [2] Missing argument 1 for Think\Model::where(), called in /Applications/MAMP/htdocs/sast/Application/Index/Controller/SearchController.class.php on line 19 and defined /Applications/MAMP/htdocs/sast/ThinkPHP/Library/Think/Model.class.php 第 1797 行.
NOTIC: [8] Undefined variable: where /Applications/MAMP/htdocs/sast/ThinkPHP/Library/Think/Model.class.php 第 1805 行.
NOTIC: [8] Undefined variable: where /Applications/MAMP/htdocs/sast/ThinkPHP/Library/Think/Model.class.php 第 1808 行.
NOTIC: [8] Undefined variable: where /Applications/MAMP/htdocs/sast/ThinkPHP/Library/Think/Model.class.php 第 1816 行.
SQL: SELECT * FROM `sast_work` ORDER BY work_id desc LIMIT 0,7   [ RunTime:0.0006s ]
NOTIC: [2] Missing argument 1 for Think\Model::where(), called in /Applications/MAMP/htdocs/sast/Application/Index/Controller/SearchController.class.php on line 24 and defined /Applications/MAMP/htdocs/sast/ThinkPHP/Library/Think/Model.class.php 第 1797 行.
NOTIC: [8] Undefined variable: where /Applications/MAMP/htdocs/sast/ThinkPHP/Library/Think/Model.class.php 第 1805 行.
NOTIC: [8] Undefined variable: where /Applications/MAMP/htdocs/sast/ThinkPHP/Library/Think/Model.class.php 第 1808 行.
NOTIC: [8] Undefined variable: where /Applications/MAMP/htdocs/sast/ThinkPHP/Library/Think/Model.class.php 第 1816 行.
SQL: SELECT COUNT(*) AS tp_count FROM `sast_work` LIMIT 1   [ RunTime:0.0002s ]
INFO: [ view_parse ] --START--
INFO: [ template_filter ] --START--
INFO: Run Behavior\ContentReplaceBehavior [ RunTime:0.000105s ]
INFO: [ template_filter ] --END-- [ RunTime:0.000224s ]
NOTIC: [8] Use of undefined constant Math - assumed 'Math' /Applications/MAMP/htdocs/sast/Application/Runtime/Cache/Index/a4bbf827e05883590a75f7eeaad104ff.php 第 70 行.
NOTIC: [8] Array to string conversion /Applications/MAMP/htdocs/sast/Application/Runtime/Cache/Index/a4bbf827e05883590a75f7eeaad104ff.php 第 70 行.
NOTIC: [8] Use of undefined constant Math - assumed 'Math' /Applications/MAMP/htdocs/sast/Application/Runtime/Cache/Index/a4bbf827e05883590a75f7eeaad104ff.php 第 100 行.
NOTIC: [8] Array to string conversion /Applications/MAMP/htdocs/sast/Application/Runtime/Cache/Index/a4bbf827e05883590a75f7eeaad104ff.php 第 100 行.
INFO: Run Behavior\ParseTemplateBehavior [ RunTime:0.017935s ]
INFO: [ view_parse ] --END-- [ RunTime:0.018102s ]
INFO: [ view_filter ] --START--
INFO: Run Behavior\WriteHtmlCacheBehavior [ RunTime:0.000273s ]
INFO: [ view_filter ] --END-- [ RunTime:0.000456s ]
INFO: [ app_end ] --START--
INFO: Run Behavior\ShowPageTraceBehavior [ RunTime:0.000894s ]
INFO: [ app_end ] --END-- [ RunTime:0.001048s ]

[ 2016-05-25T22:25:29+08:00 ] 127.0.0.1 /sast/Index/Login/getverify.html
INFO: [ app_init ] --START--
INFO: Run Behavior\BuildLiteBehavior [ RunTime:0.000028s ]
INFO: [ app_init ] --END-- [ RunTime:0.000156s ]
INFO: [ app_begin ] --START--
INFO: Run Behavior\ReadHtmlCacheBehavior [ RunTime:0.000473s ]
INFO: [ app_begin ] --END-- [ RunTime:0.000589s ]
NOTIC: [8] Use of undefined constant ture - assumed 'ture' /Applications/MAMP/htdocs/sast/Application/Common/Common/function.php 第 28 行.
INFO: [ app_end ] --START--
INFO: Run Behavior\ShowPageTraceBehavior [ RunTime:0.000494s ]
INFO: [ app_end ] --END-- [ RunTime:0.000616s ]

[ 2016-05-25T22:25:30+08:00 ] 127.0.0.1 /sast/Index/Search/index.html
INFO: [ app_init ] --START--
INFO: Run Behavior\BuildLiteBehavior [ RunTime:0.000025s ]
INFO: [ app_init ] --END-- [ RunTime:0.000146s ]
INFO: [ app_begin ] --START--
INFO: Run Behavior\ReadHtmlCacheBehavior [ RunTime:0.000512s ]
INFO: [ app_begin ] --END-- [ RunTime:0.000627s ]
NOTIC: [8] Undefined index: p /Applications/MAMP/htdocs/sast/Application/Index/Controller/SearchController.class.php 第 18 行.
NOTIC: [2] Missing argument 1 for Think\Model::where(), called in /Applications/MAMP/htdocs/sast/Application/Index/Controller/SearchController.class.php on line 19 and defined /Applications/MAMP/htdocs/sast/ThinkPHP/Library/Think/Model.class.php 第 1797 行.
NOTIC: [8] Undefined variable: where /Applications/MAMP/htdocs/sast/ThinkPHP/Library/Think/Model.class.php 第 1805 行.
NOTIC: [8] Undefined variable: where /Applications/MAMP/htdocs/sast/ThinkPHP/Library/Think/Model.class.php 第 1808 行.
NOTIC: [8] Undefined variable: where /Applications/MAMP/htdocs/sast/ThinkPHP/Library/Think/Model.class.php 第 1816 行.
SQL: SELECT * FROM `sast_work` ORDER BY work_id desc LIMIT 0,7   [ RunTime:0.0004s ]
NOTIC: [2] Missing argument 1 for Think\Model::where(), called in /Applications/MAMP/htdocs/sast/Application/Index/Controller/SearchController.class.php on line 24 and defined /Applications/MAMP/htdocs/sast/ThinkPHP/Library/Think/Model.class.php 第 1797 行.
NOTIC: [8] Undefined variable: where /Applications/MAMP/htdocs/sast/ThinkPHP/Library/Think/Model.class.php 第 1805 行.
NOTIC: [8] Undefined variable: where /Applications/MAMP/htdocs/sast/ThinkPHP/Library/Think/Model.class.php 第 1808 行.
NOTIC: [8] Undefined variable: where /Applications/MAMP/htdocs/sast/ThinkPHP/Library/Think/Model.class.php 第 1816 行.
SQL: SELECT COUNT(*) AS tp_count FROM `sast_work` LIMIT 1   [ RunTime:0.0002s ]
INFO: [ view_parse ] --START--
INFO: [ template_filter ] --START--
INFO: Run Behavior\ContentReplaceBehavior [ RunTime:0.000092s ]
INFO: [ template_filter ] --END-- [ RunTime:0.000232s ]
NOTIC: [8] Use of undefined constant Math - assumed 'Math' /Applications/MAMP/htdocs/sast/Application/Runtime/Cache/Index/a4bbf827e05883590a75f7eeaad104ff.php 第 70 行.
NOTIC: [8] Array to string conversion /Applications/MAMP/htdocs/sast/Application/Runtime/Cache/Index/a4bbf827e05883590a75f7eeaad104ff.php 第 70 行.
NOTIC: [8] Use of undefined constant Math - assumed 'Math' /Applications/MAMP/htdocs/sast/Application/Runtime/Cache/Index/a4bbf827e05883590a75f7eeaad104ff.php 第 100 行.
NOTIC: [8] Array to string conversion /Applications/MAMP/htdocs/sast/Application/Runtime/Cache/Index/a4bbf827e05883590a75f7eeaad104ff.php 第 100 行.
INFO: Run Behavior\ParseTemplateBehavior [ RunTime:0.015066s ]
INFO: [ view_parse ] --END-- [ RunTime:0.015184s ]
INFO: [ view_filter ] --START--
INFO: Run Behavior\WriteHtmlCacheBehavior [ RunTime:0.000185s ]
INFO: [ view_filter ] --END-- [ RunTime:0.000294s ]
INFO: [ app_end ] --START--
INFO: Run Behavior\ShowPageTraceBehavior [ RunTime:0.000603s ]
INFO: [ app_end ] --END-- [ RunTime:0.000735s ]

[ 2016-05-25T22:25:31+08:00 ] 127.0.0.1 /sast/Index/Login/getverify.html
INFO: [ app_init ] --START--
INFO: Run Behavior\BuildLiteBehavior [ RunTime:0.000027s ]
INFO: [ app_init ] --END-- [ RunTime:0.000166s ]
INFO: [ app_begin ] --START--
INFO: Run Behavior\ReadHtmlCacheBehavior [ RunTime:0.000468s ]
INFO: [ app_begin ] --END-- [ RunTime:0.000584s ]
NOTIC: [8] Use of undefined constant ture - assumed 'ture' /Applications/MAMP/htdocs/sast/Application/Common/Common/function.php 第 28 行.
INFO: [ app_end ] --START--
INFO: Run Behavior\ShowPageTraceBehavior [ RunTime:0.000760s ]
INFO: [ app_end ] --END-- [ RunTime:0.000979s ]

[ 2016-05-25T22:25:31+08:00 ] 127.0.0.1 /sast/Index/Search/index.html
INFO: [ app_init ] --START--
INFO: Run Behavior\BuildLiteBehavior [ RunTime:0.000026s ]
INFO: [ app_init ] --END-- [ RunTime:0.000150s ]
INFO: [ app_begin ] --START--
INFO: Run Behavior\ReadHtmlCacheBehavior [ RunTime:0.000453s ]
INFO: [ app_begin ] --END-- [ RunTime:0.000564s ]
NOTIC: [8] Undefined index: p /Applications/MAMP/htdocs/sast/Application/Index/Controller/SearchController.class.php 第 18 行.
NOTIC: [2] Missing argument 1 for Think\Model::where(), called in /Applications/MAMP/htdocs/sast/Application/Index/Controller/SearchController.class.php on line 19 and defined /Applications/MAMP/htdocs/sast/ThinkPHP/Library/Think/Model.class.php 第 1797 行.
NOTIC: [8] Undefined variable: where /Applications/MAMP/htdocs/sast/ThinkPHP/Library/Think/Model.class.php 第 1805 行.
NOTIC: [8] Undefined variable: where /Applications/MAMP/htdocs/sast/ThinkPHP/Library/Think/Model.class.php 第 1808 行.
NOTIC: [8] Undefined variable: where /Applications/MAMP/htdocs/sast/ThinkPHP/Library/Think/Model.class.php 第 1816 行.
SQL: SELECT * FROM `sast_work` ORDER BY work_id desc LIMIT 0,7   [ RunTime:0.0003s ]
NOTIC: [2] Missing argument 1 for Think\Model::where(), called in /Applications/MAMP/htdocs/sast/Application/Index/Controller/SearchController.class.php on line 24 and defined /Applications/MAMP/htdocs/sast/ThinkPHP/Library/Think/Model.class.php 第 1797 行.
NOTIC: [8] Undefined variable: where /Applications/MAMP/htdocs/sast/ThinkPHP/Library/Think/Model.class.php 第 1805 行.
NOTIC: [8] Undefined variable: where /Applications/MAMP/htdocs/sast/ThinkPHP/Library/Think/Model.class.php 第 1808 行.
NOTIC: [8] Undefined variable: where /Applications/MAMP/htdocs/sast/ThinkPHP/Library/Think/Model.class.php 第 1816 行.
SQL: SELECT COUNT(*) AS tp_count FROM `sast_work` LIMIT 1   [ RunTime:0.0002s ]
INFO: [ view_parse ] --START--
INFO: [ template_filter ] --START--
INFO: Run Behavior\ContentReplaceBehavior [ RunTime:0.000089s ]
INFO: [ template_filter ] --END-- [ RunTime:0.000226s ]
NOTIC: [8] Use of undefined constant Math - assumed 'Math' /Applications/MAMP/htdocs/sast/Application/Runtime/Cache/Index/a4bbf827e05883590a75f7eeaad104ff.php 第 70 行.
NOTIC: [8] Array to string conversion /Applications/MAMP/htdocs/sast/Application/Runtime/Cache/Index/a4bbf827e05883590a75f7eeaad104ff.php 第 70 行.
NOTIC: [8] Use of undefined constant Math - assumed 'Math' /Applications/MAMP/htdocs/sast/Application/Runtime/Cache/Index/a4bbf827e05883590a75f7eeaad104ff.php 第 100 行.
NOTIC: [8] Array to string conversion /Applications/MAMP/htdocs/sast/Application/Runtime/Cache/Index/a4bbf827e05883590a75f7eeaad104ff.php 第 100 行.
INFO: Run Behavior\ParseTemplateBehavior [ RunTime:0.016719s ]
INFO: [ view_parse ] --END-- [ RunTime:0.016855s ]
INFO: [ view_filter ] --START--
INFO: Run Behavior\WriteHtmlCacheBehavior [ RunTime:0.000181s ]
INFO: [ view_filter ] --END-- [ RunTime:0.000295s ]
INFO: [ app_end ] --START--
INFO: Run Behavior\ShowPageTraceBehavior [ RunTime:0.000526s ]
INFO: [ app_end ] --END-- [ RunTime:0.000643s ]

[ 2016-05-25T22:25:31+08:00 ] 127.0.0.1 /sast/Index/Login/getverify.html
INFO: [ app_init ] --START--
INFO: Run Behavior\BuildLiteBehavior [ RunTime:0.000029s ]
INFO: [ app_init ] --END-- [ RunTime:0.000161s ]
INFO: [ app_begin ] --START--
INFO: Run Behavior\ReadHtmlCacheBehavior [ RunTime:0.000506s ]
INFO: [ app_begin ] --END-- [ RunTime:0.000628s ]
NOTIC: [8] Use of undefined constant ture - assumed 'ture' /Applications/MAMP/htdocs/sast/Application/Common/Common/function.php 第 28 行.
INFO: [ app_end ] --START--
INFO: Run Behavior\ShowPageTraceBehavior [ RunTime:0.000587s ]
INFO: [ app_end ] --END-- [ RunTime:0.000731s ]

[ 2016-05-25T22:25:32+08:00 ] 127.0.0.1 /sast/Index/Search/index.html
INFO: [ app_init ] --START--
INFO: Run Behavior\BuildLiteBehavior [ RunTime:0.000026s ]
INFO: [ app_init ] --END-- [ RunTime:0.000148s ]
INFO: [ app_begin ] --START--
INFO: Run Behavior\ReadHtmlCacheBehavior [ RunTime:0.000449s ]
INFO: [ app_begin ] --END-- [ RunTime:0.000560s ]
NOTIC: [8] Undefined index: p /Applications/MAMP/htdocs/sast/Application/Index/Controller/SearchController.class.php 第 18 行.
NOTIC: [2] Missing argument 1 for Think\Model::where(), called in /Applications/MAMP/htdocs/sast/Application/Index/Controller/SearchController.class.php on line 19 and defined /Applications/MAMP/htdocs/sast/ThinkPHP/Library/Think/Model.class.php 第 1797 行.
NOTIC: [8] Undefined variable: where /Applications/MAMP/htdocs/sast/ThinkPHP/Library/Think/Model.class.php 第 1805 行.
NOTIC: [8] Undefined variable: where /Applications/MAMP/htdocs/sast/ThinkPHP/Library/Think/Model.class.php 第 1808 行.
NOTIC: [8] Undefined variable: where /Applications/MAMP/htdocs/sast/ThinkPHP/Library/Think/Model.class.php 第 1816 行.
SQL: SELECT * FROM `sast_work` ORDER BY work_id desc LIMIT 0,7   [ RunTime:0.0004s ]
NOTIC: [2] Missing argument 1 for Think\Model::where(), called in /Applications/MAMP/htdocs/sast/Application/Index/Controller/SearchController.class.php on line 24 and defined /Applications/MAMP/htdocs/sast/ThinkPHP/Library/Think/Model.class.php 第 1797 行.
NOTIC: [8] Undefined variable: where /Applications/MAMP/htdocs/sast/ThinkPHP/Library/Think/Model.class.php 第 1805 行.
NOTIC: [8] Undefined variable: where /Applications/MAMP/htdocs/sast/ThinkPHP/Library/Think/Model.class.php 第 1808 行.
NOTIC: [8] Undefined variable: where /Applications/MAMP/htdocs/sast/ThinkPHP/Library/Think/Model.class.php 第 1816 行.
SQL: SELECT COUNT(*) AS tp_count FROM `sast_work` LIMIT 1   [ RunTime:0.0001s ]
INFO: [ view_parse ] --START--
INFO: [ template_filter ] --START--
INFO: Run Behavior\ContentReplaceBehavior [ RunTime:0.000103s ]
INFO: [ template_filter ] --END-- [ RunTime:0.000231s ]
NOTIC: [8] Use of undefined constant Math - assumed 'Math' /Applications/MAMP/htdocs/sast/Application/Runtime/Cache/Index/a4bbf827e05883590a75f7eeaad104ff.php 第 70 行.
NOTIC: [8] Array to string conversion /Applications/MAMP/htdocs/sast/Application/Runtime/Cache/Index/a4bbf827e05883590a75f7eeaad104ff.php 第 70 行.
NOTIC: [8] Use of undefined constant Math - assumed 'Math' /Applications/MAMP/htdocs/sast/Application/Runtime/Cache/Index/a4bbf827e05883590a75f7eeaad104ff.php 第 100 行.
NOTIC: [8] Array to string conversion /Applications/MAMP/htdocs/sast/Application/Runtime/Cache/Index/a4bbf827e05883590a75f7eeaad104ff.php 第 100 行.
INFO: Run Behavior\ParseTemplateBehavior [ RunTime:0.015058s ]
INFO: [ view_parse ] --END-- [ RunTime:0.015224s ]
INFO: [ view_filter ] --START--
INFO: Run Behavior\WriteHtmlCacheBehavior [ RunTime:0.000315s ]
INFO: [ view_filter ] --END-- [ RunTime:0.000497s ]
INFO: [ app_end ] --START--
INFO: Run Behavior\ShowPageTraceBehavior [ RunTime:0.000546s ]
INFO: [ app_end ] --END-- [ RunTime:0.000680s ]

[ 2016-05-25T22:25:32+08:00 ] 127.0.0.1 /sast/Index/Login/getverify.html
INFO: [ app_init ] --START--
INFO: Run Behavior\BuildLiteBehavior [ RunTime:0.000029s ]
INFO: [ app_init ] --END-- [ RunTime:0.000161s ]
INFO: [ app_begin ] --START--
INFO: Run Behavior\ReadHtmlCacheBehavior [ RunTime:0.000487s ]
INFO: [ app_begin ] --END-- [ RunTime:0.000605s ]
NOTIC: [8] Use of undefined constant ture - assumed 'ture' /Applications/MAMP/htdocs/sast/Application/Common/Common/function.php 第 28 行.
INFO: [ app_end ] --START--
INFO: Run Behavior\ShowPageTraceBehavior [ RunTime:0.000526s ]
INFO: [ app_end ] --END-- [ RunTime:0.000674s ]

[ 2016-05-25T22:25:32+08:00 ] 127.0.0.1 /sast/Index/Search/index.html
INFO: [ app_init ] --START--
INFO: Run Behavior\BuildLiteBehavior [ RunTime:0.000028s ]
INFO: [ app_init ] --END-- [ RunTime:0.000159s ]
INFO: [ app_begin ] --START--
INFO: Run Behavior\ReadHtmlCacheBehavior [ RunTime:0.000488s ]
INFO: [ app_begin ] --END-- [ RunTime:0.000606s ]
NOTIC: [8] Undefined index: p /Applications/MAMP/htdocs/sast/Application/Index/Controller/SearchController.class.php 第 18 行.
NOTIC: [2] Missing argument 1 for Think\Model::where(), called in /Applications/MAMP/htdocs/sast/Application/Index/Controller/SearchController.class.php on line 19 and defined /Applications/MAMP/htdocs/sast/ThinkPHP/Library/Think/Model.class.php 第 1797 行.
NOTIC: [8] Undefined variable: where /Applications/MAMP/htdocs/sast/ThinkPHP/Library/Think/Model.class.php 第 1805 行.
NOTIC: [8] Undefined variable: where /Applications/MAMP/htdocs/sast/ThinkPHP/Library/Think/Model.class.php 第 1808 行.
NOTIC: [8] Undefined variable: where /Applications/MAMP/htdocs/sast/ThinkPHP/Library/Think/Model.class.php 第 1816 行.
SQL: SELECT * FROM `sast_work` ORDER BY work_id desc LIMIT 0,7   [ RunTime:0.0004s ]
NOTIC: [2] Missing argument 1 for Think\Model::where(), called in /Applications/MAMP/htdocs/sast/Application/Index/Controller/SearchController.class.php on line 24 and defined /Applications/MAMP/htdocs/sast/ThinkPHP/Library/Think/Model.class.php 第 1797 行.
NOTIC: [8] Undefined variable: where /Applications/MAMP/htdocs/sast/ThinkPHP/Library/Think/Model.class.php 第 1805 行.
NOTIC: [8] Undefined variable: where /Applications/MAMP/htdocs/sast/ThinkPHP/Library/Think/Model.class.php 第 1808 行.
NOTIC: [8] Undefined variable: where /Applications/MAMP/htdocs/sast/ThinkPHP/Library/Think/Model.class.php 第 1816 行.
SQL: SELECT COUNT(*) AS tp_count FROM `sast_work` LIMIT 1   [ RunTime:0.0002s ]
INFO: [ view_parse ] --START--
INFO: [ template_filter ] --START--
INFO: Run Behavior\ContentReplaceBehavior [ RunTime:0.000086s ]
INFO: [ template_filter ] --END-- [ RunTime:0.000222s ]
NOTIC: [8] Use of undefined constant Math - assumed 'Math' /Applications/MAMP/htdocs/sast/Application/Runtime/Cache/Index/a4bbf827e05883590a75f7eeaad104ff.php 第 70 行.
NOTIC: [8] Array to string conversion /Applications/MAMP/htdocs/sast/Application/Runtime/Cache/Index/a4bbf827e05883590a75f7eeaad104ff.php 第 70 行.
NOTIC: [8] Use of undefined constant Math - assumed 'Math' /Applications/MAMP/htdocs/sast/Application/Runtime/Cache/Index/a4bbf827e05883590a75f7eeaad104ff.php 第 100 行.
NOTIC: [8] Array to string conversion /Applications/MAMP/htdocs/sast/Application/Runtime/Cache/Index/a4bbf827e05883590a75f7eeaad104ff.php 第 100 行.
INFO: Run Behavior\ParseTemplateBehavior [ RunTime:0.016371s ]
INFO: [ view_parse ] --END-- [ RunTime:0.016520s ]
INFO: [ view_filter ] --START--
INFO: Run Behavior\WriteHtmlCacheBehavior [ RunTime:0.000175s ]
INFO: [ view_filter ] --END-- [ RunTime:0.000287s ]
INFO: [ app_end ] --START--
INFO: Run Behavior\ShowPageTraceBehavior [ RunTime:0.000658s ]
INFO: [ app_end ] --END-- [ RunTime:0.000780s ]

[ 2016-05-25T22:25:32+08:00 ] 127.0.0.1 /sast/Index/Login/getverify.html
INFO: [ app_init ] --START--
INFO: Run Behavior\BuildLiteBehavior [ RunTime:0.000029s ]
INFO: [ app_init ] --END-- [ RunTime:0.000159s ]
INFO: [ app_begin ] --START--
INFO: Run Behavior\ReadHtmlCacheBehavior [ RunTime:0.000511s ]
INFO: [ app_begin ] --END-- [ RunTime:0.000633s ]
NOTIC: [8] Use of undefined constant ture - assumed 'ture' /Applications/MAMP/htdocs/sast/Application/Common/Common/function.php 第 28 行.
INFO: [ app_end ] --START--
INFO: Run Behavior\ShowPageTraceBehavior [ RunTime:0.000623s ]
INFO: [ app_end ] --END-- [ RunTime:0.000770s ]

[ 2016-05-25T22:25:34+08:00 ] 127.0.0.1 /sast/Index/Search/index.html
INFO: [ app_init ] --START--
INFO: Run Behavior\BuildLiteBehavior [ RunTime:0.000031s ]
INFO: [ app_init ] --END-- [ RunTime:0.000204s ]
INFO: [ app_begin ] --START--
INFO: Run Behavior\ReadHtmlCacheBehavior [ RunTime:0.000580s ]
INFO: [ app_begin ] --END-- [ RunTime:0.000713s ]
NOTIC: [8] Undefined index: p /Applications/MAMP/htdocs/sast/Application/Index/Controller/SearchController.class.php 第 18 行.
NOTIC: [2] Missing argument 1 for Think\Model::where(), called in /Applications/MAMP/htdocs/sast/Application/Index/Controller/SearchController.class.php on line 19 and defined /Applications/MAMP/htdocs/sast/ThinkPHP/Library/Think/Model.class.php 第 1797 行.
NOTIC: [8] Undefined variable: where /Applications/MAMP/htdocs/sast/ThinkPHP/Library/Think/Model.class.php 第 1805 行.
NOTIC: [8] Undefined variable: where /Applications/MAMP/htdocs/sast/ThinkPHP/Library/Think/Model.class.php 第 1808 行.
NOTIC: [8] Undefined variable: where /Applications/MAMP/htdocs/sast/ThinkPHP/Library/Think/Model.class.php 第 1816 行.
SQL: SELECT * FROM `sast_work` ORDER BY work_id desc LIMIT 0,7   [ RunTime:0.0003s ]
NOTIC: [2] Missing argument 1 for Think\Model::where(), called in /Applications/MAMP/htdocs/sast/Application/Index/Controller/SearchController.class.php on line 24 and defined /Applications/MAMP/htdocs/sast/ThinkPHP/Library/Think/Model.class.php 第 1797 行.
NOTIC: [8] Undefined variable: where /Applications/MAMP/htdocs/sast/ThinkPHP/Library/Think/Model.class.php 第 1805 行.
NOTIC: [8] Undefined variable: where /Applications/MAMP/htdocs/sast/ThinkPHP/Library/Think/Model.class.php 第 1808 行.
NOTIC: [8] Undefined variable: where /Applications/MAMP/htdocs/sast/ThinkPHP/Library/Think/Model.class.php 第 1816 行.
SQL: SELECT COUNT(*) AS tp_count FROM `sast_work` LIMIT 1   [ RunTime:0.0002s ]
INFO: [ view_parse ] --START--
INFO: [ template_filter ] --START--
INFO: Run Behavior\ContentReplaceBehavior [ RunTime:0.000093s ]
INFO: [ template_filter ] --END-- [ RunTime:0.000237s ]
NOTIC: [8] Use of undefined constant Math - assumed 'Math' /Applications/MAMP/htdocs/sast/Application/Runtime/Cache/Index/a4bbf827e05883590a75f7eeaad104ff.php 第 70 行.
NOTIC: [8] Array to string conversion /Applications/MAMP/htdocs/sast/Application/Runtime/Cache/Index/a4bbf827e05883590a75f7eeaad104ff.php 第 70 行.
NOTIC: [8] Use of undefined constant Math - assumed 'Math' /Applications/MAMP/htdocs/sast/Application/Runtime/Cache/Index/a4bbf827e05883590a75f7eeaad104ff.php 第 100 行.
NOTIC: [8] Array to string conversion /Applications/MAMP/htdocs/sast/Application/Runtime/Cache/Index/a4bbf827e05883590a75f7eeaad104ff.php 第 100 行.
INFO: Run Behavior\ParseTemplateBehavior [ RunTime:0.016670s ]
INFO: [ view_parse ] --END-- [ RunTime:0.016789s ]
INFO: [ view_filter ] --START--
INFO: Run Behavior\WriteHtmlCacheBehavior [ RunTime:0.000175s ]
INFO: [ view_filter ] --END-- [ RunTime:0.000281s ]
INFO: [ app_end ] --START--
INFO: Run Behavior\ShowPageTraceBehavior [ RunTime:0.000562s ]
INFO: [ app_end ] --END-- [ RunTime:0.000686s ]

[ 2016-05-25T22:25:34+08:00 ] 127.0.0.1 /sast/Index/Login/getverify.html
INFO: [ app_init ] --START--
INFO: Run Behavior\BuildLiteBehavior [ RunTime:0.000029s ]
INFO: [ app_init ] --END-- [ RunTime:0.000161s ]
INFO: [ app_begin ] --START--
INFO: Run Behavior\ReadHtmlCacheBehavior [ RunTime:0.000670s ]
INFO: [ app_begin ] --END-- [ RunTime:0.000813s ]
NOTIC: [8] Use of undefined constant ture - assumed 'ture' /Applications/MAMP/htdocs/sast/Application/Common/Common/function.php 第 28 行.
INFO: [ app_end ] --START--
INFO: Run Behavior\ShowPageTraceBehavior [ RunTime:0.000616s ]
INFO: [ app_end ] --END-- [ RunTime:0.000761s ]

[ 2016-05-25T22:36:42+08:00 ] 127.0.0.1 /sast/
INFO: [ app_init ] --START--
INFO: Run Behavior\BuildLiteBehavior [ RunTime:0.000462s ]
INFO: [ app_init ] --END-- [ RunTime:0.001338s ]
INFO: [ app_begin ] --START--
INFO: Run Behavior\ReadHtmlCacheBehavior [ RunTime:0.000894s ]
INFO: [ app_begin ] --END-- [ RunTime:0.001028s ]
NOTIC: [2] Missing argument 1 for Think\Model::where(), called in /Applications/MAMP/htdocs/sast/Application/Index/Controller/IndexController.class.php on line 12 and defined /Applications/MAMP/htdocs/sast/ThinkPHP/Library/Think/Model.class.php 第 1797 行.
NOTIC: [8] Undefined variable: where /Applications/MAMP/htdocs/sast/ThinkPHP/Library/Think/Model.class.php 第 1805 行.
NOTIC: [8] Undefined variable: where /Applications/MAMP/htdocs/sast/ThinkPHP/Library/Think/Model.class.php 第 1808 行.
NOTIC: [8] Undefined variable: where /Applications/MAMP/htdocs/sast/ThinkPHP/Library/Think/Model.class.php 第 1816 行.
SQL: SELECT `title`,`text` FROM `sast_news`  [ RunTime:0.0058s ]
INFO: [ view_parse ] --START--
INFO: [ template_filter ] --START--
INFO: Run Behavior\ContentReplaceBehavior [ RunTime:0.000145s ]
INFO: [ template_filter ] --END-- [ RunTime:0.000280s ]
NOTIC: [8] Use of undefined constant Math - assumed 'Math' /Applications/MAMP/htdocs/sast/Application/Runtime/Cache/Index/5f343310d4a83e1c2f6d4e5a6181e90a.php 第 71 行.
NOTIC: [8] Array to string conversion /Applications/MAMP/htdocs/sast/Application/Runtime/Cache/Index/5f343310d4a83e1c2f6d4e5a6181e90a.php 第 71 行.
NOTIC: [8] Use of undefined constant Math - assumed 'Math' /Applications/MAMP/htdocs/sast/Application/Runtime/Cache/Index/5f343310d4a83e1c2f6d4e5a6181e90a.php 第 101 行.
NOTIC: [8] Array to string conversion /Applications/MAMP/htdocs/sast/Application/Runtime/Cache/Index/5f343310d4a83e1c2f6d4e5a6181e90a.php 第 101 行.
INFO: Run Behavior\ParseTemplateBehavior [ RunTime:0.026133s ]
INFO: [ view_parse ] --END-- [ RunTime:0.026252s ]
INFO: [ view_filter ] --START--
INFO: Run Behavior\WriteHtmlCacheBehavior [ RunTime:0.001077s ]
INFO: [ view_filter ] --END-- [ RunTime:0.001247s ]
INFO: [ app_end ] --START--
INFO: Run Behavior\ShowPageTraceBehavior [ RunTime:0.000971s ]
INFO: [ app_end ] --END-- [ RunTime:0.001168s ]

[ 2016-05-25T22:36:42+08:00 ] 127.0.0.1 /sast/Index/Login/getverify.html
INFO: [ app_init ] --START--
INFO: Run Behavior\BuildLiteBehavior [ RunTime:0.000034s ]
INFO: [ app_init ] --END-- [ RunTime:0.000167s ]
INFO: [ app_begin ] --START--
INFO: Run Behavior\ReadHtmlCacheBehavior [ RunTime:0.000544s ]
INFO: [ app_begin ] --END-- [ RunTime:0.000667s ]
NOTIC: [8] Use of undefined constant ture - assumed 'ture' /Applications/MAMP/htdocs/sast/Application/Common/Common/function.php 第 28 行.
INFO: [ app_end ] --START--
INFO: Run Behavior\ShowPageTraceBehavior [ RunTime:0.000628s ]
INFO: [ app_end ] --END-- [ RunTime:0.000787s ]

[ 2016-05-25T22:37:51+08:00 ] 127.0.0.1 /sast/Index/Search/index.html
INFO: [ app_init ] --START--
INFO: Run Behavior\BuildLiteBehavior [ RunTime:0.000034s ]
INFO: [ app_init ] --END-- [ RunTime:0.000201s ]
INFO: [ app_begin ] --START--
INFO: Run Behavior\ReadHtmlCacheBehavior [ RunTime:0.000512s ]
INFO: [ app_begin ] --END-- [ RunTime:0.000629s ]
NOTIC: [8] Undefined index: p /Applications/MAMP/htdocs/sast/Application/Index/Controller/SearchController.class.php 第 18 行.
NOTIC: [2] Missing argument 1 for Think\Model::where(), called in /Applications/MAMP/htdocs/sast/Application/Index/Controller/SearchController.class.php on line 19 and defined /Applications/MAMP/htdocs/sast/ThinkPHP/Library/Think/Model.class.php 第 1797 行.
NOTIC: [8] Undefined variable: where /Applications/MAMP/htdocs/sast/ThinkPHP/Library/Think/Model.class.php 第 1805 行.
NOTIC: [8] Undefined variable: where /Applications/MAMP/htdocs/sast/ThinkPHP/Library/Think/Model.class.php 第 1808 行.
NOTIC: [8] Undefined variable: where /Applications/MAMP/htdocs/sast/ThinkPHP/Library/Think/Model.class.php 第 1816 行.
SQL: SELECT * FROM `sast_work` ORDER BY work_id desc LIMIT 0,7   [ RunTime:0.0019s ]
NOTIC: [2] Missing argument 1 for Think\Model::where(), called in /Applications/MAMP/htdocs/sast/Application/Index/Controller/SearchController.class.php on line 24 and defined /Applications/MAMP/htdocs/sast/ThinkPHP/Library/Think/Model.class.php 第 1797 行.
NOTIC: [8] Undefined variable: where /Applications/MAMP/htdocs/sast/ThinkPHP/Library/Think/Model.class.php 第 1805 行.
NOTIC: [8] Undefined variable: where /Applications/MAMP/htdocs/sast/ThinkPHP/Library/Think/Model.class.php 第 1808 行.
NOTIC: [8] Undefined variable: where /Applications/MAMP/htdocs/sast/ThinkPHP/Library/Think/Model.class.php 第 1816 行.
SQL: SELECT COUNT(*) AS tp_count FROM `sast_work` LIMIT 1   [ RunTime:0.0013s ]
INFO: [ view_parse ] --START--
INFO: [ template_filter ] --START--
INFO: Run Behavior\ContentReplaceBehavior [ RunTime:0.000113s ]
INFO: [ template_filter ] --END-- [ RunTime:0.000243s ]
NOTIC: [8] Use of undefined constant Math - assumed 'Math' /Applications/MAMP/htdocs/sast/Application/Runtime/Cache/Index/a4bbf827e05883590a75f7eeaad104ff.php 第 70 行.
NOTIC: [8] Array to string conversion /Applications/MAMP/htdocs/sast/Application/Runtime/Cache/Index/a4bbf827e05883590a75f7eeaad104ff.php 第 70 行.
NOTIC: [8] Use of undefined constant Math - assumed 'Math' /Applications/MAMP/htdocs/sast/Application/Runtime/Cache/Index/a4bbf827e05883590a75f7eeaad104ff.php 第 100 行.
NOTIC: [8] Array to string conversion /Applications/MAMP/htdocs/sast/Application/Runtime/Cache/Index/a4bbf827e05883590a75f7eeaad104ff.php 第 100 行.
INFO: Run Behavior\ParseTemplateBehavior [ RunTime:0.016159s ]
INFO: [ view_parse ] --END-- [ RunTime:0.016274s ]
INFO: [ view_filter ] --START--
INFO: Run Behavior\WriteHtmlCacheBehavior [ RunTime:0.000160s ]
INFO: [ view_filter ] --END-- [ RunTime:0.000267s ]
INFO: [ app_end ] --START--
INFO: Run Behavior\ShowPageTraceBehavior [ RunTime:0.000586s ]
INFO: [ app_end ] --END-- [ RunTime:0.000699s ]

[ 2016-05-25T22:37:51+08:00 ] 127.0.0.1 /sast/Index/Login/getverify.html
INFO: [ app_init ] --START--
INFO: Run Behavior\BuildLiteBehavior [ RunTime:0.000028s ]
INFO: [ app_init ] --END-- [ RunTime:0.000156s ]
INFO: [ app_begin ] --START--
INFO: Run Behavior\ReadHtmlCacheBehavior [ RunTime:0.000578s ]
INFO: [ app_begin ] --END-- [ RunTime:0.000729s ]
NOTIC: [8] Use of undefined constant ture - assumed 'ture' /Applications/MAMP/htdocs/sast/Application/Common/Common/function.php 第 28 行.
INFO: [ app_end ] --START--
INFO: Run Behavior\ShowPageTraceBehavior [ RunTime:0.000586s ]
INFO: [ app_end ] --END-- [ RunTime:0.000727s ]

