[ 2016-05-28T21:15:05+08:00 ] 127.0.0.1 /Index/Index/index.html
INFO: [ app_init ] --START--
INFO: Run Behavior\BuildLiteBehavior [ RunTime:0.000028s ]
INFO: [ app_init ] --END-- [ RunTime:0.000157s ]
INFO: [ app_begin ] --START--
INFO: Run Behavior\ReadHtmlCacheBehavior [ RunTime:0.000486s ]
INFO: [ app_begin ] --END-- [ RunTime:0.000601s ]
NOTIC: [2] Missing argument 1 for Think\Model::where(), called in /Applications/MAMP/htdocs/sast/Application/Index/Controller/IndexController.class.php on line 13 and defined /Applications/MAMP/htdocs/sast/ThinkPHP/Library/Think/Model.class.php 第 1797 行.
NOTIC: [8] Undefined variable: where /Applications/MAMP/htdocs/sast/ThinkPHP/Library/Think/Model.class.php 第 1805 行.
NOTIC: [8] Undefined variable: where /Applications/MAMP/htdocs/sast/ThinkPHP/Library/Think/Model.class.php 第 1808 行.
NOTIC: [8] Undefined variable: where /Applications/MAMP/htdocs/sast/ThinkPHP/Library/Think/Model.class.php 第 1816 行.
SQL: SELECT `title`,`text` FROM `sast_news`  [ RunTime:0.0003s ]
INFO: [ view_parse ] --START--
INFO: [ template_filter ] --START--
INFO: Run Behavior\ContentReplaceBehavior [ RunTime:0.000108s ]
INFO: [ template_filter ] --END-- [ RunTime:0.000244s ]
NOTIC: [8] Undefined variable: userinfo /Applications/MAMP/htdocs/sast/Application/Runtime/Cache/Index/5f343310d4a83e1c2f6d4e5a6181e90a.php 第 30 行.
NOTIC: [8] Use of undefined constant Math - assumed 'Math' /Applications/MAMP/htdocs/sast/Application/Runtime/Cache/Index/5f343310d4a83e1c2f6d4e5a6181e90a.php 第 79 行.
NOTIC: [8] Array to string conversion /Applications/MAMP/htdocs/sast/Application/Runtime/Cache/Index/5f343310d4a83e1c2f6d4e5a6181e90a.php 第 79 行.
NOTIC: [8] Use of undefined constant Math - assumed 'Math' /Applications/MAMP/htdocs/sast/Application/Runtime/Cache/Index/5f343310d4a83e1c2f6d4e5a6181e90a.php 第 109 行.
NOTIC: [8] Array to string conversion /Applications/MAMP/htdocs/sast/Application/Runtime/Cache/Index/5f343310d4a83e1c2f6d4e5a6181e90a.php 第 109 行.
INFO: Run Behavior\ParseTemplateBehavior [ RunTime:0.018432s ]
INFO: [ view_parse ] --END-- [ RunTime:0.018548s ]
INFO: [ view_filter ] --START--
INFO: Run Behavior\WriteHtmlCacheBehavior [ RunTime:0.000179s ]
INFO: [ view_filter ] --END-- [ RunTime:0.000287s ]
INFO: [ app_end ] --START--
INFO: Run Behavior\ShowPageTraceBehavior [ RunTime:0.000559s ]
INFO: [ app_end ] --END-- [ RunTime:0.000672s ]

[ 2016-05-28T21:15:06+08:00 ] 127.0.0.1 /Index/Login/getverify.html
INFO: [ app_init ] --START--
INFO: Run Behavior\BuildLiteBehavior [ RunTime:0.000054s ]
INFO: [ app_init ] --END-- [ RunTime:0.000339s ]
INFO: [ app_begin ] --START--
INFO: Run Behavior\ReadHtmlCacheBehavior [ RunTime:0.001105s ]
INFO: [ app_begin ] --END-- [ RunTime:0.001329s ]
NOTIC: [8] Use of undefined constant ture - assumed 'ture' /Applications/MAMP/htdocs/sast/Application/Common/Common/function.php 第 28 行.
INFO: [ app_end ] --START--
INFO: Run Behavior\ShowPageTraceBehavior [ RunTime:0.000904s ]
INFO: [ app_end ] --END-- [ RunTime:0.001145s ]

[ 2016-05-28T21:15:06+08:00 ] 127.0.0.1 /Public/css/bootstrap.css.map
INFO: [ app_init ] --START--
INFO: Run Behavior\BuildLiteBehavior [ RunTime:0.000082s ]
INFO: [ app_init ] --END-- [ RunTime:0.000276s ]
INFO: [ app_begin ] --START--
INFO: Run Behavior\ReadHtmlCacheBehavior [ RunTime:0.000503s ]
INFO: [ app_begin ] --END-- [ RunTime:0.000619s ]
ERR: 无法加载控制器:Public

[ 2016-05-28T21:16:41+08:00 ] 127.0.0.1 /Index/Index/index.html
INFO: [ app_init ] --START--
INFO: Run Behavior\BuildLiteBehavior [ RunTime:0.000026s ]
INFO: [ app_init ] --END-- [ RunTime:0.000151s ]
INFO: [ app_begin ] --START--
INFO: Run Behavior\ReadHtmlCacheBehavior [ RunTime:0.000549s ]
INFO: [ app_begin ] --END-- [ RunTime:0.000680s ]
NOTIC: [2] Missing argument 1 for Think\Model::where(), called in /Applications/MAMP/htdocs/sast/Application/Index/Controller/IndexController.class.php on line 13 and defined /Applications/MAMP/htdocs/sast/ThinkPHP/Library/Think/Model.class.php 第 1797 行.
NOTIC: [8] Undefined variable: where /Applications/MAMP/htdocs/sast/ThinkPHP/Library/Think/Model.class.php 第 1805 行.
NOTIC: [8] Undefined variable: where /Applications/MAMP/htdocs/sast/ThinkPHP/Library/Think/Model.class.php 第 1808 行.
NOTIC: [8] Undefined variable: where /Applications/MAMP/htdocs/sast/ThinkPHP/Library/Think/Model.class.php 第 1816 行.
SQL: SELECT `title`,`text` FROM `sast_news`  [ RunTime:0.0003s ]
INFO: [ view_parse ] --START--
INFO: [ template_filter ] --START--
INFO: Run Behavior\ContentReplaceBehavior [ RunTime:0.000171s ]
INFO: [ template_filter ] --END-- [ RunTime:0.000339s ]
NOTIC: [8] Use of undefined constant Math - assumed 'Math' /Applications/MAMP/htdocs/sast/Application/Runtime/Cache/Index/5f343310d4a83e1c2f6d4e5a6181e90a.php 第 79 行.
NOTIC: [8] Array to string conversion /Applications/MAMP/htdocs/sast/Application/Runtime/Cache/Index/5f343310d4a83e1c2f6d4e5a6181e90a.php 第 79 行.
NOTIC: [8] Use of undefined constant Math - assumed 'Math' /Applications/MAMP/htdocs/sast/Application/Runtime/Cache/Index/5f343310d4a83e1c2f6d4e5a6181e90a.php 第 109 行.
NOTIC: [8] Array to string conversion /Applications/MAMP/htdocs/sast/Application/Runtime/Cache/Index/5f343310d4a83e1c2f6d4e5a6181e90a.php 第 109 行.
INFO: Run Behavior\ParseTemplateBehavior [ RunTime:0.020617s ]
INFO: [ view_parse ] --END-- [ RunTime:0.020755s ]
INFO: [ view_filter ] --START--
INFO: Run Behavior\WriteHtmlCacheBehavior [ RunTime:0.000238s ]
INFO: [ view_filter ] --END-- [ RunTime:0.000376s ]
INFO: [ app_end ] --START--
INFO: Run Behavior\ShowPageTraceBehavior [ RunTime:0.000737s ]
INFO: [ app_end ] --END-- [ RunTime:0.000884s ]

[ 2016-05-28T21:16:41+08:00 ] 127.0.0.1 /Index/Login/getverify.html
INFO: [ app_init ] --START--
INFO: Run Behavior\BuildLiteBehavior [ RunTime:0.000038s ]
INFO: [ app_init ] --END-- [ RunTime:0.000278s ]
INFO: [ app_begin ] --START--
INFO: Run Behavior\ReadHtmlCacheBehavior [ RunTime:0.000843s ]
INFO: [ app_begin ] --END-- [ RunTime:0.001040s ]
NOTIC: [8] Use of undefined constant ture - assumed 'ture' /Applications/MAMP/htdocs/sast/Application/Common/Common/function.php 第 28 行.
INFO: [ app_end ] --START--
INFO: Run Behavior\ShowPageTraceBehavior [ RunTime:0.000939s ]
INFO: [ app_end ] --END-- [ RunTime:0.001176s ]

[ 2016-05-28T21:16:41+08:00 ] 127.0.0.1 /Public/css/bootstrap.css.map
INFO: [ app_init ] --START--
INFO: Run Behavior\BuildLiteBehavior [ RunTime:0.000028s ]
INFO: [ app_init ] --END-- [ RunTime:0.000157s ]
INFO: [ app_begin ] --START--
INFO: Run Behavior\ReadHtmlCacheBehavior [ RunTime:0.000492s ]
INFO: [ app_begin ] --END-- [ RunTime:0.000635s ]
ERR: 无法加载控制器:Public

[ 2016-05-28T21:16:42+08:00 ] 127.0.0.1 /Index/Index/index.html
INFO: [ app_init ] --START--
INFO: Run Behavior\BuildLiteBehavior [ RunTime:0.000027s ]
INFO: [ app_init ] --END-- [ RunTime:0.000147s ]
INFO: [ app_begin ] --START--
INFO: Run Behavior\ReadHtmlCacheBehavior [ RunTime:0.000446s ]
INFO: [ app_begin ] --END-- [ RunTime:0.000552s ]
NOTIC: [2] Missing argument 1 for Think\Model::where(), called in /Applications/MAMP/htdocs/sast/Application/Index/Controller/IndexController.class.php on line 13 and defined /Applications/MAMP/htdocs/sast/ThinkPHP/Library/Think/Model.class.php 第 1797 行.
NOTIC: [8] Undefined variable: where /Applications/MAMP/htdocs/sast/ThinkPHP/Library/Think/Model.class.php 第 1805 行.
NOTIC: [8] Undefined variable: where /Applications/MAMP/htdocs/sast/ThinkPHP/Library/Think/Model.class.php 第 1808 行.
NOTIC: [8] Undefined variable: where /Applications/MAMP/htdocs/sast/ThinkPHP/Library/Think/Model.class.php 第 1816 行.
SQL: SELECT `title`,`text` FROM `sast_news`  [ RunTime:0.0003s ]
INFO: [ view_parse ] --START--
INFO: [ template_filter ] --START--
INFO: Run Behavior\ContentReplaceBehavior [ RunTime:0.000139s ]
INFO: [ template_filter ] --END-- [ RunTime:0.000277s ]
NOTIC: [8] Use of undefined constant Math - assumed 'Math' /Applications/MAMP/htdocs/sast/Application/Runtime/Cache/Index/5f343310d4a83e1c2f6d4e5a6181e90a.php 第 79 行.
NOTIC: [8] Array to string conversion /Applications/MAMP/htdocs/sast/Application/Runtime/Cache/Index/5f343310d4a83e1c2f6d4e5a6181e90a.php 第 79 行.
NOTIC: [8] Use of undefined constant Math - assumed 'Math' /Applications/MAMP/htdocs/sast/Application/Runtime/Cache/Index/5f343310d4a83e1c2f6d4e5a6181e90a.php 第 109 行.
NOTIC: [8] Array to string conversion /Applications/MAMP/htdocs/sast/Application/Runtime/Cache/Index/5f343310d4a83e1c2f6d4e5a6181e90a.php 第 109 行.
INFO: Run Behavior\ParseTemplateBehavior [ RunTime:0.018774s ]
INFO: [ view_parse ] --END-- [ RunTime:0.018916s ]
INFO: [ view_filter ] --START--
INFO: Run Behavior\WriteHtmlCacheBehavior [ RunTime:0.000187s ]
INFO: [ view_filter ] --END-- [ RunTime:0.000294s ]
INFO: [ app_end ] --START--
INFO: Run Behavior\ShowPageTraceBehavior [ RunTime:0.000555s ]
INFO: [ app_end ] --END-- [ RunTime:0.000668s ]

[ 2016-05-28T21:16:42+08:00 ] 127.0.0.1 /Index/Login/getverify.html
INFO: [ app_init ] --START--
INFO: Run Behavior\BuildLiteBehavior [ RunTime:0.000030s ]
INFO: [ app_init ] --END-- [ RunTime:0.000169s ]
INFO: [ app_begin ] --START--
INFO: Run Behavior\ReadHtmlCacheBehavior [ RunTime:0.000755s ]
INFO: [ app_begin ] --END-- [ RunTime:0.000957s ]
NOTIC: [8] Use of undefined constant ture - assumed 'ture' /Applications/MAMP/htdocs/sast/Application/Common/Common/function.php 第 28 行.
INFO: [ app_end ] --START--
INFO: Run Behavior\ShowPageTraceBehavior [ RunTime:0.000694s ]
INFO: [ app_end ] --END-- [ RunTime:0.000855s ]

[ 2016-05-28T21:16:42+08:00 ] 127.0.0.1 /Public/css/bootstrap.css.map
INFO: [ app_init ] --START--
INFO: Run Behavior\BuildLiteBehavior [ RunTime:0.000029s ]
INFO: [ app_init ] --END-- [ RunTime:0.000160s ]
INFO: [ app_begin ] --START--
INFO: Run Behavior\ReadHtmlCacheBehavior [ RunTime:0.000522s ]
INFO: [ app_begin ] --END-- [ RunTime:0.000639s ]
ERR: 无法加载控制器:Public

[ 2016-05-28T21:16:49+08:00 ] 127.0.0.1 /Index/Login/logout
INFO: [ app_init ] --START--
INFO: Run Behavior\BuildLiteBehavior [ RunTime:0.000029s ]
INFO: [ app_init ] --END-- [ RunTime:0.000157s ]
INFO: [ app_begin ] --START--
INFO: Run Behavior\ReadHtmlCacheBehavior [ RunTime:0.000491s ]
INFO: [ app_begin ] --END-- [ RunTime:0.000604s ]

[ 2016-05-28T21:16:49+08:00 ] 127.0.0.1 /Index/Index/index.html
INFO: [ app_init ] --START--
INFO: Run Behavior\BuildLiteBehavior [ RunTime:0.000034s ]
INFO: [ app_init ] --END-- [ RunTime:0.000208s ]
INFO: [ app_begin ] --START--
INFO: Run Behavior\ReadHtmlCacheBehavior [ RunTime:0.000569s ]
INFO: [ app_begin ] --END-- [ RunTime:0.000691s ]
NOTIC: [2] Missing argument 1 for Think\Model::where(), called in /Applications/MAMP/htdocs/sast/Application/Index/Controller/IndexController.class.php on line 13 and defined /Applications/MAMP/htdocs/sast/ThinkPHP/Library/Think/Model.class.php 第 1797 行.
NOTIC: [8] Undefined variable: where /Applications/MAMP/htdocs/sast/ThinkPHP/Library/Think/Model.class.php 第 1805 行.
NOTIC: [8] Undefined variable: where /Applications/MAMP/htdocs/sast/ThinkPHP/Library/Think/Model.class.php 第 1808 行.
NOTIC: [8] Undefined variable: where /Applications/MAMP/htdocs/sast/ThinkPHP/Library/Think/Model.class.php 第 1816 行.
SQL: SELECT `title`,`text` FROM `sast_news`  [ RunTime:0.0003s ]
INFO: [ view_parse ] --START--
INFO: [ template_filter ] --START--
INFO: Run Behavior\ContentReplaceBehavior [ RunTime:0.000104s ]
INFO: [ template_filter ] --END-- [ RunTime:0.000223s ]
NOTIC: [8] Undefined index: userinfo /Applications/MAMP/htdocs/sast/Application/Runtime/Cache/Index/5f343310d4a83e1c2f6d4e5a6181e90a.php 第 23 行.
NOTIC: [8] Use of undefined constant Math - assumed 'Math' /Applications/MAMP/htdocs/sast/Application/Runtime/Cache/Index/5f343310d4a83e1c2f6d4e5a6181e90a.php 第 79 行.
NOTIC: [8] Array to string conversion /Applications/MAMP/htdocs/sast/Application/Runtime/Cache/Index/5f343310d4a83e1c2f6d4e5a6181e90a.php 第 79 行.
NOTIC: [8] Use of undefined constant Math - assumed 'Math' /Applications/MAMP/htdocs/sast/Application/Runtime/Cache/Index/5f343310d4a83e1c2f6d4e5a6181e90a.php 第 109 行.
NOTIC: [8] Array to string conversion /Applications/MAMP/htdocs/sast/Application/Runtime/Cache/Index/5f343310d4a83e1c2f6d4e5a6181e90a.php 第 109 行.
INFO: Run Behavior\ParseTemplateBehavior [ RunTime:0.016346s ]
INFO: [ view_parse ] --END-- [ RunTime:0.016471s ]
INFO: [ view_filter ] --START--
INFO: Run Behavior\WriteHtmlCacheBehavior [ RunTime:0.000194s ]
INFO: [ view_filter ] --END-- [ RunTime:0.000304s ]
INFO: [ app_end ] --START--
INFO: Run Behavior\ShowPageTraceBehavior [ RunTime:0.000531s ]
INFO: [ app_end ] --END-- [ RunTime:0.000679s ]

[ 2016-05-28T21:16:49+08:00 ] 127.0.0.1 /Index/Login/getverify.html
INFO: [ app_init ] --START--
INFO: Run Behavior\BuildLiteBehavior [ RunTime:0.000030s ]
INFO: [ app_init ] --END-- [ RunTime:0.000162s ]
INFO: [ app_begin ] --START--
INFO: Run Behavior\ReadHtmlCacheBehavior [ RunTime:0.000792s ]
INFO: [ app_begin ] --END-- [ RunTime:0.000977s ]
NOTIC: [8] Use of undefined constant ture - assumed 'ture' /Applications/MAMP/htdocs/sast/Application/Common/Common/function.php 第 28 行.
INFO: [ app_end ] --START--
INFO: Run Behavior\ShowPageTraceBehavior [ RunTime:0.000714s ]
INFO: [ app_end ] --END-- [ RunTime:0.000889s ]

[ 2016-05-28T21:16:49+08:00 ] 127.0.0.1 /Public/css/bootstrap.css.map
INFO: [ app_init ] --START--
INFO: Run Behavior\BuildLiteBehavior [ RunTime:0.000028s ]
INFO: [ app_init ] --END-- [ RunTime:0.000157s ]
INFO: [ app_begin ] --START--
INFO: Run Behavior\ReadHtmlCacheBehavior [ RunTime:0.000909s ]
INFO: [ app_begin ] --END-- [ RunTime:0.001158s ]
ERR: 无法加载控制器:Public

[ 2016-05-28T21:17:06+08:00 ] 127.0.0.1 /Index/Login/login
INFO: [ app_init ] --START--
INFO: Run Behavior\BuildLiteBehavior [ RunTime:0.000028s ]
INFO: [ app_init ] --END-- [ RunTime:0.000156s ]
INFO: [ app_begin ] --START--
INFO: Run Behavior\ReadHtmlCacheBehavior [ RunTime:0.000487s ]
INFO: [ app_begin ] --END-- [ RunTime:0.000595s ]
SQL: SELECT * FROM `sast_user` WHERE `username` = 'root' AND `password` = '123456' LIMIT 1   [ RunTime:0.0003s ]
NOTIC: [8] Undefined variable: message /Applications/MAMP/htdocs/sast/Application/Index/Controller/LoginController.class.php 第 28 行.
INFO: [ app_end ] --START--
INFO: Run Behavior\ShowPageTraceBehavior [ RunTime:0.000525s ]
INFO: [ app_end ] --END-- [ RunTime:0.000626s ]

[ 2016-05-28T21:17:08+08:00 ] 127.0.0.1 /Index/Index/index.html
INFO: [ app_init ] --START--
INFO: Run Behavior\BuildLiteBehavior [ RunTime:0.000026s ]
INFO: [ app_init ] --END-- [ RunTime:0.000147s ]
INFO: [ app_begin ] --START--
INFO: Run Behavior\ReadHtmlCacheBehavior [ RunTime:0.000466s ]
INFO: [ app_begin ] --END-- [ RunTime:0.000578s ]
NOTIC: [2] Missing argument 1 for Think\Model::where(), called in /Applications/MAMP/htdocs/sast/Application/Index/Controller/IndexController.class.php on line 13 and defined /Applications/MAMP/htdocs/sast/ThinkPHP/Library/Think/Model.class.php 第 1797 行.
NOTIC: [8] Undefined variable: where /Applications/MAMP/htdocs/sast/ThinkPHP/Library/Think/Model.class.php 第 1805 行.
NOTIC: [8] Undefined variable: where /Applications/MAMP/htdocs/sast/ThinkPHP/Library/Think/Model.class.php 第 1808 行.
NOTIC: [8] Undefined variable: where /Applications/MAMP/htdocs/sast/ThinkPHP/Library/Think/Model.class.php 第 1816 行.
SQL: SELECT `title`,`text` FROM `sast_news`  [ RunTime:0.0003s ]
INFO: [ view_parse ] --START--
INFO: [ template_filter ] --START--
INFO: Run Behavior\ContentReplaceBehavior [ RunTime:0.000109s ]
INFO: [ template_filter ] --END-- [ RunTime:0.000247s ]
NOTIC: [8] Use of undefined constant Math - assumed 'Math' /Applications/MAMP/htdocs/sast/Application/Runtime/Cache/Index/5f343310d4a83e1c2f6d4e5a6181e90a.php 第 79 行.
NOTIC: [8] Array to string conversion /Applications/MAMP/htdocs/sast/Application/Runtime/Cache/Index/5f343310d4a83e1c2f6d4e5a6181e90a.php 第 79 行.
NOTIC: [8] Use of undefined constant Math - assumed 'Math' /Applications/MAMP/htdocs/sast/Application/Runtime/Cache/Index/5f343310d4a83e1c2f6d4e5a6181e90a.php 第 109 行.
NOTIC: [8] Array to string conversion /Applications/MAMP/htdocs/sast/Application/Runtime/Cache/Index/5f343310d4a83e1c2f6d4e5a6181e90a.php 第 109 行.
INFO: Run Behavior\ParseTemplateBehavior [ RunTime:0.017691s ]
INFO: [ view_parse ] --END-- [ RunTime:0.017803s ]
INFO: [ view_filter ] --START--
INFO: Run Behavior\WriteHtmlCacheBehavior [ RunTime:0.000174s ]
INFO: [ view_filter ] --END-- [ RunTime:0.000279s ]
INFO: [ app_end ] --START--
INFO: Run Behavior\ShowPageTraceBehavior [ RunTime:0.000532s ]
INFO: [ app_end ] --END-- [ RunTime:0.000653s ]

[ 2016-05-28T21:17:08+08:00 ] 127.0.0.1 /Index/Login/getverify.html
INFO: [ app_init ] --START--
INFO: Run Behavior\BuildLiteBehavior [ RunTime:0.000033s ]
INFO: [ app_init ] --END-- [ RunTime:0.000294s ]
INFO: [ app_begin ] --START--
INFO: Run Behavior\ReadHtmlCacheBehavior [ RunTime:0.000899s ]
INFO: [ app_begin ] --END-- [ RunTime:0.001125s ]
NOTIC: [8] Use of undefined constant ture - assumed 'ture' /Applications/MAMP/htdocs/sast/Application/Common/Common/function.php 第 28 行.
INFO: [ app_end ] --START--
INFO: Run Behavior\ShowPageTraceBehavior [ RunTime:0.000610s ]
INFO: [ app_end ] --END-- [ RunTime:0.000758s ]

[ 2016-05-28T21:17:08+08:00 ] 127.0.0.1 /Public/css/bootstrap.css.map
INFO: [ app_init ] --START--
INFO: Run Behavior\BuildLiteBehavior [ RunTime:0.000043s ]
INFO: [ app_init ] --END-- [ RunTime:0.000244s ]
INFO: [ app_begin ] --START--
INFO: Run Behavior\ReadHtmlCacheBehavior [ RunTime:0.000639s ]
INFO: [ app_begin ] --END-- [ RunTime:0.000779s ]
ERR: 无法加载控制器:Public

[ 2016-05-28T21:17:08+08:00 ] 127.0.0.1 /Index/Index/index.html
INFO: [ app_init ] --START--
INFO: Run Behavior\BuildLiteBehavior [ RunTime:0.000027s ]
INFO: [ app_init ] --END-- [ RunTime:0.000154s ]
INFO: [ app_begin ] --START--
INFO: Run Behavior\ReadHtmlCacheBehavior [ RunTime:0.000483s ]
INFO: [ app_begin ] --END-- [ RunTime:0.000597s ]
NOTIC: [2] Missing argument 1 for Think\Model::where(), called in /Applications/MAMP/htdocs/sast/Application/Index/Controller/IndexController.class.php on line 13 and defined /Applications/MAMP/htdocs/sast/ThinkPHP/Library/Think/Model.class.php 第 1797 行.
NOTIC: [8] Undefined variable: where /Applications/MAMP/htdocs/sast/ThinkPHP/Library/Think/Model.class.php 第 1805 行.
NOTIC: [8] Undefined variable: where /Applications/MAMP/htdocs/sast/ThinkPHP/Library/Think/Model.class.php 第 1808 行.
NOTIC: [8] Undefined variable: where /Applications/MAMP/htdocs/sast/ThinkPHP/Library/Think/Model.class.php 第 1816 行.
SQL: SELECT `title`,`text` FROM `sast_news`  [ RunTime:0.0003s ]
INFO: [ view_parse ] --START--
INFO: [ template_filter ] --START--
INFO: Run Behavior\ContentReplaceBehavior [ RunTime:0.000110s ]
INFO: [ template_filter ] --END-- [ RunTime:0.000253s ]
NOTIC: [8] Use of undefined constant Math - assumed 'Math' /Applications/MAMP/htdocs/sast/Application/Runtime/Cache/Index/5f343310d4a83e1c2f6d4e5a6181e90a.php 第 79 行.
NOTIC: [8] Array to string conversion /Applications/MAMP/htdocs/sast/Application/Runtime/Cache/Index/5f343310d4a83e1c2f6d4e5a6181e90a.php 第 79 行.
NOTIC: [8] Use of undefined constant Math - assumed 'Math' /Applications/MAMP/htdocs/sast/Application/Runtime/Cache/Index/5f343310d4a83e1c2f6d4e5a6181e90a.php 第 109 行.
NOTIC: [8] Array to string conversion /Applications/MAMP/htdocs/sast/Application/Runtime/Cache/Index/5f343310d4a83e1c2f6d4e5a6181e90a.php 第 109 行.
INFO: Run Behavior\ParseTemplateBehavior [ RunTime:0.017452s ]
INFO: [ view_parse ] --END-- [ RunTime:0.017568s ]
INFO: [ view_filter ] --START--
INFO: Run Behavior\WriteHtmlCacheBehavior [ RunTime:0.000192s ]
INFO: [ view_filter ] --END-- [ RunTime:0.000300s ]
INFO: [ app_end ] --START--
INFO: Run Behavior\ShowPageTraceBehavior [ RunTime:0.000528s ]
INFO: [ app_end ] --END-- [ RunTime:0.000641s ]

[ 2016-05-28T21:17:09+08:00 ] 127.0.0.1 /Index/Login/getverify.html
INFO: [ app_init ] --START--
INFO: Run Behavior\BuildLiteBehavior [ RunTime:0.000045s ]
INFO: [ app_init ] --END-- [ RunTime:0.000271s ]
INFO: [ app_begin ] --START--
INFO: Run Behavior\ReadHtmlCacheBehavior [ RunTime:0.000820s ]
INFO: [ app_begin ] --END-- [ RunTime:0.000994s ]
NOTIC: [8] Use of undefined constant ture - assumed 'ture' /Applications/MAMP/htdocs/sast/Application/Common/Common/function.php 第 28 行.
INFO: [ app_end ] --START--
INFO: Run Behavior\ShowPageTraceBehavior [ RunTime:0.000798s ]
INFO: [ app_end ] --END-- [ RunTime:0.001013s ]

[ 2016-05-28T21:17:09+08:00 ] 127.0.0.1 /Public/css/bootstrap.css.map
INFO: [ app_init ] --START--
INFO: Run Behavior\BuildLiteBehavior [ RunTime:0.000029s ]
INFO: [ app_init ] --END-- [ RunTime:0.000160s ]
INFO: [ app_begin ] --START--
INFO: Run Behavior\ReadHtmlCacheBehavior [ RunTime:0.000518s ]
INFO: [ app_begin ] --END-- [ RunTime:0.000640s ]
ERR: 无法加载控制器:Public

[ 2016-05-28T21:17:09+08:00 ] 127.0.0.1 /Index/Index/index.html
INFO: [ app_init ] --START--
INFO: Run Behavior\BuildLiteBehavior [ RunTime:0.000027s ]
INFO: [ app_init ] --END-- [ RunTime:0.000151s ]
INFO: [ app_begin ] --START--
INFO: Run Behavior\ReadHtmlCacheBehavior [ RunTime:0.000461s ]
INFO: [ app_begin ] --END-- [ RunTime:0.000571s ]
NOTIC: [2] Missing argument 1 for Think\Model::where(), called in /Applications/MAMP/htdocs/sast/Application/Index/Controller/IndexController.class.php on line 13 and defined /Applications/MAMP/htdocs/sast/ThinkPHP/Library/Think/Model.class.php 第 1797 行.
NOTIC: [8] Undefined variable: where /Applications/MAMP/htdocs/sast/ThinkPHP/Library/Think/Model.class.php 第 1805 行.
NOTIC: [8] Undefined variable: where /Applications/MAMP/htdocs/sast/ThinkPHP/Library/Think/Model.class.php 第 1808 行.
NOTIC: [8] Undefined variable: where /Applications/MAMP/htdocs/sast/ThinkPHP/Library/Think/Model.class.php 第 1816 行.
SQL: SELECT `title`,`text` FROM `sast_news`  [ RunTime:0.0003s ]
INFO: [ view_parse ] --START--
INFO: [ template_filter ] --START--
INFO: Run Behavior\ContentReplaceBehavior [ RunTime:0.000104s ]
INFO: [ template_filter ] --END-- [ RunTime:0.000246s ]
NOTIC: [8] Use of undefined constant Math - assumed 'Math' /Applications/MAMP/htdocs/sast/Application/Runtime/Cache/Index/5f343310d4a83e1c2f6d4e5a6181e90a.php 第 79 行.
NOTIC: [8] Array to string conversion /Applications/MAMP/htdocs/sast/Application/Runtime/Cache/Index/5f343310d4a83e1c2f6d4e5a6181e90a.php 第 79 行.
NOTIC: [8] Use of undefined constant Math - assumed 'Math' /Applications/MAMP/htdocs/sast/Application/Runtime/Cache/Index/5f343310d4a83e1c2f6d4e5a6181e90a.php 第 109 行.
NOTIC: [8] Array to string conversion /Applications/MAMP/htdocs/sast/Application/Runtime/Cache/Index/5f343310d4a83e1c2f6d4e5a6181e90a.php 第 109 行.
INFO: Run Behavior\ParseTemplateBehavior [ RunTime:0.018162s ]
INFO: [ view_parse ] --END-- [ RunTime:0.018281s ]
INFO: [ view_filter ] --START--
INFO: Run Behavior\WriteHtmlCacheBehavior [ RunTime:0.000183s ]
INFO: [ view_filter ] --END-- [ RunTime:0.000292s ]
INFO: [ app_end ] --START--
INFO: Run Behavior\ShowPageTraceBehavior [ RunTime:0.000522s ]
INFO: [ app_end ] --END-- [ RunTime:0.000634s ]

[ 2016-05-28T21:17:09+08:00 ] 127.0.0.1 /Index/Index/index.html
INFO: [ app_init ] --START--
INFO: Run Behavior\BuildLiteBehavior [ RunTime:0.000029s ]
INFO: [ app_init ] --END-- [ RunTime:0.000164s ]
INFO: [ app_begin ] --START--
INFO: Run Behavior\ReadHtmlCacheBehavior [ RunTime:0.000521s ]
INFO: [ app_begin ] --END-- [ RunTime:0.000643s ]
NOTIC: [2] Missing argument 1 for Think\Model::where(), called in /Applications/MAMP/htdocs/sast/Application/Index/Controller/IndexController.class.php on line 13 and defined /Applications/MAMP/htdocs/sast/ThinkPHP/Library/Think/Model.class.php 第 1797 行.
NOTIC: [8] Undefined variable: where /Applications/MAMP/htdocs/sast/ThinkPHP/Library/Think/Model.class.php 第 1805 行.
NOTIC: [8] Undefined variable: where /Applications/MAMP/htdocs/sast/ThinkPHP/Library/Think/Model.class.php 第 1808 行.
NOTIC: [8] Undefined variable: where /Applications/MAMP/htdocs/sast/ThinkPHP/Library/Think/Model.class.php 第 1816 行.
SQL: SELECT `title`,`text` FROM `sast_news`  [ RunTime:0.0003s ]
INFO: [ view_parse ] --START--
INFO: [ template_filter ] --START--
INFO: Run Behavior\ContentReplaceBehavior [ RunTime:0.000106s ]
INFO: [ template_filter ] --END-- [ RunTime:0.000233s ]
NOTIC: [8] Use of undefined constant Math - assumed 'Math' /Applications/MAMP/htdocs/sast/Application/Runtime/Cache/Index/5f343310d4a83e1c2f6d4e5a6181e90a.php 第 79 行.
NOTIC: [8] Array to string conversion /Applications/MAMP/htdocs/sast/Application/Runtime/Cache/Index/5f343310d4a83e1c2f6d4e5a6181e90a.php 第 79 行.
NOTIC: [8] Use of undefined constant Math - assumed 'Math' /Applications/MAMP/htdocs/sast/Application/Runtime/Cache/Index/5f343310d4a83e1c2f6d4e5a6181e90a.php 第 109 行.
NOTIC: [8] Array to string conversion /Applications/MAMP/htdocs/sast/Application/Runtime/Cache/Index/5f343310d4a83e1c2f6d4e5a6181e90a.php 第 109 行.
INFO: Run Behavior\ParseTemplateBehavior [ RunTime:0.016519s ]
INFO: [ view_parse ] --END-- [ RunTime:0.016633s ]
INFO: [ view_filter ] --START--
INFO: Run Behavior\WriteHtmlCacheBehavior [ RunTime:0.000172s ]
INFO: [ view_filter ] --END-- [ RunTime:0.000282s ]
INFO: [ app_end ] --START--
INFO: Run Behavior\ShowPageTraceBehavior [ RunTime:0.000526s ]
INFO: [ app_end ] --END-- [ RunTime:0.000639s ]

[ 2016-05-28T21:17:09+08:00 ] 127.0.0.1 /Index/Index/index.html
INFO: [ app_init ] --START--
INFO: Run Behavior\BuildLiteBehavior [ RunTime:0.000025s ]
INFO: [ app_init ] --END-- [ RunTime:0.000147s ]
INFO: [ app_begin ] --START--
INFO: Run Behavior\ReadHtmlCacheBehavior [ RunTime:0.000457s ]
INFO: [ app_begin ] --END-- [ RunTime:0.000568s ]
NOTIC: [2] Missing argument 1 for Think\Model::where(), called in /Applications/MAMP/htdocs/sast/Application/Index/Controller/IndexController.class.php on line 13 and defined /Applications/MAMP/htdocs/sast/ThinkPHP/Library/Think/Model.class.php 第 1797 行.
NOTIC: [8] Undefined variable: where /Applications/MAMP/htdocs/sast/ThinkPHP/Library/Think/Model.class.php 第 1805 行.
NOTIC: [8] Undefined variable: where /Applications/MAMP/htdocs/sast/ThinkPHP/Library/Think/Model.class.php 第 1808 行.
NOTIC: [8] Undefined variable: where /Applications/MAMP/htdocs/sast/ThinkPHP/Library/Think/Model.class.php 第 1816 行.
SQL: SELECT `title`,`text` FROM `sast_news`  [ RunTime:0.0003s ]
INFO: [ view_parse ] --START--
INFO: [ template_filter ] --START--
INFO: Run Behavior\ContentReplaceBehavior [ RunTime:0.000097s ]
INFO: [ template_filter ] --END-- [ RunTime:0.000206s ]
NOTIC: [8] Use of undefined constant Math - assumed 'Math' /Applications/MAMP/htdocs/sast/Application/Runtime/Cache/Index/5f343310d4a83e1c2f6d4e5a6181e90a.php 第 79 行.
NOTIC: [8] Array to string conversion /Applications/MAMP/htdocs/sast/Application/Runtime/Cache/Index/5f343310d4a83e1c2f6d4e5a6181e90a.php 第 79 行.
NOTIC: [8] Use of undefined constant Math - assumed 'Math' /Applications/MAMP/htdocs/sast/Application/Runtime/Cache/Index/5f343310d4a83e1c2f6d4e5a6181e90a.php 第 109 行.
NOTIC: [8] Array to string conversion /Applications/MAMP/htdocs/sast/Application/Runtime/Cache/Index/5f343310d4a83e1c2f6d4e5a6181e90a.php 第 109 行.
INFO: Run Behavior\ParseTemplateBehavior [ RunTime:0.015796s ]
INFO: [ view_parse ] --END-- [ RunTime:0.015907s ]
INFO: [ view_filter ] --START--
INFO: Run Behavior\WriteHtmlCacheBehavior [ RunTime:0.000159s ]
INFO: [ view_filter ] --END-- [ RunTime:0.000264s ]
INFO: [ app_end ] --START--
INFO: Run Behavior\ShowPageTraceBehavior [ RunTime:0.000528s ]
INFO: [ app_end ] --END-- [ RunTime:0.000638s ]

[ 2016-05-28T21:17:09+08:00 ] 127.0.0.1 /Index/Index/index.html
INFO: [ app_init ] --START--
INFO: Run Behavior\BuildLiteBehavior [ RunTime:0.000042s ]
INFO: [ app_init ] --END-- [ RunTime:0.000311s ]
INFO: [ app_begin ] --START--
INFO: Run Behavior\ReadHtmlCacheBehavior [ RunTime:0.000807s ]
INFO: [ app_begin ] --END-- [ RunTime:0.001024s ]
NOTIC: [2] Missing argument 1 for Think\Model::where(), called in /Applications/MAMP/htdocs/sast/Application/Index/Controller/IndexController.class.php on line 13 and defined /Applications/MAMP/htdocs/sast/ThinkPHP/Library/Think/Model.class.php 第 1797 行.
NOTIC: [8] Undefined variable: where /Applications/MAMP/htdocs/sast/ThinkPHP/Library/Think/Model.class.php 第 1805 行.
NOTIC: [8] Undefined variable: where /Applications/MAMP/htdocs/sast/ThinkPHP/Library/Think/Model.class.php 第 1808 行.
NOTIC: [8] Undefined variable: where /Applications/MAMP/htdocs/sast/ThinkPHP/Library/Think/Model.class.php 第 1816 行.
SQL: SELECT `title`,`text` FROM `sast_news`  [ RunTime:0.0003s ]
INFO: [ view_parse ] --START--
INFO: [ template_filter ] --START--
INFO: Run Behavior\ContentReplaceBehavior [ RunTime:0.000131s ]
INFO: [ template_filter ] --END-- [ RunTime:0.000293s ]
NOTIC: [8] Use of undefined constant Math - assumed 'Math' /Applications/MAMP/htdocs/sast/Application/Runtime/Cache/Index/5f343310d4a83e1c2f6d4e5a6181e90a.php 第 79 行.
NOTIC: [8] Array to string conversion /Applications/MAMP/htdocs/sast/Application/Runtime/Cache/Index/5f343310d4a83e1c2f6d4e5a6181e90a.php 第 79 行.
NOTIC: [8] Use of undefined constant Math - assumed 'Math' /Applications/MAMP/htdocs/sast/Application/Runtime/Cache/Index/5f343310d4a83e1c2f6d4e5a6181e90a.php 第 109 行.
NOTIC: [8] Array to string conversion /Applications/MAMP/htdocs/sast/Application/Runtime/Cache/Index/5f343310d4a83e1c2f6d4e5a6181e90a.php 第 109 行.
INFO: Run Behavior\ParseTemplateBehavior [ RunTime:0.019834s ]
INFO: [ view_parse ] --END-- [ RunTime:0.019954s ]
INFO: [ view_filter ] --START--
INFO: Run Behavior\WriteHtmlCacheBehavior [ RunTime:0.000187s ]
INFO: [ view_filter ] --END-- [ RunTime:0.000307s ]
INFO: [ app_end ] --START--
INFO: Run Behavior\ShowPageTraceBehavior [ RunTime:0.000562s ]
INFO: [ app_end ] --END-- [ RunTime:0.000684s ]

[ 2016-05-28T21:17:09+08:00 ] 127.0.0.1 /Index/Index/index.html
INFO: [ app_init ] --START--
INFO: Run Behavior\BuildLiteBehavior [ RunTime:0.000027s ]
INFO: [ app_init ] --END-- [ RunTime:0.000146s ]
INFO: [ app_begin ] --START--
INFO: Run Behavior\ReadHtmlCacheBehavior [ RunTime:0.000503s ]
INFO: [ app_begin ] --END-- [ RunTime:0.000611s ]
NOTIC: [2] Missing argument 1 for Think\Model::where(), called in /Applications/MAMP/htdocs/sast/Application/Index/Controller/IndexController.class.php on line 13 and defined /Applications/MAMP/htdocs/sast/ThinkPHP/Library/Think/Model.class.php 第 1797 行.
NOTIC: [8] Undefined variable: where /Applications/MAMP/htdocs/sast/ThinkPHP/Library/Think/Model.class.php 第 1805 行.
NOTIC: [8] Undefined variable: where /Applications/MAMP/htdocs/sast/ThinkPHP/Library/Think/Model.class.php 第 1808 行.
NOTIC: [8] Undefined variable: where /Applications/MAMP/htdocs/sast/ThinkPHP/Library/Think/Model.class.php 第 1816 行.
SQL: SELECT `title`,`text` FROM `sast_news`  [ RunTime:0.0003s ]
INFO: [ view_parse ] --START--
INFO: [ template_filter ] --START--
INFO: Run Behavior\ContentReplaceBehavior [ RunTime:0.000101s ]
INFO: [ template_filter ] --END-- [ RunTime:0.000231s ]
NOTIC: [8] Use of undefined constant Math - assumed 'Math' /Applications/MAMP/htdocs/sast/Application/Runtime/Cache/Index/5f343310d4a83e1c2f6d4e5a6181e90a.php 第 79 行.
NOTIC: [8] Array to string conversion /Applications/MAMP/htdocs/sast/Application/Runtime/Cache/Index/5f343310d4a83e1c2f6d4e5a6181e90a.php 第 79 行.
NOTIC: [8] Use of undefined constant Math - assumed 'Math' /Applications/MAMP/htdocs/sast/Application/Runtime/Cache/Index/5f343310d4a83e1c2f6d4e5a6181e90a.php 第 109 行.
NOTIC: [8] Array to string conversion /Applications/MAMP/htdocs/sast/Application/Runtime/Cache/Index/5f343310d4a83e1c2f6d4e5a6181e90a.php 第 109 行.
INFO: Run Behavior\ParseTemplateBehavior [ RunTime:0.016913s ]
INFO: [ view_parse ] --END-- [ RunTime:0.017040s ]
INFO: [ view_filter ] --START--
INFO: Run Behavior\WriteHtmlCacheBehavior [ RunTime:0.000178s ]
INFO: [ view_filter ] --END-- [ RunTime:0.000281s ]
INFO: [ app_end ] --START--
INFO: Run Behavior\ShowPageTraceBehavior [ RunTime:0.000551s ]
INFO: [ app_end ] --END-- [ RunTime:0.000673s ]

[ 2016-05-28T21:17:09+08:00 ] 127.0.0.1 /Index/Index/index.html
INFO: [ app_init ] --START--
INFO: Run Behavior\BuildLiteBehavior [ RunTime:0.000026s ]
INFO: [ app_init ] --END-- [ RunTime:0.000144s ]
INFO: [ app_begin ] --START--
INFO: Run Behavior\ReadHtmlCacheBehavior [ RunTime:0.000467s ]
INFO: [ app_begin ] --END-- [ RunTime:0.000574s ]
NOTIC: [2] Missing argument 1 for Think\Model::where(), called in /Applications/MAMP/htdocs/sast/Application/Index/Controller/IndexController.class.php on line 13 and defined /Applications/MAMP/htdocs/sast/ThinkPHP/Library/Think/Model.class.php 第 1797 行.
NOTIC: [8] Undefined variable: where /Applications/MAMP/htdocs/sast/ThinkPHP/Library/Think/Model.class.php 第 1805 行.
NOTIC: [8] Undefined variable: where /Applications/MAMP/htdocs/sast/ThinkPHP/Library/Think/Model.class.php 第 1808 行.
NOTIC: [8] Undefined variable: where /Applications/MAMP/htdocs/sast/ThinkPHP/Library/Think/Model.class.php 第 1816 行.
SQL: SELECT `title`,`text` FROM `sast_news`  [ RunTime:0.0003s ]
INFO: [ view_parse ] --START--
INFO: [ template_filter ] --START--
INFO: Run Behavior\ContentReplaceBehavior [ RunTime:0.000101s ]
INFO: [ template_filter ] --END-- [ RunTime:0.000228s ]
NOTIC: [8] Use of undefined constant Math - assumed 'Math' /Applications/MAMP/htdocs/sast/Application/Runtime/Cache/Index/5f343310d4a83e1c2f6d4e5a6181e90a.php 第 79 行.
NOTIC: [8] Array to string conversion /Applications/MAMP/htdocs/sast/Application/Runtime/Cache/Index/5f343310d4a83e1c2f6d4e5a6181e90a.php 第 79 行.
NOTIC: [8] Use of undefined constant Math - assumed 'Math' /Applications/MAMP/htdocs/sast/Application/Runtime/Cache/Index/5f343310d4a83e1c2f6d4e5a6181e90a.php 第 109 行.
NOTIC: [8] Array to string conversion /Applications/MAMP/htdocs/sast/Application/Runtime/Cache/Index/5f343310d4a83e1c2f6d4e5a6181e90a.php 第 109 行.
INFO: Run Behavior\ParseTemplateBehavior [ RunTime:0.016987s ]
INFO: [ view_parse ] --END-- [ RunTime:0.017111s ]
INFO: [ view_filter ] --START--
INFO: Run Behavior\WriteHtmlCacheBehavior [ RunTime:0.000178s ]
INFO: [ view_filter ] --END-- [ RunTime:0.000283s ]
INFO: [ app_end ] --START--
INFO: Run Behavior\ShowPageTraceBehavior [ RunTime:0.000606s ]
INFO: [ app_end ] --END-- [ RunTime:0.000722s ]

[ 2016-05-28T21:17:10+08:00 ] 127.0.0.1 /Index/Index/index.html
INFO: [ app_init ] --START--
INFO: Run Behavior\BuildLiteBehavior [ RunTime:0.000026s ]
INFO: [ app_init ] --END-- [ RunTime:0.000145s ]
INFO: [ app_begin ] --START--
INFO: Run Behavior\ReadHtmlCacheBehavior [ RunTime:0.000447s ]
INFO: [ app_begin ] --END-- [ RunTime:0.000556s ]
NOTIC: [2] Missing argument 1 for Think\Model::where(), called in /Applications/MAMP/htdocs/sast/Application/Index/Controller/IndexController.class.php on line 13 and defined /Applications/MAMP/htdocs/sast/ThinkPHP/Library/Think/Model.class.php 第 1797 行.
NOTIC: [8] Undefined variable: where /Applications/MAMP/htdocs/sast/ThinkPHP/Library/Think/Model.class.php 第 1805 行.
NOTIC: [8] Undefined variable: where /Applications/MAMP/htdocs/sast/ThinkPHP/Library/Think/Model.class.php 第 1808 行.
NOTIC: [8] Undefined variable: where /Applications/MAMP/htdocs/sast/ThinkPHP/Library/Think/Model.class.php 第 1816 行.
SQL: SELECT `title`,`text` FROM `sast_news`  [ RunTime:0.0003s ]
INFO: [ view_parse ] --START--
INFO: [ template_filter ] --START--
INFO: Run Behavior\ContentReplaceBehavior [ RunTime:0.000111s ]
INFO: [ template_filter ] --END-- [ RunTime:0.000249s ]
NOTIC: [8] Use of undefined constant Math - assumed 'Math' /Applications/MAMP/htdocs/sast/Application/Runtime/Cache/Index/5f343310d4a83e1c2f6d4e5a6181e90a.php 第 79 行.
NOTIC: [8] Array to string conversion /Applications/MAMP/htdocs/sast/Application/Runtime/Cache/Index/5f343310d4a83e1c2f6d4e5a6181e90a.php 第 79 行.
NOTIC: [8] Use of undefined constant Math - assumed 'Math' /Applications/MAMP/htdocs/sast/Application/Runtime/Cache/Index/5f343310d4a83e1c2f6d4e5a6181e90a.php 第 109 行.
NOTIC: [8] Array to string conversion /Applications/MAMP/htdocs/sast/Application/Runtime/Cache/Index/5f343310d4a83e1c2f6d4e5a6181e90a.php 第 109 行.
INFO: Run Behavior\ParseTemplateBehavior [ RunTime:0.017429s ]
INFO: [ view_parse ] --END-- [ RunTime:0.017652s ]
INFO: [ view_filter ] --START--
INFO: Run Behavior\WriteHtmlCacheBehavior [ RunTime:0.000198s ]
INFO: [ view_filter ] --END-- [ RunTime:0.000349s ]
INFO: [ app_end ] --START--
INFO: Run Behavior\ShowPageTraceBehavior [ RunTime:0.000622s ]
INFO: [ app_end ] --END-- [ RunTime:0.000797s ]

[ 2016-05-28T21:17:10+08:00 ] 127.0.0.1 /Index/Login/getverify.html
INFO: [ app_init ] --START--
INFO: Run Behavior\BuildLiteBehavior [ RunTime:0.000029s ]
INFO: [ app_init ] --END-- [ RunTime:0.000161s ]
INFO: [ app_begin ] --START--
INFO: Run Behavior\ReadHtmlCacheBehavior [ RunTime:0.000623s ]
INFO: [ app_begin ] --END-- [ RunTime:0.000833s ]
NOTIC: [8] Use of undefined constant ture - assumed 'ture' /Applications/MAMP/htdocs/sast/Application/Common/Common/function.php 第 28 行.
INFO: [ app_end ] --START--
INFO: Run Behavior\ShowPageTraceBehavior [ RunTime:0.000527s ]
INFO: [ app_end ] --END-- [ RunTime:0.000655s ]

[ 2016-05-28T21:17:10+08:00 ] 127.0.0.1 /Public/css/bootstrap.css.map
INFO: [ app_init ] --START--
INFO: Run Behavior\BuildLiteBehavior [ RunTime:0.000028s ]
INFO: [ app_init ] --END-- [ RunTime:0.000157s ]
INFO: [ app_begin ] --START--
INFO: Run Behavior\ReadHtmlCacheBehavior [ RunTime:0.000524s ]
INFO: [ app_begin ] --END-- [ RunTime:0.000647s ]
ERR: 无法加载控制器:Public

[ 2016-05-28T21:17:10+08:00 ] 127.0.0.1 /Index/Index/index.html
INFO: [ app_init ] --START--
INFO: Run Behavior\BuildLiteBehavior [ RunTime:0.000029s ]
INFO: [ app_init ] --END-- [ RunTime:0.000163s ]
INFO: [ app_begin ] --START--
INFO: Run Behavior\ReadHtmlCacheBehavior [ RunTime:0.000497s ]
INFO: [ app_begin ] --END-- [ RunTime:0.000619s ]
NOTIC: [2] Missing argument 1 for Think\Model::where(), called in /Applications/MAMP/htdocs/sast/Application/Index/Controller/IndexController.class.php on line 13 and defined /Applications/MAMP/htdocs/sast/ThinkPHP/Library/Think/Model.class.php 第 1797 行.
NOTIC: [8] Undefined variable: where /Applications/MAMP/htdocs/sast/ThinkPHP/Library/Think/Model.class.php 第 1805 行.
NOTIC: [8] Undefined variable: where /Applications/MAMP/htdocs/sast/ThinkPHP/Library/Think/Model.class.php 第 1808 行.
NOTIC: [8] Undefined variable: where /Applications/MAMP/htdocs/sast/ThinkPHP/Library/Think/Model.class.php 第 1816 行.
SQL: SELECT `title`,`text` FROM `sast_news`  [ RunTime:0.0003s ]
INFO: [ view_parse ] --START--
INFO: [ template_filter ] --START--
INFO: Run Behavior\ContentReplaceBehavior [ RunTime:0.000104s ]
INFO: [ template_filter ] --END-- [ RunTime:0.000230s ]
NOTIC: [8] Use of undefined constant Math - assumed 'Math' /Applications/MAMP/htdocs/sast/Application/Runtime/Cache/Index/5f343310d4a83e1c2f6d4e5a6181e90a.php 第 79 行.
NOTIC: [8] Array to string conversion /Applications/MAMP/htdocs/sast/Application/Runtime/Cache/Index/5f343310d4a83e1c2f6d4e5a6181e90a.php 第 79 行.
NOTIC: [8] Use of undefined constant Math - assumed 'Math' /Applications/MAMP/htdocs/sast/Application/Runtime/Cache/Index/5f343310d4a83e1c2f6d4e5a6181e90a.php 第 109 行.
NOTIC: [8] Array to string conversion /Applications/MAMP/htdocs/sast/Application/Runtime/Cache/Index/5f343310d4a83e1c2f6d4e5a6181e90a.php 第 109 行.
INFO: Run Behavior\ParseTemplateBehavior [ RunTime:0.016597s ]
INFO: [ view_parse ] --END-- [ RunTime:0.016712s ]
INFO: [ view_filter ] --START--
INFO: Run Behavior\WriteHtmlCacheBehavior [ RunTime:0.000180s ]
INFO: [ view_filter ] --END-- [ RunTime:0.000290s ]
INFO: [ app_end ] --START--
INFO: Run Behavior\ShowPageTraceBehavior [ RunTime:0.000559s ]
INFO: [ app_end ] --END-- [ RunTime:0.000677s ]

[ 2016-05-28T21:17:10+08:00 ] 127.0.0.1 /Index/Index/index.html
INFO: [ app_init ] --START--
INFO: Run Behavior\BuildLiteBehavior [ RunTime:0.000028s ]
INFO: [ app_init ] --END-- [ RunTime:0.000152s ]
INFO: [ app_begin ] --START--
INFO: Run Behavior\ReadHtmlCacheBehavior [ RunTime:0.000477s ]
INFO: [ app_begin ] --END-- [ RunTime:0.000592s ]
NOTIC: [2] Missing argument 1 for Think\Model::where(), called in /Applications/MAMP/htdocs/sast/Application/Index/Controller/IndexController.class.php on line 13 and defined /Applications/MAMP/htdocs/sast/ThinkPHP/Library/Think/Model.class.php 第 1797 行.
NOTIC: [8] Undefined variable: where /Applications/MAMP/htdocs/sast/ThinkPHP/Library/Think/Model.class.php 第 1805 行.
NOTIC: [8] Undefined variable: where /Applications/MAMP/htdocs/sast/ThinkPHP/Library/Think/Model.class.php 第 1808 行.
NOTIC: [8] Undefined variable: where /Applications/MAMP/htdocs/sast/ThinkPHP/Library/Think/Model.class.php 第 1816 行.
SQL: SELECT `title`,`text` FROM `sast_news`  [ RunTime:0.0004s ]
INFO: [ view_parse ] --START--
INFO: [ template_filter ] --START--
INFO: Run Behavior\ContentReplaceBehavior [ RunTime:0.000138s ]
INFO: [ template_filter ] --END-- [ RunTime:0.000285s ]
NOTIC: [8] Use of undefined constant Math - assumed 'Math' /Applications/MAMP/htdocs/sast/Application/Runtime/Cache/Index/5f343310d4a83e1c2f6d4e5a6181e90a.php 第 79 行.
NOTIC: [8] Array to string conversion /Applications/MAMP/htdocs/sast/Application/Runtime/Cache/Index/5f343310d4a83e1c2f6d4e5a6181e90a.php 第 79 行.
NOTIC: [8] Use of undefined constant Math - assumed 'Math' /Applications/MAMP/htdocs/sast/Application/Runtime/Cache/Index/5f343310d4a83e1c2f6d4e5a6181e90a.php 第 109 行.
NOTIC: [8] Array to string conversion /Applications/MAMP/htdocs/sast/Application/Runtime/Cache/Index/5f343310d4a83e1c2f6d4e5a6181e90a.php 第 109 行.
INFO: Run Behavior\ParseTemplateBehavior [ RunTime:0.019841s ]
INFO: [ view_parse ] --END-- [ RunTime:0.019966s ]
INFO: [ view_filter ] --START--
INFO: Run Behavior\WriteHtmlCacheBehavior [ RunTime:0.000202s ]
INFO: [ view_filter ] --END-- [ RunTime:0.000315s ]
INFO: [ app_end ] --START--
INFO: Run Behavior\ShowPageTraceBehavior [ RunTime:0.000552s ]
INFO: [ app_end ] --END-- [ RunTime:0.000666s ]

[ 2016-05-28T21:17:10+08:00 ] 127.0.0.1 /Index/Login/getverify.html
INFO: [ app_init ] --START--
INFO: Run Behavior\BuildLiteBehavior [ RunTime:0.000030s ]
INFO: [ app_init ] --END-- [ RunTime:0.000230s ]
INFO: [ app_begin ] --START--
INFO: Run Behavior\ReadHtmlCacheBehavior [ RunTime:0.000876s ]
INFO: [ app_begin ] --END-- [ RunTime:0.001110s ]
NOTIC: [8] Use of undefined constant ture - assumed 'ture' /Applications/MAMP/htdocs/sast/Application/Common/Common/function.php 第 28 行.
INFO: [ app_end ] --START--
INFO: Run Behavior\ShowPageTraceBehavior [ RunTime:0.000849s ]
INFO: [ app_end ] --END-- [ RunTime:0.001058s ]

[ 2016-05-28T21:17:10+08:00 ] 127.0.0.1 /Public/css/bootstrap.css.map
INFO: [ app_init ] --START--
INFO: Run Behavior\BuildLiteBehavior [ RunTime:0.000027s ]
INFO: [ app_init ] --END-- [ RunTime:0.000150s ]
INFO: [ app_begin ] --START--
INFO: Run Behavior\ReadHtmlCacheBehavior [ RunTime:0.000463s ]
INFO: [ app_begin ] --END-- [ RunTime:0.000580s ]
ERR: 无法加载控制器:Public

[ 2016-05-28T21:17:11+08:00 ] 127.0.0.1 /Index/Index/index.html
INFO: [ app_init ] --START--
INFO: Run Behavior\BuildLiteBehavior [ RunTime:0.000027s ]
INFO: [ app_init ] --END-- [ RunTime:0.000151s ]
INFO: [ app_begin ] --START--
INFO: Run Behavior\ReadHtmlCacheBehavior [ RunTime:0.000447s ]
INFO: [ app_begin ] --END-- [ RunTime:0.000555s ]
NOTIC: [2] Missing argument 1 for Think\Model::where(), called in /Applications/MAMP/htdocs/sast/Application/Index/Controller/IndexController.class.php on line 13 and defined /Applications/MAMP/htdocs/sast/ThinkPHP/Library/Think/Model.class.php 第 1797 行.
NOTIC: [8] Undefined variable: where /Applications/MAMP/htdocs/sast/ThinkPHP/Library/Think/Model.class.php 第 1805 行.
NOTIC: [8] Undefined variable: where /Applications/MAMP/htdocs/sast/ThinkPHP/Library/Think/Model.class.php 第 1808 行.
NOTIC: [8] Undefined variable: where /Applications/MAMP/htdocs/sast/ThinkPHP/Library/Think/Model.class.php 第 1816 行.
SQL: SELECT `title`,`text` FROM `sast_news`  [ RunTime:0.0003s ]
INFO: [ view_parse ] --START--
INFO: [ template_filter ] --START--
INFO: Run Behavior\ContentReplaceBehavior [ RunTime:0.000129s ]
INFO: [ template_filter ] --END-- [ RunTime:0.000260s ]
NOTIC: [8] Use of undefined constant Math - assumed 'Math' /Applications/MAMP/htdocs/sast/Application/Runtime/Cache/Index/5f343310d4a83e1c2f6d4e5a6181e90a.php 第 79 行.
NOTIC: [8] Array to string conversion /Applications/MAMP/htdocs/sast/Application/Runtime/Cache/Index/5f343310d4a83e1c2f6d4e5a6181e90a.php 第 79 行.
NOTIC: [8] Use of undefined constant Math - assumed 'Math' /Applications/MAMP/htdocs/sast/Application/Runtime/Cache/Index/5f343310d4a83e1c2f6d4e5a6181e90a.php 第 109 行.
NOTIC: [8] Array to string conversion /Applications/MAMP/htdocs/sast/Application/Runtime/Cache/Index/5f343310d4a83e1c2f6d4e5a6181e90a.php 第 109 行.
INFO: Run Behavior\ParseTemplateBehavior [ RunTime:0.019062s ]
INFO: [ view_parse ] --END-- [ RunTime:0.019181s ]
INFO: [ view_filter ] --START--
INFO: Run Behavior\WriteHtmlCacheBehavior [ RunTime:0.000198s ]
INFO: [ view_filter ] --END-- [ RunTime:0.000308s ]
INFO: [ app_end ] --START--
INFO: Run Behavior\ShowPageTraceBehavior [ RunTime:0.000658s ]
INFO: [ app_end ] --END-- [ RunTime:0.000784s ]

[ 2016-05-28T21:17:11+08:00 ] 127.0.0.1 /Index/Index/index.html
INFO: [ app_init ] --START--
INFO: Run Behavior\BuildLiteBehavior [ RunTime:0.000029s ]
INFO: [ app_init ] --END-- [ RunTime:0.000158s ]
INFO: [ app_begin ] --START--
INFO: Run Behavior\ReadHtmlCacheBehavior [ RunTime:0.000497s ]
INFO: [ app_begin ] --END-- [ RunTime:0.000611s ]
NOTIC: [2] Missing argument 1 for Think\Model::where(), called in /Applications/MAMP/htdocs/sast/Application/Index/Controller/IndexController.class.php on line 13 and defined /Applications/MAMP/htdocs/sast/ThinkPHP/Library/Think/Model.class.php 第 1797 行.
NOTIC: [8] Undefined variable: where /Applications/MAMP/htdocs/sast/ThinkPHP/Library/Think/Model.class.php 第 1805 行.
NOTIC: [8] Undefined variable: where /Applications/MAMP/htdocs/sast/ThinkPHP/Library/Think/Model.class.php 第 1808 行.
NOTIC: [8] Undefined variable: where /Applications/MAMP/htdocs/sast/ThinkPHP/Library/Think/Model.class.php 第 1816 行.
SQL: SELECT `title`,`text` FROM `sast_news`  [ RunTime:0.0003s ]
INFO: [ view_parse ] --START--
INFO: [ template_filter ] --START--
INFO: Run Behavior\ContentReplaceBehavior [ RunTime:0.000106s ]
INFO: [ template_filter ] --END-- [ RunTime:0.000244s ]
NOTIC: [8] Use of undefined constant Math - assumed 'Math' /Applications/MAMP/htdocs/sast/Application/Runtime/Cache/Index/5f343310d4a83e1c2f6d4e5a6181e90a.php 第 79 行.
NOTIC: [8] Array to string conversion /Applications/MAMP/htdocs/sast/Application/Runtime/Cache/Index/5f343310d4a83e1c2f6d4e5a6181e90a.php 第 79 行.
NOTIC: [8] Use of undefined constant Math - assumed 'Math' /Applications/MAMP/htdocs/sast/Application/Runtime/Cache/Index/5f343310d4a83e1c2f6d4e5a6181e90a.php 第 109 行.
NOTIC: [8] Array to string conversion /Applications/MAMP/htdocs/sast/Application/Runtime/Cache/Index/5f343310d4a83e1c2f6d4e5a6181e90a.php 第 109 行.
INFO: Run Behavior\ParseTemplateBehavior [ RunTime:0.017189s ]
INFO: [ view_parse ] --END-- [ RunTime:0.017304s ]
INFO: [ view_filter ] --START--
INFO: Run Behavior\WriteHtmlCacheBehavior [ RunTime:0.000174s ]
INFO: [ view_filter ] --END-- [ RunTime:0.000280s ]
INFO: [ app_end ] --START--
INFO: Run Behavior\ShowPageTraceBehavior [ RunTime:0.000547s ]
INFO: [ app_end ] --END-- [ RunTime:0.000670s ]

[ 2016-05-28T21:17:11+08:00 ] 127.0.0.1 /Index/Index/index.html
INFO: [ app_init ] --START--
INFO: Run Behavior\BuildLiteBehavior [ RunTime:0.000028s ]
INFO: [ app_init ] --END-- [ RunTime:0.000155s ]
INFO: [ app_begin ] --START--
INFO: Run Behavior\ReadHtmlCacheBehavior [ RunTime:0.000472s ]
INFO: [ app_begin ] --END-- [ RunTime:0.000584s ]
NOTIC: [2] Missing argument 1 for Think\Model::where(), called in /Applications/MAMP/htdocs/sast/Application/Index/Controller/IndexController.class.php on line 13 and defined /Applications/MAMP/htdocs/sast/ThinkPHP/Library/Think/Model.class.php 第 1797 行.
NOTIC: [8] Undefined variable: where /Applications/MAMP/htdocs/sast/ThinkPHP/Library/Think/Model.class.php 第 1805 行.
NOTIC: [8] Undefined variable: where /Applications/MAMP/htdocs/sast/ThinkPHP/Library/Think/Model.class.php 第 1808 行.
NOTIC: [8] Undefined variable: where /Applications/MAMP/htdocs/sast/ThinkPHP/Library/Think/Model.class.php 第 1816 行.
SQL: SELECT `title`,`text` FROM `sast_news`  [ RunTime:0.0003s ]
INFO: [ view_parse ] --START--
INFO: [ template_filter ] --START--
INFO: Run Behavior\ContentReplaceBehavior [ RunTime:0.000101s ]
INFO: [ template_filter ] --END-- [ RunTime:0.000232s ]
NOTIC: [8] Use of undefined constant Math - assumed 'Math' /Applications/MAMP/htdocs/sast/Application/Runtime/Cache/Index/5f343310d4a83e1c2f6d4e5a6181e90a.php 第 79 行.
NOTIC: [8] Array to string conversion /Applications/MAMP/htdocs/sast/Application/Runtime/Cache/Index/5f343310d4a83e1c2f6d4e5a6181e90a.php 第 79 行.
NOTIC: [8] Use of undefined constant Math - assumed 'Math' /Applications/MAMP/htdocs/sast/Application/Runtime/Cache/Index/5f343310d4a83e1c2f6d4e5a6181e90a.php 第 109 行.
NOTIC: [8] Array to string conversion /Applications/MAMP/htdocs/sast/Application/Runtime/Cache/Index/5f343310d4a83e1c2f6d4e5a6181e90a.php 第 109 行.
INFO: Run Behavior\ParseTemplateBehavior [ RunTime:0.017903s ]
INFO: [ view_parse ] --END-- [ RunTime:0.018024s ]
INFO: [ view_filter ] --START--
INFO: Run Behavior\WriteHtmlCacheBehavior [ RunTime:0.000205s ]
INFO: [ view_filter ] --END-- [ RunTime:0.000316s ]
INFO: [ app_end ] --START--
INFO: Run Behavior\ShowPageTraceBehavior [ RunTime:0.000651s ]
INFO: [ app_end ] --END-- [ RunTime:0.000770s ]

[ 2016-05-28T21:17:11+08:00 ] 127.0.0.1 /Index/Index/index.html
INFO: [ app_init ] --START--
INFO: Run Behavior\BuildLiteBehavior [ RunTime:0.000027s ]
INFO: [ app_init ] --END-- [ RunTime:0.000156s ]
INFO: [ app_begin ] --START--
INFO: Run Behavior\ReadHtmlCacheBehavior [ RunTime:0.000471s ]
INFO: [ app_begin ] --END-- [ RunTime:0.000585s ]
NOTIC: [2] Missing argument 1 for Think\Model::where(), called in /Applications/MAMP/htdocs/sast/Application/Index/Controller/IndexController.class.php on line 13 and defined /Applications/MAMP/htdocs/sast/ThinkPHP/Library/Think/Model.class.php 第 1797 行.
NOTIC: [8] Undefined variable: where /Applications/MAMP/htdocs/sast/ThinkPHP/Library/Think/Model.class.php 第 1805 行.
NOTIC: [8] Undefined variable: where /Applications/MAMP/htdocs/sast/ThinkPHP/Library/Think/Model.class.php 第 1808 行.
NOTIC: [8] Undefined variable: where /Applications/MAMP/htdocs/sast/ThinkPHP/Library/Think/Model.class.php 第 1816 行.
SQL: SELECT `title`,`text` FROM `sast_news`  [ RunTime:0.0003s ]
INFO: [ view_parse ] --START--
INFO: [ template_filter ] --START--
INFO: Run Behavior\ContentReplaceBehavior [ RunTime:0.000119s ]
INFO: [ template_filter ] --END-- [ RunTime:0.000261s ]
NOTIC: [8] Use of undefined constant Math - assumed 'Math' /Applications/MAMP/htdocs/sast/Application/Runtime/Cache/Index/5f343310d4a83e1c2f6d4e5a6181e90a.php 第 79 行.
NOTIC: [8] Array to string conversion /Applications/MAMP/htdocs/sast/Application/Runtime/Cache/Index/5f343310d4a83e1c2f6d4e5a6181e90a.php 第 79 行.
NOTIC: [8] Use of undefined constant Math - assumed 'Math' /Applications/MAMP/htdocs/sast/Application/Runtime/Cache/Index/5f343310d4a83e1c2f6d4e5a6181e90a.php 第 109 行.
NOTIC: [8] Array to string conversion /Applications/MAMP/htdocs/sast/Application/Runtime/Cache/Index/5f343310d4a83e1c2f6d4e5a6181e90a.php 第 109 行.
INFO: Run Behavior\ParseTemplateBehavior [ RunTime:0.018153s ]
INFO: [ view_parse ] --END-- [ RunTime:0.018301s ]
INFO: [ view_filter ] --START--
INFO: Run Behavior\WriteHtmlCacheBehavior [ RunTime:0.000179s ]
INFO: [ view_filter ] --END-- [ RunTime:0.000287s ]
INFO: [ app_end ] --START--
INFO: Run Behavior\ShowPageTraceBehavior [ RunTime:0.000558s ]
INFO: [ app_end ] --END-- [ RunTime:0.000681s ]

[ 2016-05-28T21:17:11+08:00 ] 127.0.0.1 /Index/Login/getverify.html
INFO: [ app_init ] --START--
INFO: Run Behavior\BuildLiteBehavior [ RunTime:0.000046s ]
INFO: [ app_init ] --END-- [ RunTime:0.000264s ]
INFO: [ app_begin ] --START--
INFO: Run Behavior\ReadHtmlCacheBehavior [ RunTime:0.000694s ]
INFO: [ app_begin ] --END-- [ RunTime:0.000827s ]
NOTIC: [8] Use of undefined constant ture - assumed 'ture' /Applications/MAMP/htdocs/sast/Application/Common/Common/function.php 第 28 行.
INFO: [ app_end ] --START--
INFO: Run Behavior\ShowPageTraceBehavior [ RunTime:0.000631s ]
INFO: [ app_end ] --END-- [ RunTime:0.000783s ]

[ 2016-05-28T21:17:12+08:00 ] 127.0.0.1 /Public/css/bootstrap.css.map
INFO: [ app_init ] --START--
INFO: Run Behavior\BuildLiteBehavior [ RunTime:0.000028s ]
INFO: [ app_init ] --END-- [ RunTime:0.000157s ]
INFO: [ app_begin ] --START--
INFO: Run Behavior\ReadHtmlCacheBehavior [ RunTime:0.000485s ]
INFO: [ app_begin ] --END-- [ RunTime:0.000595s ]
ERR: 无法加载控制器:Public

[ 2016-05-28T21:17:12+08:00 ] 127.0.0.1 /Index/Index/index.html
INFO: [ app_init ] --START--
INFO: Run Behavior\BuildLiteBehavior [ RunTime:0.000028s ]
INFO: [ app_init ] --END-- [ RunTime:0.000155s ]
INFO: [ app_begin ] --START--
INFO: Run Behavior\ReadHtmlCacheBehavior [ RunTime:0.000467s ]
INFO: [ app_begin ] --END-- [ RunTime:0.000577s ]
NOTIC: [2] Missing argument 1 for Think\Model::where(), called in /Applications/MAMP/htdocs/sast/Application/Index/Controller/IndexController.class.php on line 13 and defined /Applications/MAMP/htdocs/sast/ThinkPHP/Library/Think/Model.class.php 第 1797 行.
NOTIC: [8] Undefined variable: where /Applications/MAMP/htdocs/sast/ThinkPHP/Library/Think/Model.class.php 第 1805 行.
NOTIC: [8] Undefined variable: where /Applications/MAMP/htdocs/sast/ThinkPHP/Library/Think/Model.class.php 第 1808 行.
NOTIC: [8] Undefined variable: where /Applications/MAMP/htdocs/sast/ThinkPHP/Library/Think/Model.class.php 第 1816 行.
SQL: SELECT `title`,`text` FROM `sast_news`  [ RunTime:0.0003s ]
INFO: [ view_parse ] --START--
INFO: [ template_filter ] --START--
INFO: Run Behavior\ContentReplaceBehavior [ RunTime:0.000105s ]
INFO: [ template_filter ] --END-- [ RunTime:0.000254s ]
NOTIC: [8] Use of undefined constant Math - assumed 'Math' /Applications/MAMP/htdocs/sast/Application/Runtime/Cache/Index/5f343310d4a83e1c2f6d4e5a6181e90a.php 第 79 行.
NOTIC: [8] Array to string conversion /Applications/MAMP/htdocs/sast/Application/Runtime/Cache/Index/5f343310d4a83e1c2f6d4e5a6181e90a.php 第 79 行.
NOTIC: [8] Use of undefined constant Math - assumed 'Math' /Applications/MAMP/htdocs/sast/Application/Runtime/Cache/Index/5f343310d4a83e1c2f6d4e5a6181e90a.php 第 109 行.
NOTIC: [8] Array to string conversion /Applications/MAMP/htdocs/sast/Application/Runtime/Cache/Index/5f343310d4a83e1c2f6d4e5a6181e90a.php 第 109 行.
INFO: Run Behavior\ParseTemplateBehavior [ RunTime:0.016505s ]
INFO: [ view_parse ] --END-- [ RunTime:0.016620s ]
INFO: [ view_filter ] --START--
INFO: Run Behavior\WriteHtmlCacheBehavior [ RunTime:0.000167s ]
INFO: [ view_filter ] --END-- [ RunTime:0.000274s ]
INFO: [ app_end ] --START--
INFO: Run Behavior\ShowPageTraceBehavior [ RunTime:0.000607s ]
INFO: [ app_end ] --END-- [ RunTime:0.000742s ]

[ 2016-05-28T21:17:12+08:00 ] 127.0.0.1 /Index/Index/index.html
INFO: [ app_init ] --START--
INFO: Run Behavior\BuildLiteBehavior [ RunTime:0.000035s ]
INFO: [ app_init ] --END-- [ RunTime:0.000220s ]
INFO: [ app_begin ] --START--
INFO: Run Behavior\ReadHtmlCacheBehavior [ RunTime:0.000575s ]
INFO: [ app_begin ] --END-- [ RunTime:0.000730s ]
NOTIC: [2] Missing argument 1 for Think\Model::where(), called in /Applications/MAMP/htdocs/sast/Application/Index/Controller/IndexController.class.php on line 13 and defined /Applications/MAMP/htdocs/sast/ThinkPHP/Library/Think/Model.class.php 第 1797 行.
NOTIC: [8] Undefined variable: where /Applications/MAMP/htdocs/sast/ThinkPHP/Library/Think/Model.class.php 第 1805 行.
NOTIC: [8] Undefined variable: where /Applications/MAMP/htdocs/sast/ThinkPHP/Library/Think/Model.class.php 第 1808 行.
NOTIC: [8] Undefined variable: where /Applications/MAMP/htdocs/sast/ThinkPHP/Library/Think/Model.class.php 第 1816 行.
SQL: SELECT `title`,`text` FROM `sast_news`  [ RunTime:0.0003s ]
INFO: [ view_parse ] --START--
INFO: [ template_filter ] --START--
INFO: Run Behavior\ContentReplaceBehavior [ RunTime:0.000138s ]
INFO: [ template_filter ] --END-- [ RunTime:0.000256s ]
NOTIC: [8] Use of undefined constant Math - assumed 'Math' /Applications/MAMP/htdocs/sast/Application/Runtime/Cache/Index/5f343310d4a83e1c2f6d4e5a6181e90a.php 第 79 行.
NOTIC: [8] Array to string conversion /Applications/MAMP/htdocs/sast/Application/Runtime/Cache/Index/5f343310d4a83e1c2f6d4e5a6181e90a.php 第 79 行.
NOTIC: [8] Use of undefined constant Math - assumed 'Math' /Applications/MAMP/htdocs/sast/Application/Runtime/Cache/Index/5f343310d4a83e1c2f6d4e5a6181e90a.php 第 109 行.
NOTIC: [8] Array to string conversion /Applications/MAMP/htdocs/sast/Application/Runtime/Cache/Index/5f343310d4a83e1c2f6d4e5a6181e90a.php 第 109 行.
INFO: Run Behavior\ParseTemplateBehavior [ RunTime:0.017484s ]
INFO: [ view_parse ] --END-- [ RunTime:0.017612s ]
INFO: [ view_filter ] --START--
INFO: Run Behavior\WriteHtmlCacheBehavior [ RunTime:0.000161s ]
INFO: [ view_filter ] --END-- [ RunTime:0.000267s ]
INFO: [ app_end ] --START--
INFO: Run Behavior\ShowPageTraceBehavior [ RunTime:0.000559s ]
INFO: [ app_end ] --END-- [ RunTime:0.000667s ]

[ 2016-05-28T21:17:12+08:00 ] 127.0.0.1 /Index/Index/index.html
INFO: [ app_init ] --START--
INFO: Run Behavior\BuildLiteBehavior [ RunTime:0.000028s ]
INFO: [ app_init ] --END-- [ RunTime:0.000191s ]
INFO: [ app_begin ] --START--
INFO: Run Behavior\ReadHtmlCacheBehavior [ RunTime:0.000468s ]
INFO: [ app_begin ] --END-- [ RunTime:0.000598s ]
NOTIC: [2] Missing argument 1 for Think\Model::where(), called in /Applications/MAMP/htdocs/sast/Application/Index/Controller/IndexController.class.php on line 13 and defined /Applications/MAMP/htdocs/sast/ThinkPHP/Library/Think/Model.class.php 第 1797 行.
NOTIC: [8] Undefined variable: where /Applications/MAMP/htdocs/sast/ThinkPHP/Library/Think/Model.class.php 第 1805 行.
NOTIC: [8] Undefined variable: where /Applications/MAMP/htdocs/sast/ThinkPHP/Library/Think/Model.class.php 第 1808 行.
NOTIC: [8] Undefined variable: where /Applications/MAMP/htdocs/sast/ThinkPHP/Library/Think/Model.class.php 第 1816 行.
SQL: SELECT `title`,`text` FROM `sast_news`  [ RunTime:0.0003s ]
INFO: [ view_parse ] --START--
INFO: [ template_filter ] --START--
INFO: Run Behavior\ContentReplaceBehavior [ RunTime:0.000106s ]
INFO: [ template_filter ] --END-- [ RunTime:0.000268s ]
NOTIC: [8] Use of undefined constant Math - assumed 'Math' /Applications/MAMP/htdocs/sast/Application/Runtime/Cache/Index/5f343310d4a83e1c2f6d4e5a6181e90a.php 第 79 行.
NOTIC: [8] Array to string conversion /Applications/MAMP/htdocs/sast/Application/Runtime/Cache/Index/5f343310d4a83e1c2f6d4e5a6181e90a.php 第 79 行.
NOTIC: [8] Use of undefined constant Math - assumed 'Math' /Applications/MAMP/htdocs/sast/Application/Runtime/Cache/Index/5f343310d4a83e1c2f6d4e5a6181e90a.php 第 109 行.
NOTIC: [8] Array to string conversion /Applications/MAMP/htdocs/sast/Application/Runtime/Cache/Index/5f343310d4a83e1c2f6d4e5a6181e90a.php 第 109 行.
INFO: Run Behavior\ParseTemplateBehavior [ RunTime:0.017949s ]
INFO: [ view_parse ] --END-- [ RunTime:0.018065s ]
INFO: [ view_filter ] --START--
INFO: Run Behavior\WriteHtmlCacheBehavior [ RunTime:0.000172s ]
INFO: [ view_filter ] --END-- [ RunTime:0.000282s ]
INFO: [ app_end ] --START--
INFO: Run Behavior\ShowPageTraceBehavior [ RunTime:0.000521s ]
INFO: [ app_end ] --END-- [ RunTime:0.000632s ]

[ 2016-05-28T21:17:12+08:00 ] 127.0.0.1 /Index/Index/index.html
INFO: [ app_init ] --START--
INFO: Run Behavior\BuildLiteBehavior [ RunTime:0.000049s ]
INFO: [ app_init ] --END-- [ RunTime:0.000280s ]
INFO: [ app_begin ] --START--
INFO: Run Behavior\ReadHtmlCacheBehavior [ RunTime:0.000616s ]
INFO: [ app_begin ] --END-- [ RunTime:0.000789s ]
NOTIC: [2] Missing argument 1 for Think\Model::where(), called in /Applications/MAMP/htdocs/sast/Application/Index/Controller/IndexController.class.php on line 13 and defined /Applications/MAMP/htdocs/sast/ThinkPHP/Library/Think/Model.class.php 第 1797 行.
NOTIC: [8] Undefined variable: where /Applications/MAMP/htdocs/sast/ThinkPHP/Library/Think/Model.class.php 第 1805 行.
NOTIC: [8] Undefined variable: where /Applications/MAMP/htdocs/sast/ThinkPHP/Library/Think/Model.class.php 第 1808 行.
NOTIC: [8] Undefined variable: where /Applications/MAMP/htdocs/sast/ThinkPHP/Library/Think/Model.class.php 第 1816 行.
SQL: SELECT `title`,`text` FROM `sast_news`  [ RunTime:0.0004s ]
INFO: [ view_parse ] --START--
INFO: [ template_filter ] --START--
INFO: Run Behavior\ContentReplaceBehavior [ RunTime:0.000109s ]
INFO: [ template_filter ] --END-- [ RunTime:0.000256s ]
NOTIC: [8] Use of undefined constant Math - assumed 'Math' /Applications/MAMP/htdocs/sast/Application/Runtime/Cache/Index/5f343310d4a83e1c2f6d4e5a6181e90a.php 第 79 行.
NOTIC: [8] Array to string conversion /Applications/MAMP/htdocs/sast/Application/Runtime/Cache/Index/5f343310d4a83e1c2f6d4e5a6181e90a.php 第 79 行.
NOTIC: [8] Use of undefined constant Math - assumed 'Math' /Applications/MAMP/htdocs/sast/Application/Runtime/Cache/Index/5f343310d4a83e1c2f6d4e5a6181e90a.php 第 109 行.
NOTIC: [8] Array to string conversion /Applications/MAMP/htdocs/sast/Application/Runtime/Cache/Index/5f343310d4a83e1c2f6d4e5a6181e90a.php 第 109 行.
INFO: Run Behavior\ParseTemplateBehavior [ RunTime:0.018701s ]
INFO: [ view_parse ] --END-- [ RunTime:0.018890s ]
INFO: [ view_filter ] --START--
INFO: Run Behavior\WriteHtmlCacheBehavior [ RunTime:0.000213s ]
INFO: [ view_filter ] --END-- [ RunTime:0.000321s ]
INFO: [ app_end ] --START--
INFO: Run Behavior\ShowPageTraceBehavior [ RunTime:0.000524s ]
INFO: [ app_end ] --END-- [ RunTime:0.000636s ]

[ 2016-05-28T21:17:12+08:00 ] 127.0.0.1 /Index/Index/index.html
INFO: [ app_init ] --START--
INFO: Run Behavior\BuildLiteBehavior [ RunTime:0.000028s ]
INFO: [ app_init ] --END-- [ RunTime:0.000157s ]
INFO: [ app_begin ] --START--
INFO: Run Behavior\ReadHtmlCacheBehavior [ RunTime:0.000491s ]
INFO: [ app_begin ] --END-- [ RunTime:0.000604s ]
NOTIC: [2] Missing argument 1 for Think\Model::where(), called in /Applications/MAMP/htdocs/sast/Application/Index/Controller/IndexController.class.php on line 13 and defined /Applications/MAMP/htdocs/sast/ThinkPHP/Library/Think/Model.class.php 第 1797 行.
NOTIC: [8] Undefined variable: where /Applications/MAMP/htdocs/sast/ThinkPHP/Library/Think/Model.class.php 第 1805 行.
NOTIC: [8] Undefined variable: where /Applications/MAMP/htdocs/sast/ThinkPHP/Library/Think/Model.class.php 第 1808 行.
NOTIC: [8] Undefined variable: where /Applications/MAMP/htdocs/sast/ThinkPHP/Library/Think/Model.class.php 第 1816 行.
SQL: SELECT `title`,`text` FROM `sast_news`  [ RunTime:0.0003s ]
INFO: [ view_parse ] --START--
INFO: [ template_filter ] --START--
INFO: Run Behavior\ContentReplaceBehavior [ RunTime:0.000110s ]
INFO: [ template_filter ] --END-- [ RunTime:0.000249s ]
NOTIC: [8] Use of undefined constant Math - assumed 'Math' /Applications/MAMP/htdocs/sast/Application/Runtime/Cache/Index/5f343310d4a83e1c2f6d4e5a6181e90a.php 第 79 行.
NOTIC: [8] Array to string conversion /Applications/MAMP/htdocs/sast/Application/Runtime/Cache/Index/5f343310d4a83e1c2f6d4e5a6181e90a.php 第 79 行.
NOTIC: [8] Use of undefined constant Math - assumed 'Math' /Applications/MAMP/htdocs/sast/Application/Runtime/Cache/Index/5f343310d4a83e1c2f6d4e5a6181e90a.php 第 109 行.
NOTIC: [8] Array to string conversion /Applications/MAMP/htdocs/sast/Application/Runtime/Cache/Index/5f343310d4a83e1c2f6d4e5a6181e90a.php 第 109 行.
INFO: Run Behavior\ParseTemplateBehavior [ RunTime:0.019259s ]
INFO: [ view_parse ] --END-- [ RunTime:0.019387s ]
INFO: [ view_filter ] --START--
INFO: Run Behavior\WriteHtmlCacheBehavior [ RunTime:0.000223s ]
INFO: [ view_filter ] --END-- [ RunTime:0.000333s ]
INFO: [ app_end ] --START--
INFO: Run Behavior\ShowPageTraceBehavior [ RunTime:0.000568s ]
INFO: [ app_end ] --END-- [ RunTime:0.000690s ]

[ 2016-05-28T21:17:12+08:00 ] 127.0.0.1 /Index/Login/getverify.html
INFO: [ app_init ] --START--
INFO: Run Behavior\BuildLiteBehavior [ RunTime:0.000029s ]
INFO: [ app_init ] --END-- [ RunTime:0.000164s ]
INFO: [ app_begin ] --START--
INFO: Run Behavior\ReadHtmlCacheBehavior [ RunTime:0.000535s ]
INFO: [ app_begin ] --END-- [ RunTime:0.000666s ]
NOTIC: [8] Use of undefined constant ture - assumed 'ture' /Applications/MAMP/htdocs/sast/Application/Common/Common/function.php 第 28 行.
INFO: [ app_end ] --START--
INFO: Run Behavior\ShowPageTraceBehavior [ RunTime:0.000604s ]
INFO: [ app_end ] --END-- [ RunTime:0.000752s ]

[ 2016-05-28T21:17:12+08:00 ] 127.0.0.1 /Public/css/bootstrap.css.map
INFO: [ app_init ] --START--
INFO: Run Behavior\BuildLiteBehavior [ RunTime:0.000028s ]
INFO: [ app_init ] --END-- [ RunTime:0.000157s ]
INFO: [ app_begin ] --START--
INFO: Run Behavior\ReadHtmlCacheBehavior [ RunTime:0.000489s ]
INFO: [ app_begin ] --END-- [ RunTime:0.000612s ]
ERR: 无法加载控制器:Public

[ 2016-05-28T21:17:13+08:00 ] 127.0.0.1 /Index/Index/index.html
INFO: [ app_init ] --START--
INFO: Run Behavior\BuildLiteBehavior [ RunTime:0.000034s ]
INFO: [ app_init ] --END-- [ RunTime:0.000188s ]
INFO: [ app_begin ] --START--
INFO: Run Behavior\ReadHtmlCacheBehavior [ RunTime:0.000478s ]
INFO: [ app_begin ] --END-- [ RunTime:0.000591s ]
NOTIC: [2] Missing argument 1 for Think\Model::where(), called in /Applications/MAMP/htdocs/sast/Application/Index/Controller/IndexController.class.php on line 13 and defined /Applications/MAMP/htdocs/sast/ThinkPHP/Library/Think/Model.class.php 第 1797 行.
NOTIC: [8] Undefined variable: where /Applications/MAMP/htdocs/sast/ThinkPHP/Library/Think/Model.class.php 第 1805 行.
NOTIC: [8] Undefined variable: where /Applications/MAMP/htdocs/sast/ThinkPHP/Library/Think/Model.class.php 第 1808 行.
NOTIC: [8] Undefined variable: where /Applications/MAMP/htdocs/sast/ThinkPHP/Library/Think/Model.class.php 第 1816 行.
SQL: SELECT `title`,`text` FROM `sast_news`  [ RunTime:0.0003s ]
INFO: [ view_parse ] --START--
INFO: [ template_filter ] --START--
INFO: Run Behavior\ContentReplaceBehavior [ RunTime:0.000103s ]
INFO: [ template_filter ] --END-- [ RunTime:0.000235s ]
NOTIC: [8] Use of undefined constant Math - assumed 'Math' /Applications/MAMP/htdocs/sast/Application/Runtime/Cache/Index/5f343310d4a83e1c2f6d4e5a6181e90a.php 第 79 行.
NOTIC: [8] Array to string conversion /Applications/MAMP/htdocs/sast/Application/Runtime/Cache/Index/5f343310d4a83e1c2f6d4e5a6181e90a.php 第 79 行.
NOTIC: [8] Use of undefined constant Math - assumed 'Math' /Applications/MAMP/htdocs/sast/Application/Runtime/Cache/Index/5f343310d4a83e1c2f6d4e5a6181e90a.php 第 109 行.
NOTIC: [8] Array to string conversion /Applications/MAMP/htdocs/sast/Application/Runtime/Cache/Index/5f343310d4a83e1c2f6d4e5a6181e90a.php 第 109 行.
INFO: Run Behavior\ParseTemplateBehavior [ RunTime:0.016657s ]
INFO: [ view_parse ] --END-- [ RunTime:0.016770s ]
INFO: [ view_filter ] --START--
INFO: Run Behavior\WriteHtmlCacheBehavior [ RunTime:0.000176s ]
INFO: [ view_filter ] --END-- [ RunTime:0.000282s ]
INFO: [ app_end ] --START--
INFO: Run Behavior\ShowPageTraceBehavior [ RunTime:0.000521s ]
INFO: [ app_end ] --END-- [ RunTime:0.000634s ]

[ 2016-05-28T21:17:13+08:00 ] 127.0.0.1 /Index/Index/index.html
INFO: [ app_init ] --START--
INFO: Run Behavior\BuildLiteBehavior [ RunTime:0.000051s ]
INFO: [ app_init ] --END-- [ RunTime:0.000319s ]
INFO: [ app_begin ] --START--
INFO: Run Behavior\ReadHtmlCacheBehavior [ RunTime:0.000632s ]
INFO: [ app_begin ] --END-- [ RunTime:0.000770s ]
NOTIC: [2] Missing argument 1 for Think\Model::where(), called in /Applications/MAMP/htdocs/sast/Application/Index/Controller/IndexController.class.php on line 13 and defined /Applications/MAMP/htdocs/sast/ThinkPHP/Library/Think/Model.class.php 第 1797 行.
NOTIC: [8] Undefined variable: where /Applications/MAMP/htdocs/sast/ThinkPHP/Library/Think/Model.class.php 第 1805 行.
NOTIC: [8] Undefined variable: where /Applications/MAMP/htdocs/sast/ThinkPHP/Library/Think/Model.class.php 第 1808 行.
NOTIC: [8] Undefined variable: where /Applications/MAMP/htdocs/sast/ThinkPHP/Library/Think/Model.class.php 第 1816 行.
SQL: SELECT `title`,`text` FROM `sast_news`  [ RunTime:0.0004s ]
INFO: [ view_parse ] --START--
INFO: [ template_filter ] --START--
INFO: Run Behavior\ContentReplaceBehavior [ RunTime:0.000143s ]
INFO: [ template_filter ] --END-- [ RunTime:0.000277s ]
NOTIC: [8] Use of undefined constant Math - assumed 'Math' /Applications/MAMP/htdocs/sast/Application/Runtime/Cache/Index/5f343310d4a83e1c2f6d4e5a6181e90a.php 第 79 行.
NOTIC: [8] Array to string conversion /Applications/MAMP/htdocs/sast/Application/Runtime/Cache/Index/5f343310d4a83e1c2f6d4e5a6181e90a.php 第 79 行.
NOTIC: [8] Use of undefined constant Math - assumed 'Math' /Applications/MAMP/htdocs/sast/Application/Runtime/Cache/Index/5f343310d4a83e1c2f6d4e5a6181e90a.php 第 109 行.
NOTIC: [8] Array to string conversion /Applications/MAMP/htdocs/sast/Application/Runtime/Cache/Index/5f343310d4a83e1c2f6d4e5a6181e90a.php 第 109 行.
INFO: Run Behavior\ParseTemplateBehavior [ RunTime:0.018040s ]
INFO: [ view_parse ] --END-- [ RunTime:0.018161s ]
INFO: [ view_filter ] --START--
INFO: Run Behavior\WriteHtmlCacheBehavior [ RunTime:0.000174s ]
INFO: [ view_filter ] --END-- [ RunTime:0.000284s ]
INFO: [ app_end ] --START--
INFO: Run Behavior\ShowPageTraceBehavior [ RunTime:0.000565s ]
INFO: [ app_end ] --END-- [ RunTime:0.000679s ]

[ 2016-05-28T21:17:13+08:00 ] 127.0.0.1 /Index/Index/index.html
INFO: [ app_init ] --START--
INFO: Run Behavior\BuildLiteBehavior [ RunTime:0.000026s ]
INFO: [ app_init ] --END-- [ RunTime:0.000151s ]
INFO: [ app_begin ] --START--
INFO: Run Behavior\ReadHtmlCacheBehavior [ RunTime:0.000471s ]
INFO: [ app_begin ] --END-- [ RunTime:0.000583s ]
NOTIC: [2] Missing argument 1 for Think\Model::where(), called in /Applications/MAMP/htdocs/sast/Application/Index/Controller/IndexController.class.php on line 13 and defined /Applications/MAMP/htdocs/sast/ThinkPHP/Library/Think/Model.class.php 第 1797 行.
NOTIC: [8] Undefined variable: where /Applications/MAMP/htdocs/sast/ThinkPHP/Library/Think/Model.class.php 第 1805 行.
NOTIC: [8] Undefined variable: where /Applications/MAMP/htdocs/sast/ThinkPHP/Library/Think/Model.class.php 第 1808 行.
NOTIC: [8] Undefined variable: where /Applications/MAMP/htdocs/sast/ThinkPHP/Library/Think/Model.class.php 第 1816 行.
SQL: SELECT `title`,`text` FROM `sast_news`  [ RunTime:0.0003s ]
INFO: [ view_parse ] --START--
INFO: [ template_filter ] --START--
INFO: Run Behavior\ContentReplaceBehavior [ RunTime:0.000114s ]
INFO: [ template_filter ] --END-- [ RunTime:0.000290s ]
NOTIC: [8] Use of undefined constant Math - assumed 'Math' /Applications/MAMP/htdocs/sast/Application/Runtime/Cache/Index/5f343310d4a83e1c2f6d4e5a6181e90a.php 第 79 行.
NOTIC: [8] Array to string conversion /Applications/MAMP/htdocs/sast/Application/Runtime/Cache/Index/5f343310d4a83e1c2f6d4e5a6181e90a.php 第 79 行.
NOTIC: [8] Use of undefined constant Math - assumed 'Math' /Applications/MAMP/htdocs/sast/Application/Runtime/Cache/Index/5f343310d4a83e1c2f6d4e5a6181e90a.php 第 109 行.
NOTIC: [8] Array to string conversion /Applications/MAMP/htdocs/sast/Application/Runtime/Cache/Index/5f343310d4a83e1c2f6d4e5a6181e90a.php 第 109 行.
INFO: Run Behavior\ParseTemplateBehavior [ RunTime:0.018902s ]
INFO: [ view_parse ] --END-- [ RunTime:0.019028s ]
INFO: [ view_filter ] --START--
INFO: Run Behavior\WriteHtmlCacheBehavior [ RunTime:0.000207s ]
INFO: [ view_filter ] --END-- [ RunTime:0.000315s ]
INFO: [ app_end ] --START--
INFO: Run Behavior\ShowPageTraceBehavior [ RunTime:0.000631s ]
INFO: [ app_end ] --END-- [ RunTime:0.000754s ]

[ 2016-05-28T21:17:13+08:00 ] 127.0.0.1 /Index/Login/getverify.html
INFO: [ app_init ] --START--
INFO: Run Behavior\BuildLiteBehavior [ RunTime:0.000029s ]
INFO: [ app_init ] --END-- [ RunTime:0.000157s ]
INFO: [ app_begin ] --START--
INFO: Run Behavior\ReadHtmlCacheBehavior [ RunTime:0.000578s ]
INFO: [ app_begin ] --END-- [ RunTime:0.000739s ]
NOTIC: [8] Use of undefined constant ture - assumed 'ture' /Applications/MAMP/htdocs/sast/Application/Common/Common/function.php 第 28 行.
INFO: [ app_end ] --START--
INFO: Run Behavior\ShowPageTraceBehavior [ RunTime:0.000582s ]
INFO: [ app_end ] --END-- [ RunTime:0.000711s ]

[ 2016-05-28T21:17:13+08:00 ] 127.0.0.1 /Public/css/bootstrap.css.map
INFO: [ app_init ] --START--
INFO: Run Behavior\BuildLiteBehavior [ RunTime:0.000028s ]
INFO: [ app_init ] --END-- [ RunTime:0.000156s ]
INFO: [ app_begin ] --START--
INFO: Run Behavior\ReadHtmlCacheBehavior [ RunTime:0.000595s ]
INFO: [ app_begin ] --END-- [ RunTime:0.000712s ]
ERR: 无法加载控制器:Public

[ 2016-05-28T21:17:13+08:00 ] 127.0.0.1 /Index/Index/index.html
INFO: [ app_init ] --START--
INFO: Run Behavior\BuildLiteBehavior [ RunTime:0.000027s ]
INFO: [ app_init ] --END-- [ RunTime:0.000151s ]
INFO: [ app_begin ] --START--
INFO: Run Behavior\ReadHtmlCacheBehavior [ RunTime:0.000517s ]
INFO: [ app_begin ] --END-- [ RunTime:0.000671s ]
NOTIC: [2] Missing argument 1 for Think\Model::where(), called in /Applications/MAMP/htdocs/sast/Application/Index/Controller/IndexController.class.php on line 13 and defined /Applications/MAMP/htdocs/sast/ThinkPHP/Library/Think/Model.class.php 第 1797 行.
NOTIC: [8] Undefined variable: where /Applications/MAMP/htdocs/sast/ThinkPHP/Library/Think/Model.class.php 第 1805 行.
NOTIC: [8] Undefined variable: where /Applications/MAMP/htdocs/sast/ThinkPHP/Library/Think/Model.class.php 第 1808 行.
NOTIC: [8] Undefined variable: where /Applications/MAMP/htdocs/sast/ThinkPHP/Library/Think/Model.class.php 第 1816 行.
SQL: SELECT `title`,`text` FROM `sast_news`  [ RunTime:0.0003s ]
INFO: [ view_parse ] --START--
INFO: [ template_filter ] --START--
INFO: Run Behavior\ContentReplaceBehavior [ RunTime:0.000108s ]
INFO: [ template_filter ] --END-- [ RunTime:0.000244s ]
NOTIC: [8] Use of undefined constant Math - assumed 'Math' /Applications/MAMP/htdocs/sast/Application/Runtime/Cache/Index/5f343310d4a83e1c2f6d4e5a6181e90a.php 第 79 行.
NOTIC: [8] Array to string conversion /Applications/MAMP/htdocs/sast/Application/Runtime/Cache/Index/5f343310d4a83e1c2f6d4e5a6181e90a.php 第 79 行.
NOTIC: [8] Use of undefined constant Math - assumed 'Math' /Applications/MAMP/htdocs/sast/Application/Runtime/Cache/Index/5f343310d4a83e1c2f6d4e5a6181e90a.php 第 109 行.
NOTIC: [8] Array to string conversion /Applications/MAMP/htdocs/sast/Application/Runtime/Cache/Index/5f343310d4a83e1c2f6d4e5a6181e90a.php 第 109 行.
INFO: Run Behavior\ParseTemplateBehavior [ RunTime:0.018397s ]
INFO: [ view_parse ] --END-- [ RunTime:0.018526s ]
INFO: [ view_filter ] --START--
INFO: Run Behavior\WriteHtmlCacheBehavior [ RunTime:0.000252s ]
INFO: [ view_filter ] --END-- [ RunTime:0.000393s ]
INFO: [ app_end ] --START--
INFO: Run Behavior\ShowPageTraceBehavior [ RunTime:0.000775s ]
INFO: [ app_end ] --END-- [ RunTime:0.000932s ]

[ 2016-05-28T21:17:13+08:00 ] 127.0.0.1 /Index/Login/getverify.html
INFO: [ app_init ] --START--
INFO: Run Behavior\BuildLiteBehavior [ RunTime:0.000031s ]
INFO: [ app_init ] --END-- [ RunTime:0.000169s ]
INFO: [ app_begin ] --START--
INFO: Run Behavior\ReadHtmlCacheBehavior [ RunTime:0.000770s ]
INFO: [ app_begin ] --END-- [ RunTime:0.000943s ]
NOTIC: [8] Use of undefined constant ture - assumed 'ture' /Applications/MAMP/htdocs/sast/Application/Common/Common/function.php 第 28 行.
INFO: [ app_end ] --START--
INFO: Run Behavior\ShowPageTraceBehavior [ RunTime:0.000609s ]
INFO: [ app_end ] --END-- [ RunTime:0.000756s ]

[ 2016-05-28T21:17:13+08:00 ] 127.0.0.1 /Public/css/bootstrap.css.map
INFO: [ app_init ] --START--
INFO: Run Behavior\BuildLiteBehavior [ RunTime:0.000069s ]
INFO: [ app_init ] --END-- [ RunTime:0.000281s ]
INFO: [ app_begin ] --START--
INFO: Run Behavior\ReadHtmlCacheBehavior [ RunTime:0.000603s ]
INFO: [ app_begin ] --END-- [ RunTime:0.000736s ]
ERR: 无法加载控制器:Public

[ 2016-05-28T21:17:14+08:00 ] 127.0.0.1 /Index/Login/logout
INFO: [ app_init ] --START--
INFO: Run Behavior\BuildLiteBehavior [ RunTime:0.000026s ]
INFO: [ app_init ] --END-- [ RunTime:0.000146s ]
INFO: [ app_begin ] --START--
INFO: Run Behavior\ReadHtmlCacheBehavior [ RunTime:0.000445s ]
INFO: [ app_begin ] --END-- [ RunTime:0.000552s ]

[ 2016-05-28T21:17:14+08:00 ] 127.0.0.1 /Index/Index/index.html
INFO: [ app_init ] --START--
INFO: Run Behavior\BuildLiteBehavior [ RunTime:0.000027s ]
INFO: [ app_init ] --END-- [ RunTime:0.000149s ]
INFO: [ app_begin ] --START--
INFO: Run Behavior\ReadHtmlCacheBehavior [ RunTime:0.000458s ]
INFO: [ app_begin ] --END-- [ RunTime:0.000568s ]
NOTIC: [2] Missing argument 1 for Think\Model::where(), called in /Applications/MAMP/htdocs/sast/Application/Index/Controller/IndexController.class.php on line 13 and defined /Applications/MAMP/htdocs/sast/ThinkPHP/Library/Think/Model.class.php 第 1797 行.
NOTIC: [8] Undefined variable: where /Applications/MAMP/htdocs/sast/ThinkPHP/Library/Think/Model.class.php 第 1805 行.
NOTIC: [8] Undefined variable: where /Applications/MAMP/htdocs/sast/ThinkPHP/Library/Think/Model.class.php 第 1808 行.
NOTIC: [8] Undefined variable: where /Applications/MAMP/htdocs/sast/ThinkPHP/Library/Think/Model.class.php 第 1816 行.
SQL: SELECT `title`,`text` FROM `sast_news`  [ RunTime:0.0003s ]
INFO: [ view_parse ] --START--
INFO: [ template_filter ] --START--
INFO: Run Behavior\ContentReplaceBehavior [ RunTime:0.000115s ]
INFO: [ template_filter ] --END-- [ RunTime:0.000250s ]
NOTIC: [8] Undefined index: userinfo /Applications/MAMP/htdocs/sast/Application/Runtime/Cache/Index/5f343310d4a83e1c2f6d4e5a6181e90a.php 第 23 行.
NOTIC: [8] Use of undefined constant Math - assumed 'Math' /Applications/MAMP/htdocs/sast/Application/Runtime/Cache/Index/5f343310d4a83e1c2f6d4e5a6181e90a.php 第 79 行.
NOTIC: [8] Array to string conversion /Applications/MAMP/htdocs/sast/Application/Runtime/Cache/Index/5f343310d4a83e1c2f6d4e5a6181e90a.php 第 79 行.
NOTIC: [8] Use of undefined constant Math - assumed 'Math' /Applications/MAMP/htdocs/sast/Application/Runtime/Cache/Index/5f343310d4a83e1c2f6d4e5a6181e90a.php 第 109 行.
NOTIC: [8] Array to string conversion /Applications/MAMP/htdocs/sast/Application/Runtime/Cache/Index/5f343310d4a83e1c2f6d4e5a6181e90a.php 第 109 行.
INFO: Run Behavior\ParseTemplateBehavior [ RunTime:0.017216s ]
INFO: [ view_parse ] --END-- [ RunTime:0.017330s ]
INFO: [ view_filter ] --START--
INFO: Run Behavior\WriteHtmlCacheBehavior [ RunTime:0.000189s ]
INFO: [ view_filter ] --END-- [ RunTime:0.000307s ]
INFO: [ app_end ] --START--
INFO: Run Behavior\ShowPageTraceBehavior [ RunTime:0.000717s ]
INFO: [ app_end ] --END-- [ RunTime:0.000836s ]

[ 2016-05-28T21:17:14+08:00 ] 127.0.0.1 /Index/Login/getverify.html
INFO: [ app_init ] --START--
INFO: Run Behavior\BuildLiteBehavior [ RunTime:0.000048s ]
INFO: [ app_init ] --END-- [ RunTime:0.000266s ]
INFO: [ app_begin ] --START--
INFO: Run Behavior\ReadHtmlCacheBehavior [ RunTime:0.000779s ]
INFO: [ app_begin ] --END-- [ RunTime:0.000970s ]
NOTIC: [8] Use of undefined constant ture - assumed 'ture' /Applications/MAMP/htdocs/sast/Application/Common/Common/function.php 第 28 行.
INFO: [ app_end ] --START--
INFO: Run Behavior\ShowPageTraceBehavior [ RunTime:0.000590s ]
INFO: [ app_end ] --END-- [ RunTime:0.000739s ]

[ 2016-05-28T21:17:14+08:00 ] 127.0.0.1 /Public/css/bootstrap.css.map
INFO: [ app_init ] --START--
INFO: Run Behavior\BuildLiteBehavior [ RunTime:0.000050s ]
INFO: [ app_init ] --END-- [ RunTime:0.000283s ]
INFO: [ app_begin ] --START--
INFO: Run Behavior\ReadHtmlCacheBehavior [ RunTime:0.000844s ]
INFO: [ app_begin ] --END-- [ RunTime:0.001073s ]
ERR: 无法加载控制器:Public

[ 2016-05-28T21:38:06+08:00 ] 127.0.0.1 /
INFO: [ app_init ] --START--
INFO: Run Behavior\BuildLiteBehavior [ RunTime:0.000031s ]
INFO: [ app_init ] --END-- [ RunTime:0.000161s ]
INFO: [ app_begin ] --START--
INFO: Run Behavior\ReadHtmlCacheBehavior [ RunTime:0.001305s ]
INFO: [ app_begin ] --END-- [ RunTime:0.001454s ]
NOTIC: [2] Missing argument 1 for Think\Model::where(), called in /Applications/MAMP/htdocs/sast/Application/Index/Controller/IndexController.class.php on line 13 and defined /Applications/MAMP/htdocs/sast/ThinkPHP/Library/Think/Model.class.php 第 1797 行.
NOTIC: [8] Undefined variable: where /Applications/MAMP/htdocs/sast/ThinkPHP/Library/Think/Model.class.php 第 1805 行.
NOTIC: [8] Undefined variable: where /Applications/MAMP/htdocs/sast/ThinkPHP/Library/Think/Model.class.php 第 1808 行.
NOTIC: [8] Undefined variable: where /Applications/MAMP/htdocs/sast/ThinkPHP/Library/Think/Model.class.php 第 1816 行.
SQL: SELECT `title`,`text` FROM `sast_news`  [ RunTime:0.0003s ]
INFO: [ view_parse ] --START--
INFO: [ template_filter ] --START--
INFO: Run Behavior\ContentReplaceBehavior [ RunTime:0.000101s ]
INFO: [ template_filter ] --END-- [ RunTime:0.000231s ]
NOTIC: [8] Undefined index: userinfo /Applications/MAMP/htdocs/sast/Application/Runtime/Cache/Index/5f343310d4a83e1c2f6d4e5a6181e90a.php 第 23 行.
NOTIC: [8] Use of undefined constant Math - assumed 'Math' /Applications/MAMP/htdocs/sast/Application/Runtime/Cache/Index/5f343310d4a83e1c2f6d4e5a6181e90a.php 第 79 行.
NOTIC: [8] Array to string conversion /Applications/MAMP/htdocs/sast/Application/Runtime/Cache/Index/5f343310d4a83e1c2f6d4e5a6181e90a.php 第 79 行.
NOTIC: [8] Use of undefined constant Math - assumed 'Math' /Applications/MAMP/htdocs/sast/Application/Runtime/Cache/Index/5f343310d4a83e1c2f6d4e5a6181e90a.php 第 109 行.
NOTIC: [8] Array to string conversion /Applications/MAMP/htdocs/sast/Application/Runtime/Cache/Index/5f343310d4a83e1c2f6d4e5a6181e90a.php 第 109 行.
INFO: Run Behavior\ParseTemplateBehavior [ RunTime:0.020199s ]
INFO: [ view_parse ] --END-- [ RunTime:0.020312s ]
INFO: [ view_filter ] --START--
INFO: Run Behavior\WriteHtmlCacheBehavior [ RunTime:0.000631s ]
INFO: [ view_filter ] --END-- [ RunTime:0.000746s ]
INFO: [ app_end ] --START--
INFO: Run Behavior\ShowPageTraceBehavior [ RunTime:0.001052s ]
INFO: [ app_end ] --END-- [ RunTime:0.001213s ]

[ 2016-05-28T21:38:06+08:00 ] 127.0.0.1 /Index/Login/getverify.html
INFO: [ app_init ] --START--
INFO: Run Behavior\BuildLiteBehavior [ RunTime:0.000025s ]
INFO: [ app_init ] --END-- [ RunTime:0.000159s ]
INFO: [ app_begin ] --START--
INFO: Run Behavior\ReadHtmlCacheBehavior [ RunTime:0.000465s ]
INFO: [ app_begin ] --END-- [ RunTime:0.000577s ]
NOTIC: [8] Use of undefined constant ture - assumed 'ture' /Applications/MAMP/htdocs/sast/Application/Common/Common/function.php 第 28 行.
INFO: [ app_end ] --START--
INFO: Run Behavior\ShowPageTraceBehavior [ RunTime:0.000545s ]
INFO: [ app_end ] --END-- [ RunTime:0.000667s ]

[ 2016-05-28T21:40:24+08:00 ] 192.168.2.113 /
INFO: [ app_init ] --START--
INFO: Run Behavior\BuildLiteBehavior [ RunTime:0.000031s ]
INFO: [ app_init ] --END-- [ RunTime:0.000194s ]
INFO: [ app_begin ] --START--
INFO: Run Behavior\ReadHtmlCacheBehavior [ RunTime:0.000501s ]
INFO: [ app_begin ] --END-- [ RunTime:0.000619s ]
NOTIC: [2] Missing argument 1 for Think\Model::where(), called in /Applications/MAMP/htdocs/sast/Application/Index/Controller/IndexController.class.php on line 13 and defined /Applications/MAMP/htdocs/sast/ThinkPHP/Library/Think/Model.class.php 第 1797 行.
NOTIC: [8] Undefined variable: where /Applications/MAMP/htdocs/sast/ThinkPHP/Library/Think/Model.class.php 第 1805 行.
NOTIC: [8] Undefined variable: where /Applications/MAMP/htdocs/sast/ThinkPHP/Library/Think/Model.class.php 第 1808 行.
NOTIC: [8] Undefined variable: where /Applications/MAMP/htdocs/sast/ThinkPHP/Library/Think/Model.class.php 第 1816 行.
SQL: SELECT `title`,`text` FROM `sast_news`  [ RunTime:0.0004s ]
INFO: [ view_parse ] --START--
INFO: [ template_filter ] --START--
INFO: Run Behavior\ContentReplaceBehavior [ RunTime:0.000125s ]
INFO: [ template_filter ] --END-- [ RunTime:0.000236s ]
NOTIC: [8] Undefined index: userinfo /Applications/MAMP/htdocs/sast/Application/Runtime/Cache/Index/5f343310d4a83e1c2f6d4e5a6181e90a.php 第 23 行.
NOTIC: [8] Use of undefined constant Math - assumed 'Math' /Applications/MAMP/htdocs/sast/Application/Runtime/Cache/Index/5f343310d4a83e1c2f6d4e5a6181e90a.php 第 79 行.
NOTIC: [8] Array to string conversion /Applications/MAMP/htdocs/sast/Application/Runtime/Cache/Index/5f343310d4a83e1c2f6d4e5a6181e90a.php 第 79 行.
NOTIC: [8] Use of undefined constant Math - assumed 'Math' /Applications/MAMP/htdocs/sast/Application/Runtime/Cache/Index/5f343310d4a83e1c2f6d4e5a6181e90a.php 第 109 行.
NOTIC: [8] Array to string conversion /Applications/MAMP/htdocs/sast/Application/Runtime/Cache/Index/5f343310d4a83e1c2f6d4e5a6181e90a.php 第 109 行.
INFO: Run Behavior\ParseTemplateBehavior [ RunTime:0.016661s ]
INFO: [ view_parse ] --END-- [ RunTime:0.016776s ]
INFO: [ view_filter ] --START--
INFO: Run Behavior\WriteHtmlCacheBehavior [ RunTime:0.000156s ]
INFO: [ view_filter ] --END-- [ RunTime:0.000263s ]
INFO: [ app_end ] --START--
INFO: Run Behavior\ShowPageTraceBehavior [ RunTime:0.000510s ]
INFO: [ app_end ] --END-- [ RunTime:0.000621s ]

[ 2016-05-28T21:40:29+08:00 ] 192.168.2.113 /Index/Login/getverify.html
INFO: [ app_init ] --START--
INFO: Run Behavior\BuildLiteBehavior [ RunTime:0.000024s ]
INFO: [ app_init ] --END-- [ RunTime:0.000165s ]
INFO: [ app_begin ] --START--
INFO: Run Behavior\ReadHtmlCacheBehavior [ RunTime:0.000468s ]
INFO: [ app_begin ] --END-- [ RunTime:0.000577s ]
NOTIC: [8] Use of undefined constant ture - assumed 'ture' /Applications/MAMP/htdocs/sast/Application/Common/Common/function.php 第 28 行.
INFO: [ app_end ] --START--
INFO: Run Behavior\ShowPageTraceBehavior [ RunTime:0.000637s ]
INFO: [ app_end ] --END-- [ RunTime:0.000786s ]

[ 2016-05-28T21:40:37+08:00 ] 192.168.2.113 /favicon.ico
INFO: [ app_init ] --START--
INFO: Run Behavior\BuildLiteBehavior [ RunTime:0.000023s ]
INFO: [ app_init ] --END-- [ RunTime:0.000151s ]

