[ 2016-06-25T01:38:04+08:00 ] 127.0.0.1 /
INFO: [ app_init ] --START--
INFO: Run Behavior\BuildLiteBehavior [ RunTime:0.000355s ]
INFO: [ app_init ] --END-- [ RunTime:0.001092s ]
INFO: [ app_begin ] --START--
INFO: Run Behavior\ReadHtmlCacheBehavior [ RunTime:0.000948s ]
INFO: [ app_begin ] --END-- [ RunTime:0.001099s ]
NOTIC: [2] Missing argument 1 for Think\Model::where(), called in /Applications/MAMP/htdocs/sast/Application/Index/Controller/IndexController.class.php on line 11 and defined /Applications/MAMP/htdocs/sast/ThinkPHP/Library/Think/Model.class.php 第 1797 行.
NOTIC: [8] Undefined variable: where /Applications/MAMP/htdocs/sast/ThinkPHP/Library/Think/Model.class.php 第 1805 行.
NOTIC: [8] Undefined variable: where /Applications/MAMP/htdocs/sast/ThinkPHP/Library/Think/Model.class.php 第 1808 行.
NOTIC: [8] Undefined variable: where /Applications/MAMP/htdocs/sast/ThinkPHP/Library/Think/Model.class.php 第 1816 行.
SQL: SELECT `title`,`text` FROM `sast_news`  [ RunTime:0.0046s ]
INFO: [ view_parse ] --START--
INFO: [ template_filter ] --START--
INFO: Run Behavior\ContentReplaceBehavior [ RunTime:0.000233s ]
INFO: [ template_filter ] --END-- [ RunTime:0.000440s ]
NOTIC: [8] Undefined index: userinfo /Applications/MAMP/htdocs/sast/Application/Runtime/Cache/Index/5f343310d4a83e1c2f6d4e5a6181e90a.php 第 23 行.
NOTIC: [8] Use of undefined constant Math - assumed 'Math' /Applications/MAMP/htdocs/sast/Application/Runtime/Cache/Index/5f343310d4a83e1c2f6d4e5a6181e90a.php 第 79 行.
NOTIC: [8] Array to string conversion /Applications/MAMP/htdocs/sast/Application/Runtime/Cache/Index/5f343310d4a83e1c2f6d4e5a6181e90a.php 第 79 行.
NOTIC: [8] Use of undefined constant Math - assumed 'Math' /Applications/MAMP/htdocs/sast/Application/Runtime/Cache/Index/5f343310d4a83e1c2f6d4e5a6181e90a.php 第 109 行.
NOTIC: [8] Array to string conversion /Applications/MAMP/htdocs/sast/Application/Runtime/Cache/Index/5f343310d4a83e1c2f6d4e5a6181e90a.php 第 109 行.
INFO: Run Behavior\ParseTemplateBehavior [ RunTime:0.029930s ]
INFO: [ view_parse ] --END-- [ RunTime:0.030069s ]
INFO: [ view_filter ] --START--
INFO: Run Behavior\WriteHtmlCacheBehavior [ RunTime:0.000518s ]
INFO: [ view_filter ] --END-- [ RunTime:0.000657s ]
INFO: [ app_end ] --START--
INFO: Run Behavior\ShowPageTraceBehavior [ RunTime:0.001231s ]
INFO: [ app_end ] --END-- [ RunTime:0.001403s ]

[ 2016-06-25T01:38:04+08:00 ] 127.0.0.1 /Index/Login/getverify.html
INFO: [ app_init ] --START--
INFO: Run Behavior\BuildLiteBehavior [ RunTime:0.000031s ]
INFO: [ app_init ] --END-- [ RunTime:0.000187s ]
INFO: [ app_begin ] --START--
INFO: Run Behavior\ReadHtmlCacheBehavior [ RunTime:0.000510s ]
INFO: [ app_begin ] --END-- [ RunTime:0.000622s ]
NOTIC: [8] Use of undefined constant ture - assumed 'ture' /Applications/MAMP/htdocs/sast/Application/Common/Common/function.php 第 28 行.
INFO: [ app_end ] --START--
INFO: Run Behavior\ShowPageTraceBehavior [ RunTime:0.001626s ]
INFO: [ app_end ] --END-- [ RunTime:0.002048s ]

[ 2016-06-25T01:38:05+08:00 ] 127.0.0.1 /favicon.ico
INFO: [ app_init ] --START--
INFO: Run Behavior\BuildLiteBehavior [ RunTime:0.000055s ]
INFO: [ app_init ] --END-- [ RunTime:0.000314s ]

[ 2016-06-25T01:38:07+08:00 ] 127.0.0.1 /Index/Search/index.html
INFO: [ app_init ] --START--
INFO: Run Behavior\BuildLiteBehavior [ RunTime:0.000023s ]
INFO: [ app_init ] --END-- [ RunTime:0.000129s ]
INFO: [ app_begin ] --START--
INFO: Run Behavior\ReadHtmlCacheBehavior [ RunTime:0.000975s ]
INFO: [ app_begin ] --END-- [ RunTime:0.001248s ]
INFO: [ view_parse ] --START--
INFO: [ template_filter ] --START--
INFO: Run Behavior\ContentReplaceBehavior [ RunTime:0.000111s ]
INFO: [ template_filter ] --END-- [ RunTime:0.000234s ]
NOTIC: [8] Undefined index: userinfo /Applications/MAMP/htdocs/sast/Application/Runtime/Cache/Index/a4bbf827e05883590a75f7eeaad104ff.php 第 22 行.
NOTIC: [8] Use of undefined constant Math - assumed 'Math' /Applications/MAMP/htdocs/sast/Application/Runtime/Cache/Index/a4bbf827e05883590a75f7eeaad104ff.php 第 78 行.
NOTIC: [8] Array to string conversion /Applications/MAMP/htdocs/sast/Application/Runtime/Cache/Index/a4bbf827e05883590a75f7eeaad104ff.php 第 78 行.
NOTIC: [8] Use of undefined constant Math - assumed 'Math' /Applications/MAMP/htdocs/sast/Application/Runtime/Cache/Index/a4bbf827e05883590a75f7eeaad104ff.php 第 108 行.
NOTIC: [8] Array to string conversion /Applications/MAMP/htdocs/sast/Application/Runtime/Cache/Index/a4bbf827e05883590a75f7eeaad104ff.php 第 108 行.
INFO: Run Behavior\ParseTemplateBehavior [ RunTime:0.019263s ]
INFO: [ view_parse ] --END-- [ RunTime:0.019397s ]
INFO: [ view_filter ] --START--
INFO: Run Behavior\WriteHtmlCacheBehavior [ RunTime:0.000208s ]
INFO: [ view_filter ] --END-- [ RunTime:0.000305s ]
INFO: [ app_end ] --START--
INFO: Run Behavior\ShowPageTraceBehavior [ RunTime:0.000793s ]
INFO: [ app_end ] --END-- [ RunTime:0.000959s ]

[ 2016-06-25T01:38:07+08:00 ] 127.0.0.1 /Index/Login/getverify.html
INFO: [ app_init ] --START--
INFO: Run Behavior\BuildLiteBehavior [ RunTime:0.000026s ]
INFO: [ app_init ] --END-- [ RunTime:0.000142s ]
INFO: [ app_begin ] --START--
INFO: Run Behavior\ReadHtmlCacheBehavior [ RunTime:0.000522s ]
INFO: [ app_begin ] --END-- [ RunTime:0.000642s ]
NOTIC: [8] Use of undefined constant ture - assumed 'ture' /Applications/MAMP/htdocs/sast/Application/Common/Common/function.php 第 28 行.
INFO: [ app_end ] --START--
INFO: Run Behavior\ShowPageTraceBehavior [ RunTime:0.000575s ]
INFO: [ app_end ] --END-- [ RunTime:0.000712s ]

[ 2016-06-25T01:38:07+08:00 ] 127.0.0.1 /Index/Search/search
INFO: [ app_init ] --START--
INFO: Run Behavior\BuildLiteBehavior [ RunTime:0.000025s ]
INFO: [ app_init ] --END-- [ RunTime:0.000137s ]
INFO: [ app_begin ] --START--
INFO: Run Behavior\ReadHtmlCacheBehavior [ RunTime:0.000498s ]
INFO: [ app_begin ] --END-- [ RunTime:0.000601s ]
NOTIC: [8] Undefined index: field /Applications/MAMP/htdocs/sast/Application/Index/Controller/SearchController.class.php 第 11 行.
NOTIC: [8] Undefined variable: map /Applications/MAMP/htdocs/sast/Application/Index/Controller/SearchController.class.php 第 20 行.
SQL: SELECT * FROM `sast_work` ORDER BY work_id desc LIMIT 0,7   [ RunTime:0.0027s ]
NOTIC: [8] Undefined variable: map /Applications/MAMP/htdocs/sast/Application/Index/Controller/SearchController.class.php 第 21 行.
SQL: SELECT COUNT(*) AS tp_count FROM `sast_work` LIMIT 1   [ RunTime:0.0022s ]

[ 2016-06-25T01:42:51+08:00 ] 127.0.0.1 /Index/Search/index.html
INFO: [ app_init ] --START--
INFO: Run Behavior\BuildLiteBehavior [ RunTime:0.000054s ]
INFO: [ app_init ] --END-- [ RunTime:0.000602s ]
INFO: [ app_begin ] --START--
INFO: Run Behavior\ReadHtmlCacheBehavior [ RunTime:0.001048s ]
INFO: [ app_begin ] --END-- [ RunTime:0.001272s ]
INFO: [ view_parse ] --START--
INFO: [ template_filter ] --START--
INFO: Run Behavior\ContentReplaceBehavior [ RunTime:0.000149s ]
INFO: [ template_filter ] --END-- [ RunTime:0.000288s ]
NOTIC: [8] Undefined index: userinfo /Applications/MAMP/htdocs/sast/Application/Runtime/Cache/Index/a4bbf827e05883590a75f7eeaad104ff.php 第 22 行.
NOTIC: [8] Use of undefined constant Math - assumed 'Math' /Applications/MAMP/htdocs/sast/Application/Runtime/Cache/Index/a4bbf827e05883590a75f7eeaad104ff.php 第 78 行.
NOTIC: [8] Array to string conversion /Applications/MAMP/htdocs/sast/Application/Runtime/Cache/Index/a4bbf827e05883590a75f7eeaad104ff.php 第 78 行.
NOTIC: [8] Use of undefined constant Math - assumed 'Math' /Applications/MAMP/htdocs/sast/Application/Runtime/Cache/Index/a4bbf827e05883590a75f7eeaad104ff.php 第 108 行.
NOTIC: [8] Array to string conversion /Applications/MAMP/htdocs/sast/Application/Runtime/Cache/Index/a4bbf827e05883590a75f7eeaad104ff.php 第 108 行.
INFO: Run Behavior\ParseTemplateBehavior [ RunTime:0.025766s ]
INFO: [ view_parse ] --END-- [ RunTime:0.026065s ]
INFO: [ view_filter ] --START--
INFO: Run Behavior\WriteHtmlCacheBehavior [ RunTime:0.000979s ]
INFO: [ view_filter ] --END-- [ RunTime:0.002368s ]
INFO: [ app_end ] --START--
INFO: Run Behavior\ShowPageTraceBehavior [ RunTime:0.001732s ]
INFO: [ app_end ] --END-- [ RunTime:0.002092s ]

[ 2016-06-25T01:42:51+08:00 ] 127.0.0.1 /Index/Login/getverify.html
INFO: [ app_init ] --START--
INFO: Run Behavior\BuildLiteBehavior [ RunTime:0.000042s ]
INFO: [ app_init ] --END-- [ RunTime:0.000243s ]
INFO: [ app_begin ] --START--
INFO: Run Behavior\ReadHtmlCacheBehavior [ RunTime:0.000739s ]
INFO: [ app_begin ] --END-- [ RunTime:0.000950s ]
NOTIC: [8] Use of undefined constant ture - assumed 'ture' /Applications/MAMP/htdocs/sast/Application/Common/Common/function.php 第 28 行.
INFO: [ app_end ] --START--
INFO: Run Behavior\ShowPageTraceBehavior [ RunTime:0.000872s ]
INFO: [ app_end ] --END-- [ RunTime:0.001097s ]

[ 2016-06-25T01:42:52+08:00 ] 127.0.0.1 /Index/Search/search
INFO: [ app_init ] --START--
INFO: Run Behavior\BuildLiteBehavior [ RunTime:0.000027s ]
INFO: [ app_init ] --END-- [ RunTime:0.000206s ]
INFO: [ app_begin ] --START--
INFO: Run Behavior\ReadHtmlCacheBehavior [ RunTime:0.000582s ]
INFO: [ app_begin ] --END-- [ RunTime:0.000725s ]
NOTIC: [8] Undefined index: field /Applications/MAMP/htdocs/sast/Application/Index/Controller/SearchController.class.php 第 11 行.
NOTIC: [8] Undefined variable: map /Applications/MAMP/htdocs/sast/Application/Index/Controller/SearchController.class.php 第 20 行.
SQL: SELECT * FROM `sast_work` ORDER BY work_id desc LIMIT 0,7   [ RunTime:0.0005s ]
NOTIC: [8] Undefined variable: map /Applications/MAMP/htdocs/sast/Application/Index/Controller/SearchController.class.php 第 21 行.
SQL: SELECT COUNT(*) AS tp_count FROM `sast_work` LIMIT 1   [ RunTime:0.0003s ]

[ 2016-06-25T01:43:49+08:00 ] 127.0.0.1 /Index/Search/index.html
INFO: [ app_init ] --START--
INFO: Run Behavior\BuildLiteBehavior [ RunTime:0.000033s ]
INFO: [ app_init ] --END-- [ RunTime:0.000260s ]
INFO: [ app_begin ] --START--
INFO: Run Behavior\ReadHtmlCacheBehavior [ RunTime:0.001135s ]
INFO: [ app_begin ] --END-- [ RunTime:0.001408s ]
INFO: [ view_parse ] --START--
INFO: [ template_filter ] --START--
INFO: Run Behavior\ContentReplaceBehavior [ RunTime:0.000259s ]
INFO: [ template_filter ] --END-- [ RunTime:0.000554s ]
NOTIC: [8] Undefined index: userinfo /Applications/MAMP/htdocs/sast/Application/Runtime/Cache/Index/a4bbf827e05883590a75f7eeaad104ff.php 第 22 行.
NOTIC: [8] Use of undefined constant Math - assumed 'Math' /Applications/MAMP/htdocs/sast/Application/Runtime/Cache/Index/a4bbf827e05883590a75f7eeaad104ff.php 第 78 行.
NOTIC: [8] Array to string conversion /Applications/MAMP/htdocs/sast/Application/Runtime/Cache/Index/a4bbf827e05883590a75f7eeaad104ff.php 第 78 行.
NOTIC: [8] Use of undefined constant Math - assumed 'Math' /Applications/MAMP/htdocs/sast/Application/Runtime/Cache/Index/a4bbf827e05883590a75f7eeaad104ff.php 第 108 行.
NOTIC: [8] Array to string conversion /Applications/MAMP/htdocs/sast/Application/Runtime/Cache/Index/a4bbf827e05883590a75f7eeaad104ff.php 第 108 行.
INFO: Run Behavior\ParseTemplateBehavior [ RunTime:0.027657s ]
INFO: [ view_parse ] --END-- [ RunTime:0.027952s ]
INFO: [ view_filter ] --START--
INFO: Run Behavior\WriteHtmlCacheBehavior [ RunTime:0.000262s ]
INFO: [ view_filter ] --END-- [ RunTime:0.000373s ]
INFO: [ app_end ] --START--
INFO: Run Behavior\ShowPageTraceBehavior [ RunTime:0.008680s ]
INFO: [ app_end ] --END-- [ RunTime:0.009284s ]

[ 2016-06-25T01:43:49+08:00 ] 127.0.0.1 /Index/Login/getverify.html
INFO: [ app_init ] --START--
INFO: Run Behavior\BuildLiteBehavior [ RunTime:0.000136s ]
INFO: [ app_init ] --END-- [ RunTime:0.000409s ]
INFO: [ app_begin ] --START--
INFO: Run Behavior\ReadHtmlCacheBehavior [ RunTime:0.000560s ]
INFO: [ app_begin ] --END-- [ RunTime:0.000688s ]
NOTIC: [8] Use of undefined constant ture - assumed 'ture' /Applications/MAMP/htdocs/sast/Application/Common/Common/function.php 第 28 行.
INFO: [ app_end ] --START--
INFO: Run Behavior\ShowPageTraceBehavior [ RunTime:0.001135s ]
INFO: [ app_end ] --END-- [ RunTime:0.001357s ]

[ 2016-06-25T01:43:50+08:00 ] 127.0.0.1 /Index/Search/search
INFO: [ app_init ] --START--
INFO: Run Behavior\BuildLiteBehavior [ RunTime:0.000038s ]
INFO: [ app_init ] --END-- [ RunTime:0.000223s ]
INFO: [ app_begin ] --START--
INFO: Run Behavior\ReadHtmlCacheBehavior [ RunTime:0.001416s ]
INFO: [ app_begin ] --END-- [ RunTime:0.001618s ]
NOTIC: [8] Undefined index: field /Applications/MAMP/htdocs/sast/Application/Index/Controller/SearchController.class.php 第 11 行.
NOTIC: [8] Undefined variable: map /Applications/MAMP/htdocs/sast/Application/Index/Controller/SearchController.class.php 第 20 行.
SQL: SELECT * FROM `sast_work` ORDER BY work_id desc LIMIT 0,7   [ RunTime:0.0005s ]
NOTIC: [8] Undefined variable: map /Applications/MAMP/htdocs/sast/Application/Index/Controller/SearchController.class.php 第 21 行.
SQL: SELECT COUNT(*) AS tp_count FROM `sast_work` LIMIT 1   [ RunTime:0.0005s ]

[ 2016-06-25T01:43:58+08:00 ] 127.0.0.1 /Public/css/bootstrap.css.map
INFO: [ app_init ] --START--
INFO: Run Behavior\BuildLiteBehavior [ RunTime:0.000050s ]
INFO: [ app_init ] --END-- [ RunTime:0.000302s ]
INFO: [ app_begin ] --START--
INFO: Run Behavior\ReadHtmlCacheBehavior [ RunTime:0.001252s ]
INFO: [ app_begin ] --END-- [ RunTime:0.001481s ]
ERR: 无法加载控制器:Public

[ 2016-06-25T01:45:00+08:00 ] 127.0.0.1 /Index/Search/index.html
INFO: [ app_init ] --START--
INFO: Run Behavior\BuildLiteBehavior [ RunTime:0.000067s ]
INFO: [ app_init ] --END-- [ RunTime:0.000456s ]
INFO: [ app_begin ] --START--
INFO: Run Behavior\ReadHtmlCacheBehavior [ RunTime:0.001124s ]
INFO: [ app_begin ] --END-- [ RunTime:0.001347s ]
INFO: [ view_parse ] --START--
INFO: [ template_filter ] --START--
INFO: Run Behavior\ContentReplaceBehavior [ RunTime:0.000335s ]
INFO: [ template_filter ] --END-- [ RunTime:0.000714s ]
NOTIC: [8] Undefined index: userinfo /Applications/MAMP/htdocs/sast/Application/Runtime/Cache/Index/a4bbf827e05883590a75f7eeaad104ff.php 第 22 行.
NOTIC: [8] Use of undefined constant Math - assumed 'Math' /Applications/MAMP/htdocs/sast/Application/Runtime/Cache/Index/a4bbf827e05883590a75f7eeaad104ff.php 第 78 行.
NOTIC: [8] Array to string conversion /Applications/MAMP/htdocs/sast/Application/Runtime/Cache/Index/a4bbf827e05883590a75f7eeaad104ff.php 第 78 行.
NOTIC: [8] Use of undefined constant Math - assumed 'Math' /Applications/MAMP/htdocs/sast/Application/Runtime/Cache/Index/a4bbf827e05883590a75f7eeaad104ff.php 第 108 行.
NOTIC: [8] Array to string conversion /Applications/MAMP/htdocs/sast/Application/Runtime/Cache/Index/a4bbf827e05883590a75f7eeaad104ff.php 第 108 行.
INFO: Run Behavior\ParseTemplateBehavior [ RunTime:0.027643s ]
INFO: [ view_parse ] --END-- [ RunTime:0.027770s ]
INFO: [ view_filter ] --START--
INFO: Run Behavior\WriteHtmlCacheBehavior [ RunTime:0.000329s ]
INFO: [ view_filter ] --END-- [ RunTime:0.000526s ]
INFO: [ app_end ] --START--
INFO: Run Behavior\ShowPageTraceBehavior [ RunTime:0.001729s ]
INFO: [ app_end ] --END-- [ RunTime:0.001946s ]

[ 2016-06-25T01:45:00+08:00 ] 127.0.0.1 /Index/Login/getverify.html
INFO: [ app_init ] --START--
INFO: Run Behavior\BuildLiteBehavior [ RunTime:0.000025s ]
INFO: [ app_init ] --END-- [ RunTime:0.000136s ]
INFO: [ app_begin ] --START--
INFO: Run Behavior\ReadHtmlCacheBehavior [ RunTime:0.000759s ]
INFO: [ app_begin ] --END-- [ RunTime:0.000942s ]
NOTIC: [8] Use of undefined constant ture - assumed 'ture' /Applications/MAMP/htdocs/sast/Application/Common/Common/function.php 第 28 行.
INFO: [ app_end ] --START--
INFO: Run Behavior\ShowPageTraceBehavior [ RunTime:0.000748s ]
INFO: [ app_end ] --END-- [ RunTime:0.000955s ]

[ 2016-06-25T01:45:01+08:00 ] 127.0.0.1 /Index/Search/search
INFO: [ app_init ] --START--
INFO: Run Behavior\BuildLiteBehavior [ RunTime:0.000040s ]
INFO: [ app_init ] --END-- [ RunTime:0.000225s ]
INFO: [ app_begin ] --START--
INFO: Run Behavior\ReadHtmlCacheBehavior [ RunTime:0.000747s ]
INFO: [ app_begin ] --END-- [ RunTime:0.000932s ]
NOTIC: [8] Undefined index: field /Applications/MAMP/htdocs/sast/Application/Index/Controller/SearchController.class.php 第 11 行.
NOTIC: [8] Undefined variable: map /Applications/MAMP/htdocs/sast/Application/Index/Controller/SearchController.class.php 第 20 行.
SQL: SELECT * FROM `sast_work` ORDER BY work_id desc LIMIT 0,7   [ RunTime:0.0005s ]
NOTIC: [8] Undefined variable: map /Applications/MAMP/htdocs/sast/Application/Index/Controller/SearchController.class.php 第 21 行.
SQL: SELECT COUNT(*) AS tp_count FROM `sast_work` LIMIT 1   [ RunTime:0.0008s ]

[ 2016-06-25T01:45:03+08:00 ] 127.0.0.1 /Index/Search/search
INFO: [ app_init ] --START--
INFO: Run Behavior\BuildLiteBehavior [ RunTime:0.000025s ]
INFO: [ app_init ] --END-- [ RunTime:0.000137s ]
INFO: [ app_begin ] --START--
INFO: Run Behavior\ReadHtmlCacheBehavior [ RunTime:0.000565s ]
INFO: [ app_begin ] --END-- [ RunTime:0.000702s ]
NOTIC: [8] Undefined index: field /Applications/MAMP/htdocs/sast/Application/Index/Controller/SearchController.class.php 第 11 行.
NOTIC: [8] Undefined variable: map /Applications/MAMP/htdocs/sast/Application/Index/Controller/SearchController.class.php 第 20 行.
SQL: SELECT * FROM `sast_work` ORDER BY work_id desc LIMIT 7,7   [ RunTime:0.0007s ]
NOTIC: [8] Undefined variable: map /Applications/MAMP/htdocs/sast/Application/Index/Controller/SearchController.class.php 第 21 行.
SQL: SELECT COUNT(*) AS tp_count FROM `sast_work` LIMIT 1   [ RunTime:0.0007s ]

[ 2016-06-25T01:45:11+08:00 ] 127.0.0.1 /Index/Search/search
INFO: [ app_init ] --START--
INFO: Run Behavior\BuildLiteBehavior [ RunTime:0.000026s ]
INFO: [ app_init ] --END-- [ RunTime:0.000158s ]
INFO: [ app_begin ] --START--
INFO: Run Behavior\ReadHtmlCacheBehavior [ RunTime:0.000998s ]
INFO: [ app_begin ] --END-- [ RunTime:0.001630s ]
NOTIC: [8] Undefined index: field /Applications/MAMP/htdocs/sast/Application/Index/Controller/SearchController.class.php 第 11 行.
NOTIC: [8] Undefined variable: map /Applications/MAMP/htdocs/sast/Application/Index/Controller/SearchController.class.php 第 20 行.
SQL: SELECT * FROM `sast_work` ORDER BY work_id desc LIMIT 0,7   [ RunTime:0.0004s ]
NOTIC: [8] Undefined variable: map /Applications/MAMP/htdocs/sast/Application/Index/Controller/SearchController.class.php 第 21 行.
SQL: SELECT COUNT(*) AS tp_count FROM `sast_work` LIMIT 1   [ RunTime:0.0003s ]

[ 2016-06-25T01:45:14+08:00 ] 127.0.0.1 /Index/Search/search
INFO: [ app_init ] --START--
INFO: Run Behavior\BuildLiteBehavior [ RunTime:0.000056s ]
INFO: [ app_init ] --END-- [ RunTime:0.000285s ]
INFO: [ app_begin ] --START--
INFO: Run Behavior\ReadHtmlCacheBehavior [ RunTime:0.001058s ]
INFO: [ app_begin ] --END-- [ RunTime:0.001586s ]
NOTIC: [8] Undefined index: field /Applications/MAMP/htdocs/sast/Application/Index/Controller/SearchController.class.php 第 11 行.
NOTIC: [8] Undefined variable: map /Applications/MAMP/htdocs/sast/Application/Index/Controller/SearchController.class.php 第 20 行.
SQL: SELECT * FROM `sast_work` ORDER BY work_id desc LIMIT 7,7   [ RunTime:0.0004s ]
NOTIC: [8] Undefined variable: map /Applications/MAMP/htdocs/sast/Application/Index/Controller/SearchController.class.php 第 21 行.
SQL: SELECT COUNT(*) AS tp_count FROM `sast_work` LIMIT 1   [ RunTime:0.0003s ]

[ 2016-06-25T01:45:36+08:00 ] 127.0.0.1 /Index/Search/index.html?
INFO: [ app_init ] --START--
INFO: Run Behavior\BuildLiteBehavior [ RunTime:0.000074s ]
INFO: [ app_init ] --END-- [ RunTime:0.000763s ]
INFO: [ app_begin ] --START--
INFO: Run Behavior\ReadHtmlCacheBehavior [ RunTime:0.000740s ]
INFO: [ app_begin ] --END-- [ RunTime:0.000920s ]
INFO: [ view_parse ] --START--
INFO: [ template_filter ] --START--
INFO: Run Behavior\ContentReplaceBehavior [ RunTime:0.000108s ]
INFO: [ template_filter ] --END-- [ RunTime:0.000265s ]
NOTIC: [8] Undefined index: userinfo /Applications/MAMP/htdocs/sast/Application/Runtime/Cache/Index/a4bbf827e05883590a75f7eeaad104ff.php 第 22 行.
NOTIC: [8] Use of undefined constant Math - assumed 'Math' /Applications/MAMP/htdocs/sast/Application/Runtime/Cache/Index/a4bbf827e05883590a75f7eeaad104ff.php 第 78 行.
NOTIC: [8] Array to string conversion /Applications/MAMP/htdocs/sast/Application/Runtime/Cache/Index/a4bbf827e05883590a75f7eeaad104ff.php 第 78 行.
NOTIC: [8] Use of undefined constant Math - assumed 'Math' /Applications/MAMP/htdocs/sast/Application/Runtime/Cache/Index/a4bbf827e05883590a75f7eeaad104ff.php 第 108 行.
NOTIC: [8] Array to string conversion /Applications/MAMP/htdocs/sast/Application/Runtime/Cache/Index/a4bbf827e05883590a75f7eeaad104ff.php 第 108 行.
INFO: Run Behavior\ParseTemplateBehavior [ RunTime:0.031123s ]
INFO: [ view_parse ] --END-- [ RunTime:0.031292s ]
INFO: [ view_filter ] --START--
INFO: Run Behavior\WriteHtmlCacheBehavior [ RunTime:0.000332s ]
INFO: [ view_filter ] --END-- [ RunTime:0.000498s ]
INFO: [ app_end ] --START--
INFO: Run Behavior\ShowPageTraceBehavior [ RunTime:0.009187s ]
INFO: [ app_end ] --END-- [ RunTime:0.010307s ]

[ 2016-06-25T01:45:36+08:00 ] 127.0.0.1 /Index/Login/getverify.html
INFO: [ app_init ] --START--
INFO: Run Behavior\BuildLiteBehavior [ RunTime:0.000043s ]
INFO: [ app_init ] --END-- [ RunTime:0.000207s ]
INFO: [ app_begin ] --START--
INFO: Run Behavior\ReadHtmlCacheBehavior [ RunTime:0.000826s ]
INFO: [ app_begin ] --END-- [ RunTime:0.000984s ]
NOTIC: [8] Use of undefined constant ture - assumed 'ture' /Applications/MAMP/htdocs/sast/Application/Common/Common/function.php 第 28 行.
INFO: [ app_end ] --START--
INFO: Run Behavior\ShowPageTraceBehavior [ RunTime:0.002227s ]
INFO: [ app_end ] --END-- [ RunTime:0.002415s ]

[ 2016-06-25T01:45:36+08:00 ] 127.0.0.1 /Index/Search/search
INFO: [ app_init ] --START--
INFO: Run Behavior\BuildLiteBehavior [ RunTime:0.000030s ]
INFO: [ app_init ] --END-- [ RunTime:0.000233s ]
INFO: [ app_begin ] --START--
INFO: Run Behavior\ReadHtmlCacheBehavior [ RunTime:0.004407s ]
INFO: [ app_begin ] --END-- [ RunTime:0.005293s ]
NOTIC: [8] Undefined index: field /Applications/MAMP/htdocs/sast/Application/Index/Controller/SearchController.class.php 第 11 行.
NOTIC: [8] Undefined variable: map /Applications/MAMP/htdocs/sast/Application/Index/Controller/SearchController.class.php 第 20 行.
SQL: SELECT * FROM `sast_work` ORDER BY work_id desc LIMIT 0,7   [ RunTime:0.0007s ]
NOTIC: [8] Undefined variable: map /Applications/MAMP/htdocs/sast/Application/Index/Controller/SearchController.class.php 第 21 行.
SQL: SELECT COUNT(*) AS tp_count FROM `sast_work` LIMIT 1   [ RunTime:0.0005s ]

[ 2016-06-25T01:46:05+08:00 ] 127.0.0.1 /Index/Index/index.html
INFO: [ app_init ] --START--
INFO: Run Behavior\BuildLiteBehavior [ RunTime:0.000060s ]
INFO: [ app_init ] --END-- [ RunTime:0.000421s ]
INFO: [ app_begin ] --START--
INFO: Run Behavior\ReadHtmlCacheBehavior [ RunTime:0.000673s ]
INFO: [ app_begin ] --END-- [ RunTime:0.000871s ]
NOTIC: [2] Missing argument 1 for Think\Model::where(), called in /Applications/MAMP/htdocs/sast/Application/Index/Controller/IndexController.class.php on line 11 and defined /Applications/MAMP/htdocs/sast/ThinkPHP/Library/Think/Model.class.php 第 1797 行.
NOTIC: [8] Undefined variable: where /Applications/MAMP/htdocs/sast/ThinkPHP/Library/Think/Model.class.php 第 1805 行.
NOTIC: [8] Undefined variable: where /Applications/MAMP/htdocs/sast/ThinkPHP/Library/Think/Model.class.php 第 1808 行.
NOTIC: [8] Undefined variable: where /Applications/MAMP/htdocs/sast/ThinkPHP/Library/Think/Model.class.php 第 1816 行.
SQL: SELECT `title`,`text` FROM `sast_news`  [ RunTime:0.0006s ]
INFO: [ view_parse ] --START--
INFO: [ template_filter ] --START--
INFO: Run Behavior\ContentReplaceBehavior [ RunTime:0.000361s ]
INFO: [ template_filter ] --END-- [ RunTime:0.000805s ]
NOTIC: [8] Undefined index: userinfo /Applications/MAMP/htdocs/sast/Application/Runtime/Cache/Index/5f343310d4a83e1c2f6d4e5a6181e90a.php 第 23 行.
NOTIC: [8] Use of undefined constant Math - assumed 'Math' /Applications/MAMP/htdocs/sast/Application/Runtime/Cache/Index/5f343310d4a83e1c2f6d4e5a6181e90a.php 第 79 行.
NOTIC: [8] Array to string conversion /Applications/MAMP/htdocs/sast/Application/Runtime/Cache/Index/5f343310d4a83e1c2f6d4e5a6181e90a.php 第 79 行.
NOTIC: [8] Use of undefined constant Math - assumed 'Math' /Applications/MAMP/htdocs/sast/Application/Runtime/Cache/Index/5f343310d4a83e1c2f6d4e5a6181e90a.php 第 109 行.
NOTIC: [8] Array to string conversion /Applications/MAMP/htdocs/sast/Application/Runtime/Cache/Index/5f343310d4a83e1c2f6d4e5a6181e90a.php 第 109 行.
INFO: Run Behavior\ParseTemplateBehavior [ RunTime:0.029112s ]
INFO: [ view_parse ] --END-- [ RunTime:0.029338s ]
INFO: [ view_filter ] --START--
INFO: Run Behavior\WriteHtmlCacheBehavior [ RunTime:0.000273s ]
INFO: [ view_filter ] --END-- [ RunTime:0.000394s ]
INFO: [ app_end ] --START--
INFO: Run Behavior\ShowPageTraceBehavior [ RunTime:0.001385s ]
INFO: [ app_end ] --END-- [ RunTime:0.001652s ]

[ 2016-06-25T01:46:05+08:00 ] 127.0.0.1 /Index/Login/getverify.html
INFO: [ app_init ] --START--
INFO: Run Behavior\BuildLiteBehavior [ RunTime:0.000046s ]
INFO: [ app_init ] --END-- [ RunTime:0.000248s ]
INFO: [ app_begin ] --START--
INFO: Run Behavior\ReadHtmlCacheBehavior [ RunTime:0.000768s ]
INFO: [ app_begin ] --END-- [ RunTime:0.000980s ]
NOTIC: [8] Use of undefined constant ture - assumed 'ture' /Applications/MAMP/htdocs/sast/Application/Common/Common/function.php 第 28 行.
INFO: [ app_end ] --START--
INFO: Run Behavior\ShowPageTraceBehavior [ RunTime:0.000888s ]
INFO: [ app_end ] --END-- [ RunTime:0.001066s ]

[ 2016-06-25T01:46:46+08:00 ] 127.0.0.1 /Index/Search/index.html
INFO: [ app_init ] --START--
INFO: Run Behavior\BuildLiteBehavior [ RunTime:0.000393s ]
INFO: [ app_init ] --END-- [ RunTime:0.001221s ]
INFO: [ app_begin ] --START--
INFO: Run Behavior\ReadHtmlCacheBehavior [ RunTime:0.001005s ]
INFO: [ app_begin ] --END-- [ RunTime:0.001322s ]
INFO: [ view_parse ] --START--
INFO: [ template_filter ] --START--
INFO: Run Behavior\ContentReplaceBehavior [ RunTime:0.000144s ]
INFO: [ template_filter ] --END-- [ RunTime:0.000297s ]
NOTIC: [8] Undefined index: userinfo /Applications/MAMP/htdocs/sast/Application/Runtime/Cache/Index/a4bbf827e05883590a75f7eeaad104ff.php 第 22 行.
NOTIC: [8] Use of undefined constant Math - assumed 'Math' /Applications/MAMP/htdocs/sast/Application/Runtime/Cache/Index/a4bbf827e05883590a75f7eeaad104ff.php 第 78 行.
NOTIC: [8] Array to string conversion /Applications/MAMP/htdocs/sast/Application/Runtime/Cache/Index/a4bbf827e05883590a75f7eeaad104ff.php 第 78 行.
NOTIC: [8] Use of undefined constant Math - assumed 'Math' /Applications/MAMP/htdocs/sast/Application/Runtime/Cache/Index/a4bbf827e05883590a75f7eeaad104ff.php 第 108 行.
NOTIC: [8] Array to string conversion /Applications/MAMP/htdocs/sast/Application/Runtime/Cache/Index/a4bbf827e05883590a75f7eeaad104ff.php 第 108 行.
INFO: Run Behavior\ParseTemplateBehavior [ RunTime:0.023151s ]
INFO: [ view_parse ] --END-- [ RunTime:0.023321s ]
INFO: [ view_filter ] --START--
INFO: Run Behavior\WriteHtmlCacheBehavior [ RunTime:0.000370s ]
INFO: [ view_filter ] --END-- [ RunTime:0.000491s ]
INFO: [ app_end ] --START--
INFO: Run Behavior\ShowPageTraceBehavior [ RunTime:0.001198s ]
INFO: [ app_end ] --END-- [ RunTime:0.001476s ]

[ 2016-06-25T01:46:46+08:00 ] 127.0.0.1 /Index/Login/getverify.html
INFO: [ app_init ] --START--
INFO: Run Behavior\BuildLiteBehavior [ RunTime:0.000043s ]
INFO: [ app_init ] --END-- [ RunTime:0.000250s ]
INFO: [ app_begin ] --START--
INFO: Run Behavior\ReadHtmlCacheBehavior [ RunTime:0.000583s ]
INFO: [ app_begin ] --END-- [ RunTime:0.000716s ]
NOTIC: [8] Use of undefined constant ture - assumed 'ture' /Applications/MAMP/htdocs/sast/Application/Common/Common/function.php 第 28 行.
INFO: [ app_end ] --START--
INFO: Run Behavior\ShowPageTraceBehavior [ RunTime:0.000901s ]
INFO: [ app_end ] --END-- [ RunTime:0.001538s ]

[ 2016-06-25T01:46:47+08:00 ] 127.0.0.1 /Index/Search/search
INFO: [ app_init ] --START--
INFO: Run Behavior\BuildLiteBehavior [ RunTime:0.000425s ]
INFO: [ app_init ] --END-- [ RunTime:0.001181s ]
INFO: [ app_begin ] --START--
INFO: Run Behavior\ReadHtmlCacheBehavior [ RunTime:0.001124s ]
INFO: [ app_begin ] --END-- [ RunTime:0.001302s ]
NOTIC: [8] Undefined index: field /Applications/MAMP/htdocs/sast/Application/Index/Controller/SearchController.class.php 第 11 行.
NOTIC: [8] Undefined variable: map /Applications/MAMP/htdocs/sast/Application/Index/Controller/SearchController.class.php 第 20 行.
SQL: SELECT * FROM `sast_work` ORDER BY work_id desc LIMIT 0,7   [ RunTime:0.0008s ]
NOTIC: [8] Undefined variable: map /Applications/MAMP/htdocs/sast/Application/Index/Controller/SearchController.class.php 第 21 行.
SQL: SELECT COUNT(*) AS tp_count FROM `sast_work` LIMIT 1   [ RunTime:0.0003s ]

[ 2016-06-25T14:04:52+08:00 ] 127.0.0.1 /
INFO: [ app_init ] --START--
INFO: Run Behavior\BuildLiteBehavior [ RunTime:0.000037s ]
INFO: [ app_init ] --END-- [ RunTime:0.000348s ]
INFO: [ app_begin ] --START--
INFO: Run Behavior\ReadHtmlCacheBehavior [ RunTime:0.001127s ]
INFO: [ app_begin ] --END-- [ RunTime:0.001325s ]
NOTIC: [2] Missing argument 1 for Think\Model::where(), called in /Applications/MAMP/htdocs/sast/Application/Index/Controller/IndexController.class.php on line 11 and defined /Applications/MAMP/htdocs/sast/ThinkPHP/Library/Think/Model.class.php 第 1797 行.
NOTIC: [8] Undefined variable: where /Applications/MAMP/htdocs/sast/ThinkPHP/Library/Think/Model.class.php 第 1805 行.
NOTIC: [8] Undefined variable: where /Applications/MAMP/htdocs/sast/ThinkPHP/Library/Think/Model.class.php 第 1808 行.
NOTIC: [8] Undefined variable: where /Applications/MAMP/htdocs/sast/ThinkPHP/Library/Think/Model.class.php 第 1816 行.
SQL: SELECT `title`,`text` FROM `sast_news`  [ RunTime:0.0035s ]
INFO: [ view_parse ] --START--
INFO: [ template_filter ] --START--
INFO: Run Behavior\ContentReplaceBehavior [ RunTime:0.000331s ]
INFO: [ template_filter ] --END-- [ RunTime:0.000828s ]
NOTIC: [8] Undefined index: userinfo /Applications/MAMP/htdocs/sast/Application/Runtime/Cache/Index/5f343310d4a83e1c2f6d4e5a6181e90a.php 第 23 行.
NOTIC: [8] Use of undefined constant Math - assumed 'Math' /Applications/MAMP/htdocs/sast/Application/Runtime/Cache/Index/5f343310d4a83e1c2f6d4e5a6181e90a.php 第 79 行.
NOTIC: [8] Array to string conversion /Applications/MAMP/htdocs/sast/Application/Runtime/Cache/Index/5f343310d4a83e1c2f6d4e5a6181e90a.php 第 79 行.
NOTIC: [8] Use of undefined constant Math - assumed 'Math' /Applications/MAMP/htdocs/sast/Application/Runtime/Cache/Index/5f343310d4a83e1c2f6d4e5a6181e90a.php 第 109 行.
NOTIC: [8] Array to string conversion /Applications/MAMP/htdocs/sast/Application/Runtime/Cache/Index/5f343310d4a83e1c2f6d4e5a6181e90a.php 第 109 行.
INFO: Run Behavior\ParseTemplateBehavior [ RunTime:0.071661s ]
INFO: [ view_parse ] --END-- [ RunTime:0.071876s ]
INFO: [ view_filter ] --START--
INFO: Run Behavior\WriteHtmlCacheBehavior [ RunTime:0.000794s ]
INFO: [ view_filter ] --END-- [ RunTime:0.000975s ]
INFO: [ app_end ] --START--
INFO: Run Behavior\ShowPageTraceBehavior [ RunTime:0.002041s ]
INFO: [ app_end ] --END-- [ RunTime:0.002251s ]

[ 2016-06-25T14:04:52+08:00 ] 127.0.0.1 /Index/Login/getverify.html
INFO: [ app_init ] --START--
INFO: Run Behavior\BuildLiteBehavior [ RunTime:0.000038s ]
INFO: [ app_init ] --END-- [ RunTime:0.000209s ]
INFO: [ app_begin ] --START--
INFO: Run Behavior\ReadHtmlCacheBehavior [ RunTime:0.000786s ]
INFO: [ app_begin ] --END-- [ RunTime:0.001029s ]
NOTIC: [8] Use of undefined constant ture - assumed 'ture' /Applications/MAMP/htdocs/sast/Application/Common/Common/function.php 第 28 行.
INFO: [ app_end ] --START--
INFO: Run Behavior\ShowPageTraceBehavior [ RunTime:0.001414s ]
INFO: [ app_end ] --END-- [ RunTime:0.001793s ]

[ 2016-06-25T14:05:07+08:00 ] 127.0.0.1 /Index/Search/index.html
INFO: [ app_init ] --START--
INFO: Run Behavior\BuildLiteBehavior [ RunTime:0.000052s ]
INFO: [ app_init ] --END-- [ RunTime:0.000331s ]
INFO: [ app_begin ] --START--
INFO: Run Behavior\ReadHtmlCacheBehavior [ RunTime:0.000646s ]
INFO: [ app_begin ] --END-- [ RunTime:0.000817s ]
INFO: [ view_parse ] --START--
INFO: [ template_filter ] --START--
INFO: Run Behavior\ContentReplaceBehavior [ RunTime:0.000120s ]
INFO: [ template_filter ] --END-- [ RunTime:0.000248s ]
NOTIC: [8] Undefined index: userinfo /Applications/MAMP/htdocs/sast/Application/Runtime/Cache/Index/a4bbf827e05883590a75f7eeaad104ff.php 第 22 行.
NOTIC: [8] Use of undefined constant Math - assumed 'Math' /Applications/MAMP/htdocs/sast/Application/Runtime/Cache/Index/a4bbf827e05883590a75f7eeaad104ff.php 第 78 行.
NOTIC: [8] Array to string conversion /Applications/MAMP/htdocs/sast/Application/Runtime/Cache/Index/a4bbf827e05883590a75f7eeaad104ff.php 第 78 行.
NOTIC: [8] Use of undefined constant Math - assumed 'Math' /Applications/MAMP/htdocs/sast/Application/Runtime/Cache/Index/a4bbf827e05883590a75f7eeaad104ff.php 第 108 行.
NOTIC: [8] Array to string conversion /Applications/MAMP/htdocs/sast/Application/Runtime/Cache/Index/a4bbf827e05883590a75f7eeaad104ff.php 第 108 行.
INFO: Run Behavior\ParseTemplateBehavior [ RunTime:0.019610s ]
INFO: [ view_parse ] --END-- [ RunTime:0.019747s ]
INFO: [ view_filter ] --START--
INFO: Run Behavior\WriteHtmlCacheBehavior [ RunTime:0.000279s ]
INFO: [ view_filter ] --END-- [ RunTime:0.000398s ]
INFO: [ app_end ] --START--
INFO: Run Behavior\ShowPageTraceBehavior [ RunTime:0.000970s ]
INFO: [ app_end ] --END-- [ RunTime:0.001182s ]

[ 2016-06-25T14:05:07+08:00 ] 127.0.0.1 /Index/Login/getverify.html
INFO: [ app_init ] --START--
INFO: Run Behavior\BuildLiteBehavior [ RunTime:0.000038s ]
INFO: [ app_init ] --END-- [ RunTime:0.000207s ]
INFO: [ app_begin ] --START--
INFO: Run Behavior\ReadHtmlCacheBehavior [ RunTime:0.002634s ]
INFO: [ app_begin ] --END-- [ RunTime:0.003068s ]
NOTIC: [8] Use of undefined constant ture - assumed 'ture' /Applications/MAMP/htdocs/sast/Application/Common/Common/function.php 第 28 行.
INFO: [ app_end ] --START--
INFO: Run Behavior\ShowPageTraceBehavior [ RunTime:0.001005s ]
INFO: [ app_end ] --END-- [ RunTime:0.001214s ]

[ 2016-06-25T14:05:07+08:00 ] 127.0.0.1 /Index/Search/search
INFO: [ app_init ] --START--
INFO: Run Behavior\BuildLiteBehavior [ RunTime:0.000027s ]
INFO: [ app_init ] --END-- [ RunTime:0.000488s ]
INFO: [ app_begin ] --START--
INFO: Run Behavior\ReadHtmlCacheBehavior [ RunTime:0.000802s ]
INFO: [ app_begin ] --END-- [ RunTime:0.000985s ]
NOTIC: [8] Undefined index: field /Applications/MAMP/htdocs/sast/Application/Index/Controller/SearchController.class.php 第 11 行.
NOTIC: [8] Undefined variable: map /Applications/MAMP/htdocs/sast/Application/Index/Controller/SearchController.class.php 第 20 行.
SQL: SELECT * FROM `sast_work` ORDER BY work_id desc LIMIT 0,7   [ RunTime:0.0035s ]
NOTIC: [8] Undefined variable: map /Applications/MAMP/htdocs/sast/Application/Index/Controller/SearchController.class.php 第 21 行.
SQL: SELECT COUNT(*) AS tp_count FROM `sast_work` LIMIT 1   [ RunTime:0.0015s ]

[ 2016-06-25T14:05:14+08:00 ] 127.0.0.1 /Index/Search/search
INFO: [ app_init ] --START--
INFO: Run Behavior\BuildLiteBehavior [ RunTime:0.000055s ]
INFO: [ app_init ] --END-- [ RunTime:0.000343s ]
INFO: [ app_begin ] --START--
INFO: Run Behavior\ReadHtmlCacheBehavior [ RunTime:0.000745s ]
INFO: [ app_begin ] --END-- [ RunTime:0.000901s ]
NOTIC: [8] Undefined index: field /Applications/MAMP/htdocs/sast/Application/Index/Controller/SearchController.class.php 第 11 行.
SQL: SELECT * FROM `sast_work` WHERE `title` LIKE '%若%' ORDER BY work_id desc LIMIT 0,7   [ RunTime:0.0067s ]
SQL: SELECT COUNT(*) AS tp_count FROM `sast_work` WHERE `title` LIKE '%若%' LIMIT 1   [ RunTime:0.0004s ]

[ 2016-06-25T14:05:16+08:00 ] 127.0.0.1 /Index/Search/search
INFO: [ app_init ] --START--
INFO: Run Behavior\BuildLiteBehavior [ RunTime:0.000027s ]
INFO: [ app_init ] --END-- [ RunTime:0.000148s ]
INFO: [ app_begin ] --START--
INFO: Run Behavior\ReadHtmlCacheBehavior [ RunTime:0.000507s ]
INFO: [ app_begin ] --END-- [ RunTime:0.000605s ]
NOTIC: [8] Undefined index: field /Applications/MAMP/htdocs/sast/Application/Index/Controller/SearchController.class.php 第 11 行.
SQL: SELECT * FROM `sast_work` WHERE `title` LIKE '%若%' ORDER BY work_id desc LIMIT 0,7   [ RunTime:0.0003s ]
SQL: SELECT COUNT(*) AS tp_count FROM `sast_work` WHERE `title` LIKE '%若%' LIMIT 1   [ RunTime:0.0003s ]

[ 2016-06-25T14:05:39+08:00 ] 127.0.0.1 /Index/Search/search
INFO: [ app_init ] --START--
INFO: Run Behavior\BuildLiteBehavior [ RunTime:0.000049s ]
INFO: [ app_init ] --END-- [ RunTime:0.000311s ]
INFO: [ app_begin ] --START--
INFO: Run Behavior\ReadHtmlCacheBehavior [ RunTime:0.001626s ]
INFO: [ app_begin ] --END-- [ RunTime:0.001951s ]
NOTIC: [8] Undefined index: field /Applications/MAMP/htdocs/sast/Application/Index/Controller/SearchController.class.php 第 11 行.
NOTIC: [8] Undefined variable: map /Applications/MAMP/htdocs/sast/Application/Index/Controller/SearchController.class.php 第 20 行.
SQL: SELECT * FROM `sast_work` ORDER BY work_id desc LIMIT 0,7   [ RunTime:0.0003s ]
NOTIC: [8] Undefined variable: map /Applications/MAMP/htdocs/sast/Application/Index/Controller/SearchController.class.php 第 21 行.
SQL: SELECT COUNT(*) AS tp_count FROM `sast_work` LIMIT 1   [ RunTime:0.0001s ]

[ 2016-06-25T14:05:42+08:00 ] 127.0.0.1 /Index/Search/search
INFO: [ app_init ] --START--
INFO: Run Behavior\BuildLiteBehavior [ RunTime:0.000026s ]
INFO: [ app_init ] --END-- [ RunTime:0.000150s ]
INFO: [ app_begin ] --START--
INFO: Run Behavior\ReadHtmlCacheBehavior [ RunTime:0.000548s ]
INFO: [ app_begin ] --END-- [ RunTime:0.000686s ]
NOTIC: [8] Undefined index: field /Applications/MAMP/htdocs/sast/Application/Index/Controller/SearchController.class.php 第 11 行.
NOTIC: [8] Undefined variable: map /Applications/MAMP/htdocs/sast/Application/Index/Controller/SearchController.class.php 第 20 行.
SQL: SELECT * FROM `sast_work` ORDER BY work_id desc LIMIT 7,7   [ RunTime:0.0012s ]
NOTIC: [8] Undefined variable: map /Applications/MAMP/htdocs/sast/Application/Index/Controller/SearchController.class.php 第 21 行.
SQL: SELECT COUNT(*) AS tp_count FROM `sast_work` LIMIT 1   [ RunTime:0.0008s ]

[ 2016-06-25T14:05:57+08:00 ] 127.0.0.1 /Index/Search/search
INFO: [ app_init ] --START--
INFO: Run Behavior\BuildLiteBehavior [ RunTime:0.000033s ]
INFO: [ app_init ] --END-- [ RunTime:0.000194s ]
INFO: [ app_begin ] --START--
INFO: Run Behavior\ReadHtmlCacheBehavior [ RunTime:0.001067s ]
INFO: [ app_begin ] --END-- [ RunTime:0.001324s ]
NOTIC: [8] Undefined index: field /Applications/MAMP/htdocs/sast/Application/Index/Controller/SearchController.class.php 第 11 行.
NOTIC: [8] Undefined variable: map /Applications/MAMP/htdocs/sast/Application/Index/Controller/SearchController.class.php 第 20 行.
SQL: SELECT * FROM `sast_work` ORDER BY work_id desc LIMIT 0,7   [ RunTime:0.0007s ]
NOTIC: [8] Undefined variable: map /Applications/MAMP/htdocs/sast/Application/Index/Controller/SearchController.class.php 第 21 行.
SQL: SELECT COUNT(*) AS tp_count FROM `sast_work` LIMIT 1   [ RunTime:0.0010s ]

[ 2016-06-25T15:42:24+08:00 ] 127.0.0.1 /Index/Search/search
INFO: [ app_init ] --START--
INFO: Run Behavior\BuildLiteBehavior [ RunTime:0.000142s ]
INFO: [ app_init ] --END-- [ RunTime:0.000439s ]
INFO: [ app_begin ] --START--
INFO: Run Behavior\ReadHtmlCacheBehavior [ RunTime:0.001345s ]
INFO: [ app_begin ] --END-- [ RunTime:0.001704s ]
NOTIC: [8] Undefined index: field /Applications/MAMP/htdocs/sast/Application/Index/Controller/SearchController.class.php 第 11 行.
NOTIC: [8] Undefined variable: map /Applications/MAMP/htdocs/sast/Application/Index/Controller/SearchController.class.php 第 20 行.
SQL: SELECT * FROM `sast_work` ORDER BY work_id desc LIMIT 0,7   [ RunTime:0.0008s ]
NOTIC: [8] Undefined variable: map /Applications/MAMP/htdocs/sast/Application/Index/Controller/SearchController.class.php 第 21 行.
SQL: SELECT COUNT(*) AS tp_count FROM `sast_work` LIMIT 1   [ RunTime:0.0002s ]

[ 2016-06-25T15:42:26+08:00 ] 127.0.0.1 /Index/Search/search
INFO: [ app_init ] --START--
INFO: Run Behavior\BuildLiteBehavior [ RunTime:0.000087s ]
INFO: [ app_init ] --END-- [ RunTime:0.000548s ]
INFO: [ app_begin ] --START--
INFO: Run Behavior\ReadHtmlCacheBehavior [ RunTime:0.000578s ]
INFO: [ app_begin ] --END-- [ RunTime:0.000794s ]
NOTIC: [8] Undefined index: field /Applications/MAMP/htdocs/sast/Application/Index/Controller/SearchController.class.php 第 11 行.
NOTIC: [8] Undefined variable: map /Applications/MAMP/htdocs/sast/Application/Index/Controller/SearchController.class.php 第 20 行.
SQL: SELECT * FROM `sast_work` ORDER BY work_id desc LIMIT 7,7   [ RunTime:0.0004s ]
NOTIC: [8] Undefined variable: map /Applications/MAMP/htdocs/sast/Application/Index/Controller/SearchController.class.php 第 21 行.
SQL: SELECT COUNT(*) AS tp_count FROM `sast_work` LIMIT 1   [ RunTime:0.0002s ]

[ 2016-06-25T15:42:27+08:00 ] 127.0.0.1 /Index/Search/search
INFO: [ app_init ] --START--
INFO: Run Behavior\BuildLiteBehavior [ RunTime:0.000024s ]
INFO: [ app_init ] --END-- [ RunTime:0.000142s ]
INFO: [ app_begin ] --START--
INFO: Run Behavior\ReadHtmlCacheBehavior [ RunTime:0.000529s ]
INFO: [ app_begin ] --END-- [ RunTime:0.000636s ]
NOTIC: [8] Undefined index: field /Applications/MAMP/htdocs/sast/Application/Index/Controller/SearchController.class.php 第 11 行.
NOTIC: [8] Undefined variable: map /Applications/MAMP/htdocs/sast/Application/Index/Controller/SearchController.class.php 第 20 行.
SQL: SELECT * FROM `sast_work` ORDER BY work_id desc LIMIT 0,7   [ RunTime:0.0004s ]
NOTIC: [8] Undefined variable: map /Applications/MAMP/htdocs/sast/Application/Index/Controller/SearchController.class.php 第 21 行.
SQL: SELECT COUNT(*) AS tp_count FROM `sast_work` LIMIT 1   [ RunTime:0.0007s ]

[ 2016-06-25T15:42:34+08:00 ] 127.0.0.1 /Index/Search/search
INFO: [ app_init ] --START--
INFO: Run Behavior\BuildLiteBehavior [ RunTime:0.000033s ]
INFO: [ app_init ] --END-- [ RunTime:0.000220s ]
INFO: [ app_begin ] --START--
INFO: Run Behavior\ReadHtmlCacheBehavior [ RunTime:0.000596s ]
INFO: [ app_begin ] --END-- [ RunTime:0.000713s ]
NOTIC: [8] Undefined index: field /Applications/MAMP/htdocs/sast/Application/Index/Controller/SearchController.class.php 第 11 行.
NOTIC: [8] Undefined variable: map /Applications/MAMP/htdocs/sast/Application/Index/Controller/SearchController.class.php 第 20 行.
SQL: SELECT * FROM `sast_work` ORDER BY work_id desc LIMIT 7,7   [ RunTime:0.0007s ]
NOTIC: [8] Undefined variable: map /Applications/MAMP/htdocs/sast/Application/Index/Controller/SearchController.class.php 第 21 行.
SQL: SELECT COUNT(*) AS tp_count FROM `sast_work` LIMIT 1   [ RunTime:0.0002s ]

[ 2016-06-25T15:42:36+08:00 ] 127.0.0.1 /Index/Search/search
INFO: [ app_init ] --START--
INFO: Run Behavior\BuildLiteBehavior [ RunTime:0.000036s ]
INFO: [ app_init ] --END-- [ RunTime:0.000246s ]
INFO: [ app_begin ] --START--
INFO: Run Behavior\ReadHtmlCacheBehavior [ RunTime:0.000866s ]
INFO: [ app_begin ] --END-- [ RunTime:0.001064s ]
NOTIC: [8] Undefined index: field /Applications/MAMP/htdocs/sast/Application/Index/Controller/SearchController.class.php 第 11 行.
NOTIC: [8] Undefined variable: map /Applications/MAMP/htdocs/sast/Application/Index/Controller/SearchController.class.php 第 20 行.
SQL: SELECT * FROM `sast_work` ORDER BY work_id desc LIMIT 0,7   [ RunTime:0.0008s ]
NOTIC: [8] Undefined variable: map /Applications/MAMP/htdocs/sast/Application/Index/Controller/SearchController.class.php 第 21 行.
SQL: SELECT COUNT(*) AS tp_count FROM `sast_work` LIMIT 1   [ RunTime:0.0004s ]

[ 2016-06-25T15:44:05+08:00 ] 127.0.0.1 /Public/css/bootstrap.css.map
INFO: [ app_init ] --START--
INFO: Run Behavior\BuildLiteBehavior [ RunTime:0.000032s ]
INFO: [ app_init ] --END-- [ RunTime:0.000198s ]
INFO: [ app_begin ] --START--
INFO: Run Behavior\ReadHtmlCacheBehavior [ RunTime:0.000888s ]
INFO: [ app_begin ] --END-- [ RunTime:0.001109s ]
ERR: 无法加载控制器:Public

[ 2016-06-25T15:44:14+08:00 ] 127.0.0.1 /Index/Search/index.html
INFO: [ app_init ] --START--
INFO: Run Behavior\BuildLiteBehavior [ RunTime:0.000051s ]
INFO: [ app_init ] --END-- [ RunTime:0.000320s ]
INFO: [ app_begin ] --START--
INFO: Run Behavior\ReadHtmlCacheBehavior [ RunTime:0.001506s ]
INFO: [ app_begin ] --END-- [ RunTime:0.001713s ]
INFO: [ view_parse ] --START--
INFO: [ template_filter ] --START--
INFO: Run Behavior\ContentReplaceBehavior [ RunTime:0.000197s ]
INFO: [ template_filter ] --END-- [ RunTime:0.000469s ]
NOTIC: [8] Undefined index: userinfo /Applications/MAMP/htdocs/sast/Application/Runtime/Cache/Index/a4bbf827e05883590a75f7eeaad104ff.php 第 22 行.
NOTIC: [8] Use of undefined constant Math - assumed 'Math' /Applications/MAMP/htdocs/sast/Application/Runtime/Cache/Index/a4bbf827e05883590a75f7eeaad104ff.php 第 78 行.
NOTIC: [8] Array to string conversion /Applications/MAMP/htdocs/sast/Application/Runtime/Cache/Index/a4bbf827e05883590a75f7eeaad104ff.php 第 78 行.
NOTIC: [8] Use of undefined constant Math - assumed 'Math' /Applications/MAMP/htdocs/sast/Application/Runtime/Cache/Index/a4bbf827e05883590a75f7eeaad104ff.php 第 108 行.
NOTIC: [8] Array to string conversion /Applications/MAMP/htdocs/sast/Application/Runtime/Cache/Index/a4bbf827e05883590a75f7eeaad104ff.php 第 108 行.
INFO: Run Behavior\ParseTemplateBehavior [ RunTime:0.028399s ]
INFO: [ view_parse ] --END-- [ RunTime:0.029302s ]
INFO: [ view_filter ] --START--
INFO: Run Behavior\WriteHtmlCacheBehavior [ RunTime:0.000346s ]
INFO: [ view_filter ] --END-- [ RunTime:0.000628s ]
INFO: [ app_end ] --START--
INFO: Run Behavior\ShowPageTraceBehavior [ RunTime:0.002520s ]
INFO: [ app_end ] --END-- [ RunTime:0.003099s ]

[ 2016-06-25T15:44:14+08:00 ] 127.0.0.1 /Index/Login/getverify.html
INFO: [ app_init ] --START--
INFO: Run Behavior\BuildLiteBehavior [ RunTime:0.000043s ]
INFO: [ app_init ] --END-- [ RunTime:0.000575s ]
INFO: [ app_begin ] --START--
INFO: Run Behavior\ReadHtmlCacheBehavior [ RunTime:0.005472s ]
INFO: [ app_begin ] --END-- [ RunTime:0.006024s ]
NOTIC: [8] Use of undefined constant ture - assumed 'ture' /Applications/MAMP/htdocs/sast/Application/Common/Common/function.php 第 28 行.
INFO: [ app_end ] --START--
INFO: Run Behavior\ShowPageTraceBehavior [ RunTime:0.000989s ]
INFO: [ app_end ] --END-- [ RunTime:0.001226s ]

[ 2016-06-25T15:44:14+08:00 ] 127.0.0.1 /Index/Search/search
INFO: [ app_init ] --START--
INFO: Run Behavior\BuildLiteBehavior [ RunTime:0.000076s ]
INFO: [ app_init ] --END-- [ RunTime:0.000437s ]
INFO: [ app_begin ] --START--
INFO: Run Behavior\ReadHtmlCacheBehavior [ RunTime:0.002088s ]
INFO: [ app_begin ] --END-- [ RunTime:0.002565s ]
NOTIC: [8] Undefined index: field /Applications/MAMP/htdocs/sast/Application/Index/Controller/SearchController.class.php 第 11 行.
NOTIC: [8] Undefined variable: map /Applications/MAMP/htdocs/sast/Application/Index/Controller/SearchController.class.php 第 20 行.
SQL: SELECT * FROM `sast_work` ORDER BY work_id desc LIMIT 0,7   [ RunTime:0.0005s ]
NOTIC: [8] Undefined variable: map /Applications/MAMP/htdocs/sast/Application/Index/Controller/SearchController.class.php 第 21 行.
SQL: SELECT COUNT(*) AS tp_count FROM `sast_work` LIMIT 1   [ RunTime:0.0005s ]

[ 2016-06-25T15:44:43+08:00 ] 127.0.0.1 /Public/css/bootstrap.css.map
INFO: [ app_init ] --START--
INFO: Run Behavior\BuildLiteBehavior [ RunTime:0.000034s ]
INFO: [ app_init ] --END-- [ RunTime:0.000213s ]
INFO: [ app_begin ] --START--
INFO: Run Behavior\ReadHtmlCacheBehavior [ RunTime:0.000855s ]
INFO: [ app_begin ] --END-- [ RunTime:0.001076s ]
ERR: 无法加载控制器:Public

[ 2016-06-25T15:47:07+08:00 ] 127.0.0.1 /Index/Search/index.html
INFO: [ app_init ] --START--
INFO: Run Behavior\BuildLiteBehavior [ RunTime:0.000042s ]
INFO: [ app_init ] --END-- [ RunTime:0.000268s ]
INFO: [ app_begin ] --START--
INFO: Run Behavior\ReadHtmlCacheBehavior [ RunTime:0.000760s ]
INFO: [ app_begin ] --END-- [ RunTime:0.000958s ]
INFO: [ view_parse ] --START--
INFO: [ template_filter ] --START--
INFO: Run Behavior\ContentReplaceBehavior [ RunTime:0.000897s ]
INFO: [ template_filter ] --END-- [ RunTime:0.002011s ]
NOTIC: [8] Undefined index: userinfo /Applications/MAMP/htdocs/sast/Application/Runtime/Cache/Index/a4bbf827e05883590a75f7eeaad104ff.php 第 22 行.
NOTIC: [8] Use of undefined constant Math - assumed 'Math' /Applications/MAMP/htdocs/sast/Application/Runtime/Cache/Index/a4bbf827e05883590a75f7eeaad104ff.php 第 78 行.
NOTIC: [8] Array to string conversion /Applications/MAMP/htdocs/sast/Application/Runtime/Cache/Index/a4bbf827e05883590a75f7eeaad104ff.php 第 78 行.
NOTIC: [8] Use of undefined constant Math - assumed 'Math' /Applications/MAMP/htdocs/sast/Application/Runtime/Cache/Index/a4bbf827e05883590a75f7eeaad104ff.php 第 108 行.
NOTIC: [8] Array to string conversion /Applications/MAMP/htdocs/sast/Application/Runtime/Cache/Index/a4bbf827e05883590a75f7eeaad104ff.php 第 108 行.
INFO: Run Behavior\ParseTemplateBehavior [ RunTime:0.033454s ]
INFO: [ view_parse ] --END-- [ RunTime:0.033666s ]
INFO: [ view_filter ] --START--
INFO: Run Behavior\WriteHtmlCacheBehavior [ RunTime:0.000339s ]
INFO: [ view_filter ] --END-- [ RunTime:0.000496s ]
INFO: [ app_end ] --START--
INFO: Run Behavior\ShowPageTraceBehavior [ RunTime:0.000920s ]
INFO: [ app_end ] --END-- [ RunTime:0.001120s ]

[ 2016-06-25T15:47:07+08:00 ] 127.0.0.1 /Index/Login/getverify.html
INFO: [ app_init ] --START--
INFO: Run Behavior\BuildLiteBehavior [ RunTime:0.000039s ]
INFO: [ app_init ] --END-- [ RunTime:0.000237s ]
INFO: [ app_begin ] --START--
INFO: Run Behavior\ReadHtmlCacheBehavior [ RunTime:0.000816s ]
INFO: [ app_begin ] --END-- [ RunTime:0.001094s ]
NOTIC: [8] Use of undefined constant ture - assumed 'ture' /Applications/MAMP/htdocs/sast/Application/Common/Common/function.php 第 28 行.
INFO: [ app_end ] --START--
INFO: Run Behavior\ShowPageTraceBehavior [ RunTime:0.002803s ]
INFO: [ app_end ] --END-- [ RunTime:0.003374s ]

[ 2016-06-25T15:47:07+08:00 ] 127.0.0.1 /Public/css/bootstrap.css.map
INFO: [ app_init ] --START--
INFO: Run Behavior\BuildLiteBehavior [ RunTime:0.000061s ]
INFO: [ app_init ] --END-- [ RunTime:0.000265s ]
INFO: [ app_begin ] --START--
INFO: Run Behavior\ReadHtmlCacheBehavior [ RunTime:0.006683s ]
INFO: [ app_begin ] --END-- [ RunTime:0.007111s ]
ERR: 无法加载控制器:Public

[ 2016-06-25T15:47:07+08:00 ] 127.0.0.1 /Index/Search/search
INFO: [ app_init ] --START--
INFO: Run Behavior\BuildLiteBehavior [ RunTime:0.000097s ]
INFO: [ app_init ] --END-- [ RunTime:0.000558s ]
INFO: [ app_begin ] --START--
INFO: Run Behavior\ReadHtmlCacheBehavior [ RunTime:0.001505s ]
INFO: [ app_begin ] --END-- [ RunTime:0.001992s ]
NOTIC: [8] Undefined index: field /Applications/MAMP/htdocs/sast/Application/Index/Controller/SearchController.class.php 第 11 行.
NOTIC: [8] Undefined variable: map /Applications/MAMP/htdocs/sast/Application/Index/Controller/SearchController.class.php 第 20 行.
SQL: SELECT * FROM `sast_work` ORDER BY work_id desc LIMIT 0,7   [ RunTime:0.0009s ]
NOTIC: [8] Undefined variable: map /Applications/MAMP/htdocs/sast/Application/Index/Controller/SearchController.class.php 第 21 行.
SQL: SELECT COUNT(*) AS tp_count FROM `sast_work` LIMIT 1   [ RunTime:0.0003s ]

